<?xml version="1.0" encoding="UTF-8"?>
<testsuite name="pp.rsmmm.domain.team.controller.TeamControllerTest" tests="1" skipped="0" failures="0" errors="0" timestamp="2023-12-11T14:28:00" hostname="upgrqnuui-MacBookAir.local" time="0.707">
  <properties/>
  <testcase name="팀 생성 - 성공" classname="pp.rsmmm.domain.team.controller.TeamControllerTest" time="0.707"/>
  <system-out><![CDATA[
  .   ____          _            __ _ _
 /\\ / ___'_ __ _ _(_)_ __  __ _ \ \ \ \
( ( )\___ | '_ | '_| | '_ \/ _` | \ \ \ \
 \\/  ___)| |_)| | | | | || (_| |  ) ) ) )
  '  |____| .__|_| |_|_| |_\__, | / / / /
 =========|_|==============|___/=/_/_/_/
 :: Spring Boot ::                (v3.1.1)

2023-12-11T23:27:56.424+09:00  INFO 66274 --- [    Test worker] p.r.d.t.controller.TeamControllerTest    : Starting TeamControllerTest using Java 17.0.9 with PID 66274 (started by upgrqnu in /Users/upgrqnu/Projects/kanban)
2023-12-11T23:27:56.425+09:00  INFO 66274 --- [    Test worker] p.r.d.t.controller.TeamControllerTest    : No active profile set, falling back to 1 default profile: "default"
2023-12-11T23:27:56.739+09:00  INFO 66274 --- [    Test worker] .s.d.r.c.RepositoryConfigurationDelegate : Bootstrapping Spring Data JPA repositories in DEFAULT mode.
2023-12-11T23:27:56.779+09:00  INFO 66274 --- [    Test worker] .s.d.r.c.RepositoryConfigurationDelegate : Finished Spring Data repository scanning in 36 ms. Found 6 JPA repository interfaces.
2023-12-11T23:27:57.132+09:00  INFO 66274 --- [    Test worker] o.hibernate.jpa.internal.util.LogHelper  : HHH000204: Processing PersistenceUnitInfo [name: default]
2023-12-11T23:27:57.162+09:00  INFO 66274 --- [    Test worker] org.hibernate.Version                    : HHH000412: Hibernate ORM core version 6.2.5.Final
2023-12-11T23:27:57.163+09:00  INFO 66274 --- [    Test worker] org.hibernate.cfg.Environment            : HHH000406: Using bytecode reflection optimizer
2023-12-11T23:27:57.224+09:00  INFO 66274 --- [    Test worker] o.h.b.i.BytecodeProviderInitiator        : HHH000021: Bytecode provider name : bytebuddy
2023-12-11T23:27:57.288+09:00  INFO 66274 --- [    Test worker] o.s.o.j.p.SpringPersistenceUnitInfo      : No LoadTimeWeaver setup: ignoring JPA class transformer
2023-12-11T23:27:57.296+09:00  INFO 66274 --- [    Test worker] com.zaxxer.hikari.HikariDataSource       : HikariPool-1 - Starting...
2023-12-11T23:27:57.385+09:00  INFO 66274 --- [    Test worker] com.zaxxer.hikari.pool.HikariPool        : HikariPool-1 - Added connection conn0: url=jdbc:h2:mem:kanban user=SA
2023-12-11T23:27:57.386+09:00  INFO 66274 --- [    Test worker] com.zaxxer.hikari.HikariDataSource       : HikariPool-1 - Start completed.
2023-12-11T23:27:57.520+09:00  INFO 66274 --- [    Test worker] o.h.b.i.BytecodeProviderInitiator        : HHH000021: Bytecode provider name : bytebuddy
2023-12-11T23:27:57.875+09:00  INFO 66274 --- [    Test worker] o.h.e.t.j.p.i.JtaPlatformInitiator       : HHH000490: Using JtaPlatform implementation: [org.hibernate.engine.transaction.jta.platform.internal.NoJtaPlatform]
2023-12-11T23:27:57.898+09:00 DEBUG 66274 --- [    Test worker] org.hibernate.SQL                        : create table member (member_id bigint generated by default as identity, created_at timestamp(6), updated_at timestamp(6), authority varchar(255) check (authority in ('ROLE_MEMBER','ROLE_ADMIN')), email varchar(100) not null, name varchar(255) not null, password varchar(255) not null, primary key (member_id))
Hibernate: create table member (member_id bigint generated by default as identity, created_at timestamp(6), updated_at timestamp(6), authority varchar(255) check (authority in ('ROLE_MEMBER','ROLE_ADMIN')), email varchar(100) not null, name varchar(255) not null, password varchar(255) not null, primary key (member_id))
2023-12-11T23:27:57.903+09:00 DEBUG 66274 --- [    Test worker] org.hibernate.SQL                        : create table progress (progress_id bigint generated by default as identity, created_at timestamp(6), updated_at timestamp(6), name varchar(255) not null, numbering integer not null, team_id bigint, primary key (progress_id))
Hibernate: create table progress (progress_id bigint generated by default as identity, created_at timestamp(6), updated_at timestamp(6), name varchar(255) not null, numbering integer not null, team_id bigint, primary key (progress_id))
2023-12-11T23:27:57.904+09:00 DEBUG 66274 --- [    Test worker] org.hibernate.SQL                        : create table refresh_token (id bigint generated by default as identity, member_name varchar(255), refresh_token varchar(255) not null, primary key (id))
Hibernate: create table refresh_token (id bigint generated by default as identity, member_name varchar(255), refresh_token varchar(255) not null, primary key (id))
2023-12-11T23:27:57.904+09:00 DEBUG 66274 --- [    Test worker] org.hibernate.SQL                        : create table team (team_id bigint generated by default as identity, created_at timestamp(6), updated_at timestamp(6), kanban varchar(255) not null, name varchar(255) not null, primary key (team_id))
Hibernate: create table team (team_id bigint generated by default as identity, created_at timestamp(6), updated_at timestamp(6), kanban varchar(255) not null, name varchar(255) not null, primary key (team_id))
2023-12-11T23:27:57.905+09:00 DEBUG 66274 --- [    Test worker] org.hibernate.SQL                        : create table team_setting (team_setting_id bigint generated by default as identity, created_at timestamp(6), updated_at timestamp(6), invite_status varchar(255) check (invite_status in ('INVITING','RECEIVED','ACCEPTED','REFUSED')), member_id bigint, team_id bigint, primary key (team_setting_id))
Hibernate: create table team_setting (team_setting_id bigint generated by default as identity, created_at timestamp(6), updated_at timestamp(6), invite_status varchar(255) check (invite_status in ('INVITING','RECEIVED','ACCEPTED','REFUSED')), member_id bigint, team_id bigint, primary key (team_setting_id))
2023-12-11T23:27:57.906+09:00 DEBUG 66274 --- [    Test worker] org.hibernate.SQL                        : create table ticket (ticket_id bigint generated by default as identity, created_at timestamp(6), updated_at timestamp(6), due_date timestamp(6), member_id bigint not null, numbering integer not null, person_hour float(53), tag varchar(255) not null, title varchar(255) not null, progress_id bigint, primary key (ticket_id))
Hibernate: create table ticket (ticket_id bigint generated by default as identity, created_at timestamp(6), updated_at timestamp(6), due_date timestamp(6), member_id bigint not null, numbering integer not null, person_hour float(53), tag varchar(255) not null, title varchar(255) not null, progress_id bigint, primary key (ticket_id))
2023-12-11T23:27:57.908+09:00 DEBUG 66274 --- [    Test worker] org.hibernate.SQL                        : alter table if exists member drop constraint if exists UK_9esvgikrmti1v7ci6v453imdc
Hibernate: alter table if exists member drop constraint if exists UK_9esvgikrmti1v7ci6v453imdc
2023-12-11T23:27:57.908+09:00 DEBUG 66274 --- [    Test worker] org.hibernate.SQL                        : alter table if exists member add constraint UK_9esvgikrmti1v7ci6v453imdc unique (name)
Hibernate: alter table if exists member add constraint UK_9esvgikrmti1v7ci6v453imdc unique (name)
2023-12-11T23:27:57.909+09:00 DEBUG 66274 --- [    Test worker] org.hibernate.SQL                        : alter table if exists refresh_token drop constraint if exists UK_mpvu2fmreqp9cqddttyfaym9v
Hibernate: alter table if exists refresh_token drop constraint if exists UK_mpvu2fmreqp9cqddttyfaym9v
2023-12-11T23:27:57.909+09:00 DEBUG 66274 --- [    Test worker] org.hibernate.SQL                        : alter table if exists refresh_token add constraint UK_mpvu2fmreqp9cqddttyfaym9v unique (refresh_token)
Hibernate: alter table if exists refresh_token add constraint UK_mpvu2fmreqp9cqddttyfaym9v unique (refresh_token)
2023-12-11T23:27:57.910+09:00 DEBUG 66274 --- [    Test worker] org.hibernate.SQL                        : alter table if exists team drop constraint if exists UK_g2l9qqsoeuynt4r5ofdt1x2td
Hibernate: alter table if exists team drop constraint if exists UK_g2l9qqsoeuynt4r5ofdt1x2td
2023-12-11T23:27:57.910+09:00 DEBUG 66274 --- [    Test worker] org.hibernate.SQL                        : alter table if exists team add constraint UK_g2l9qqsoeuynt4r5ofdt1x2td unique (name)
Hibernate: alter table if exists team add constraint UK_g2l9qqsoeuynt4r5ofdt1x2td unique (name)
2023-12-11T23:27:57.911+09:00 DEBUG 66274 --- [    Test worker] org.hibernate.SQL                        : alter table if exists progress add constraint FK9rdflrh05eu15ao9mldbr2eqg foreign key (team_id) references team
Hibernate: alter table if exists progress add constraint FK9rdflrh05eu15ao9mldbr2eqg foreign key (team_id) references team
2023-12-11T23:27:57.913+09:00 DEBUG 66274 --- [    Test worker] org.hibernate.SQL                        : alter table if exists team_setting add constraint FKt32yypbcl2vkfghbckat66bfb foreign key (member_id) references member
Hibernate: alter table if exists team_setting add constraint FKt32yypbcl2vkfghbckat66bfb foreign key (member_id) references member
2023-12-11T23:27:57.914+09:00 DEBUG 66274 --- [    Test worker] org.hibernate.SQL                        : alter table if exists team_setting add constraint FKma72ct0tv3cuvuw7tpe3qs2br foreign key (team_id) references team
Hibernate: alter table if exists team_setting add constraint FKma72ct0tv3cuvuw7tpe3qs2br foreign key (team_id) references team
2023-12-11T23:27:57.915+09:00 DEBUG 66274 --- [    Test worker] org.hibernate.SQL                        : alter table if exists ticket add constraint FK2vn168ig3a4crk8lfejvqueoi foreign key (progress_id) references progress
Hibernate: alter table if exists ticket add constraint FK2vn168ig3a4crk8lfejvqueoi foreign key (progress_id) references progress
2023-12-11T23:27:57.917+09:00  INFO 66274 --- [    Test worker] j.LocalContainerEntityManagerFactoryBean : Initialized JPA EntityManagerFactory for persistence unit 'default'
2023-12-11T23:27:58.206+09:00  WARN 66274 --- [    Test worker] JpaBaseConfiguration$JpaWebConfiguration : spring.jpa.open-in-view is enabled by default. Therefore, database queries may be performed during view rendering. Explicitly configure spring.jpa.open-in-view to disable this warning
2023-12-11T23:27:58.225+09:00  WARN 66274 --- [    Test worker] .s.s.UserDetailsServiceAutoConfiguration : 

Using generated security password: d8dd33e6-a49d-47b0-8fd5-2b43077293c8

This generated password is for development use only. Your security configuration must be updated before running your application in production.

2023-12-11T23:27:58.380+09:00  INFO 66274 --- [    Test worker] o.s.s.web.DefaultSecurityFilterChain     : Will secure any request with [org.springframework.security.web.session.DisableEncodeUrlFilter@602e7a9e, org.springframework.security.web.context.request.async.WebAsyncManagerIntegrationFilter@59f5a376, org.springframework.security.web.context.SecurityContextHolderFilter@2b826482, org.springframework.security.web.header.HeaderWriterFilter@2c8f7d6a, org.springframework.web.filter.CorsFilter@19c6e821, org.springframework.security.web.authentication.logout.LogoutFilter@80081d7, pp.rsmmm.global.config.jwt.TokenAuthenticationFilter@cce672c, org.springframework.security.web.savedrequest.RequestCacheAwareFilter@153c69bc, org.springframework.security.web.servletapi.SecurityContextHolderAwareRequestFilter@62d5617, org.springframework.security.web.authentication.AnonymousAuthenticationFilter@1dfd3635, org.springframework.security.web.session.SessionManagementFilter@60ae950f, org.springframework.security.web.access.ExceptionTranslationFilter@156d7556, org.springframework.security.web.access.intercept.AuthorizationFilter@5edce7da]
2023-12-11T23:27:58.493+09:00  INFO 66274 --- [    Test worker] o.s.b.a.h2.H2ConsoleAutoConfiguration    : H2 console available at '/h2-console'. Database available at 'jdbc:h2:mem:kanban'
2023-12-11T23:27:58.510+09:00  WARN 66274 --- [    Test worker] o.s.s.c.a.web.builders.WebSecurity       : You are asking Spring Security to ignore org.springframework.boot.autoconfigure.security.servlet.PathRequest$H2ConsoleRequestMatcher@60b8c05c. This is not recommended -- please use permitAll via HttpSecurity#authorizeHttpRequests instead.
2023-12-11T23:27:58.510+09:00  INFO 66274 --- [    Test worker] o.s.s.web.DefaultSecurityFilterChain     : Will not secure org.springframework.boot.autoconfigure.security.servlet.PathRequest$H2ConsoleRequestMatcher@60b8c05c
2023-12-11T23:27:58.532+09:00  INFO 66274 --- [    Test worker] o.s.b.t.m.w.SpringBootMockServletContext : Initializing Spring TestDispatcherServlet ''
2023-12-11T23:27:58.532+09:00  INFO 66274 --- [    Test worker] o.s.t.web.servlet.TestDispatcherServlet  : Initializing Servlet ''
2023-12-11T23:27:58.532+09:00  INFO 66274 --- [    Test worker] o.s.t.web.servlet.TestDispatcherServlet  : Completed initialization in 0 ms
2023-12-11T23:27:58.547+09:00  INFO 66274 --- [    Test worker] p.r.d.t.controller.TeamControllerTest    : Started TeamControllerTest in 2.262 seconds (process running for 2.743)
2023-12-11T23:27:59.517+09:00 DEBUG 66274 --- [    Test worker] org.hibernate.SQL                        : insert into member (authority,created_at,email,name,password,updated_at,member_id) values (?,?,?,?,?,?,default)
Hibernate: insert into member (authority,created_at,email,name,password,updated_at,member_id) values (?,?,?,?,?,?,default)
2023-12-11T23:27:59.525+09:00 DEBUG 66274 --- [    Test worker] org.hibernate.SQL                        : insert into team (created_at,kanban,name,updated_at,team_id) values (?,?,?,?,default)
Hibernate: insert into team (created_at,kanban,name,updated_at,team_id) values (?,?,?,?,default)
2023-12-11T23:27:59.526+09:00 DEBUG 66274 --- [    Test worker] org.hibernate.SQL                        : insert into team_setting (created_at,invite_status,member_id,team_id,updated_at,team_setting_id) values (?,?,?,?,?,default)
Hibernate: insert into team_setting (created_at,invite_status,member_id,team_id,updated_at,team_setting_id) values (?,?,?,?,?,default)
2023-12-11T23:27:59.527+09:00 DEBUG 66274 --- [    Test worker] org.hibernate.SQL                        : insert into member (authority,created_at,email,name,password,updated_at,member_id) values (?,?,?,?,?,?,default)
Hibernate: insert into member (authority,created_at,email,name,password,updated_at,member_id) values (?,?,?,?,?,?,default)
2023-12-11T23:27:59.527+09:00 DEBUG 66274 --- [    Test worker] org.hibernate.SQL                        : insert into team (created_at,kanban,name,updated_at,team_id) values (?,?,?,?,default)
Hibernate: insert into team (created_at,kanban,name,updated_at,team_id) values (?,?,?,?,default)
2023-12-11T23:27:59.528+09:00 DEBUG 66274 --- [    Test worker] org.hibernate.SQL                        : insert into team_setting (created_at,invite_status,member_id,team_id,updated_at,team_setting_id) values (?,?,?,?,?,default)
Hibernate: insert into team_setting (created_at,invite_status,member_id,team_id,updated_at,team_setting_id) values (?,?,?,?,?,default)
2023-12-11T23:27:59.528+09:00 DEBUG 66274 --- [    Test worker] org.hibernate.SQL                        : insert into member (authority,created_at,email,name,password,updated_at,member_id) values (?,?,?,?,?,?,default)
Hibernate: insert into member (authority,created_at,email,name,password,updated_at,member_id) values (?,?,?,?,?,?,default)
2023-12-11T23:27:59.529+09:00 DEBUG 66274 --- [    Test worker] org.hibernate.SQL                        : insert into team (created_at,kanban,name,updated_at,team_id) values (?,?,?,?,default)
Hibernate: insert into team (created_at,kanban,name,updated_at,team_id) values (?,?,?,?,default)
2023-12-11T23:27:59.529+09:00 DEBUG 66274 --- [    Test worker] org.hibernate.SQL                        : insert into team_setting (created_at,invite_status,member_id,team_id,updated_at,team_setting_id) values (?,?,?,?,?,default)
Hibernate: insert into team_setting (created_at,invite_status,member_id,team_id,updated_at,team_setting_id) values (?,?,?,?,?,default)
2023-12-11T23:27:59.530+09:00 DEBUG 66274 --- [    Test worker] org.hibernate.SQL                        : insert into member (authority,created_at,email,name,password,updated_at,member_id) values (?,?,?,?,?,?,default)
Hibernate: insert into member (authority,created_at,email,name,password,updated_at,member_id) values (?,?,?,?,?,?,default)
2023-12-11T23:27:59.530+09:00 DEBUG 66274 --- [    Test worker] org.hibernate.SQL                        : insert into team (created_at,kanban,name,updated_at,team_id) values (?,?,?,?,default)
Hibernate: insert into team (created_at,kanban,name,updated_at,team_id) values (?,?,?,?,default)
2023-12-11T23:27:59.531+09:00 DEBUG 66274 --- [    Test worker] org.hibernate.SQL                        : insert into team_setting (created_at,invite_status,member_id,team_id,updated_at,team_setting_id) values (?,?,?,?,?,default)
Hibernate: insert into team_setting (created_at,invite_status,member_id,team_id,updated_at,team_setting_id) values (?,?,?,?,?,default)
2023-12-11T23:27:59.531+09:00 DEBUG 66274 --- [    Test worker] org.hibernate.SQL                        : insert into team_setting (created_at,invite_status,member_id,team_id,updated_at,team_setting_id) values (?,?,?,?,?,default)
Hibernate: insert into team_setting (created_at,invite_status,member_id,team_id,updated_at,team_setting_id) values (?,?,?,?,?,default)
2023-12-11T23:27:59.532+09:00 DEBUG 66274 --- [    Test worker] org.hibernate.SQL                        : insert into member (authority,created_at,email,name,password,updated_at,member_id) values (?,?,?,?,?,?,default)
Hibernate: insert into member (authority,created_at,email,name,password,updated_at,member_id) values (?,?,?,?,?,?,default)
2023-12-11T23:27:59.532+09:00 DEBUG 66274 --- [    Test worker] org.hibernate.SQL                        : insert into team_setting (created_at,invite_status,member_id,team_id,updated_at,team_setting_id) values (?,?,?,?,?,default)
Hibernate: insert into team_setting (created_at,invite_status,member_id,team_id,updated_at,team_setting_id) values (?,?,?,?,?,default)
2023-12-11T23:27:59.533+09:00 DEBUG 66274 --- [    Test worker] org.hibernate.SQL                        : insert into member (authority,created_at,email,name,password,updated_at,member_id) values (?,?,?,?,?,?,default)
Hibernate: insert into member (authority,created_at,email,name,password,updated_at,member_id) values (?,?,?,?,?,?,default)
2023-12-11T23:27:59.534+09:00 DEBUG 66274 --- [    Test worker] org.hibernate.SQL                        : insert into team_setting (created_at,invite_status,member_id,team_id,updated_at,team_setting_id) values (?,?,?,?,?,default)
Hibernate: insert into team_setting (created_at,invite_status,member_id,team_id,updated_at,team_setting_id) values (?,?,?,?,?,default)
2023-12-11T23:27:59.534+09:00 DEBUG 66274 --- [    Test worker] org.hibernate.SQL                        : insert into member (authority,created_at,email,name,password,updated_at,member_id) values (?,?,?,?,?,?,default)
Hibernate: insert into member (authority,created_at,email,name,password,updated_at,member_id) values (?,?,?,?,?,?,default)
2023-12-11T23:27:59.535+09:00 DEBUG 66274 --- [    Test worker] org.hibernate.SQL                        : insert into team_setting (created_at,invite_status,member_id,team_id,updated_at,team_setting_id) values (?,?,?,?,?,default)
Hibernate: insert into team_setting (created_at,invite_status,member_id,team_id,updated_at,team_setting_id) values (?,?,?,?,?,default)
2023-12-11T23:27:59.536+09:00 DEBUG 66274 --- [    Test worker] org.hibernate.SQL                        : insert into member (authority,created_at,email,name,password,updated_at,member_id) values (?,?,?,?,?,?,default)
Hibernate: insert into member (authority,created_at,email,name,password,updated_at,member_id) values (?,?,?,?,?,?,default)
2023-12-11T23:27:59.536+09:00 DEBUG 66274 --- [    Test worker] org.hibernate.SQL                        : insert into team_setting (created_at,invite_status,member_id,team_id,updated_at,team_setting_id) values (?,?,?,?,?,default)
Hibernate: insert into team_setting (created_at,invite_status,member_id,team_id,updated_at,team_setting_id) values (?,?,?,?,?,default)
2023-12-11T23:27:59.537+09:00 DEBUG 66274 --- [    Test worker] org.hibernate.SQL                        : insert into team_setting (created_at,invite_status,member_id,team_id,updated_at,team_setting_id) values (?,?,?,?,?,default)
Hibernate: insert into team_setting (created_at,invite_status,member_id,team_id,updated_at,team_setting_id) values (?,?,?,?,?,default)
2023-12-11T23:27:59.537+09:00 DEBUG 66274 --- [    Test worker] org.hibernate.SQL                        : insert into member (authority,created_at,email,name,password,updated_at,member_id) values (?,?,?,?,?,?,default)
Hibernate: insert into member (authority,created_at,email,name,password,updated_at,member_id) values (?,?,?,?,?,?,default)
2023-12-11T23:27:59.538+09:00 DEBUG 66274 --- [    Test worker] org.hibernate.SQL                        : insert into team_setting (created_at,invite_status,member_id,team_id,updated_at,team_setting_id) values (?,?,?,?,?,default)
Hibernate: insert into team_setting (created_at,invite_status,member_id,team_id,updated_at,team_setting_id) values (?,?,?,?,?,default)
2023-12-11T23:27:59.538+09:00 DEBUG 66274 --- [    Test worker] org.hibernate.SQL                        : insert into team_setting (created_at,invite_status,member_id,team_id,updated_at,team_setting_id) values (?,?,?,?,?,default)
Hibernate: insert into team_setting (created_at,invite_status,member_id,team_id,updated_at,team_setting_id) values (?,?,?,?,?,default)
2023-12-11T23:27:59.539+09:00 DEBUG 66274 --- [    Test worker] org.hibernate.SQL                        : insert into member (authority,created_at,email,name,password,updated_at,member_id) values (?,?,?,?,?,?,default)
Hibernate: insert into member (authority,created_at,email,name,password,updated_at,member_id) values (?,?,?,?,?,?,default)
2023-12-11T23:27:59.540+09:00 DEBUG 66274 --- [    Test worker] org.hibernate.SQL                        : insert into team_setting (created_at,invite_status,member_id,team_id,updated_at,team_setting_id) values (?,?,?,?,?,default)
Hibernate: insert into team_setting (created_at,invite_status,member_id,team_id,updated_at,team_setting_id) values (?,?,?,?,?,default)
2023-12-11T23:27:59.541+09:00 DEBUG 66274 --- [    Test worker] org.hibernate.SQL                        : insert into member (authority,created_at,email,name,password,updated_at,member_id) values (?,?,?,?,?,?,default)
Hibernate: insert into member (authority,created_at,email,name,password,updated_at,member_id) values (?,?,?,?,?,?,default)
2023-12-11T23:27:59.542+09:00 DEBUG 66274 --- [    Test worker] org.hibernate.SQL                        : insert into team_setting (created_at,invite_status,member_id,team_id,updated_at,team_setting_id) values (?,?,?,?,?,default)
Hibernate: insert into team_setting (created_at,invite_status,member_id,team_id,updated_at,team_setting_id) values (?,?,?,?,?,default)
2023-12-11T23:27:59.542+09:00 DEBUG 66274 --- [    Test worker] org.hibernate.SQL                        : insert into member (authority,created_at,email,name,password,updated_at,member_id) values (?,?,?,?,?,?,default)
Hibernate: insert into member (authority,created_at,email,name,password,updated_at,member_id) values (?,?,?,?,?,?,default)
2023-12-11T23:27:59.543+09:00 DEBUG 66274 --- [    Test worker] org.hibernate.SQL                        : insert into team_setting (created_at,invite_status,member_id,team_id,updated_at,team_setting_id) values (?,?,?,?,?,default)
Hibernate: insert into team_setting (created_at,invite_status,member_id,team_id,updated_at,team_setting_id) values (?,?,?,?,?,default)
2023-12-11T23:27:59.554+09:00 DEBUG 66274 --- [    Test worker] org.hibernate.SQL                        : insert into progress (created_at,name,numbering,team_id,updated_at,progress_id) values (?,?,?,?,?,default)
Hibernate: insert into progress (created_at,name,numbering,team_id,updated_at,progress_id) values (?,?,?,?,?,default)
2023-12-11T23:27:59.555+09:00 DEBUG 66274 --- [    Test worker] org.hibernate.SQL                        : insert into progress (created_at,name,numbering,team_id,updated_at,progress_id) values (?,?,?,?,?,default)
Hibernate: insert into progress (created_at,name,numbering,team_id,updated_at,progress_id) values (?,?,?,?,?,default)
2023-12-11T23:27:59.561+09:00 DEBUG 66274 --- [    Test worker] org.hibernate.SQL                        : insert into ticket (created_at,due_date,member_id,numbering,person_hour,progress_id,tag,title,updated_at,ticket_id) values (?,?,?,?,?,?,?,?,?,default)
Hibernate: insert into ticket (created_at,due_date,member_id,numbering,person_hour,progress_id,tag,title,updated_at,ticket_id) values (?,?,?,?,?,?,?,?,?,default)
2023-12-11T23:27:59.562+09:00 DEBUG 66274 --- [    Test worker] org.hibernate.SQL                        : insert into ticket (created_at,due_date,member_id,numbering,person_hour,progress_id,tag,title,updated_at,ticket_id) values (?,?,?,?,?,?,?,?,?,default)
Hibernate: insert into ticket (created_at,due_date,member_id,numbering,person_hour,progress_id,tag,title,updated_at,ticket_id) values (?,?,?,?,?,?,?,?,?,default)
2023-12-11T23:27:59.563+09:00 DEBUG 66274 --- [    Test worker] org.hibernate.SQL                        : insert into ticket (created_at,due_date,member_id,numbering,person_hour,progress_id,tag,title,updated_at,ticket_id) values (?,?,?,?,?,?,?,?,?,default)
Hibernate: insert into ticket (created_at,due_date,member_id,numbering,person_hour,progress_id,tag,title,updated_at,ticket_id) values (?,?,?,?,?,?,?,?,?,default)
2023-12-11T23:27:59.563+09:00 DEBUG 66274 --- [    Test worker] org.hibernate.SQL                        : insert into ticket (created_at,due_date,member_id,numbering,person_hour,progress_id,tag,title,updated_at,ticket_id) values (?,?,?,?,?,?,?,?,?,default)
Hibernate: insert into ticket (created_at,due_date,member_id,numbering,person_hour,progress_id,tag,title,updated_at,ticket_id) values (?,?,?,?,?,?,?,?,?,default)
2023-12-11T23:27:59.564+09:00 DEBUG 66274 --- [    Test worker] org.hibernate.SQL                        : insert into ticket (created_at,due_date,member_id,numbering,person_hour,progress_id,tag,title,updated_at,ticket_id) values (?,?,?,?,?,?,?,?,?,default)
Hibernate: insert into ticket (created_at,due_date,member_id,numbering,person_hour,progress_id,tag,title,updated_at,ticket_id) values (?,?,?,?,?,?,?,?,?,default)
2023-12-11T23:28:00.177+09:00 DEBUG 66274 --- [    Test worker] org.hibernate.SQL                        : insert into member (authority,created_at,email,name,password,updated_at,member_id) values (?,?,?,?,?,?,default)
Hibernate: insert into member (authority,created_at,email,name,password,updated_at,member_id) values (?,?,?,?,?,?,default)
2023-12-11T23:28:00.177+09:00 DEBUG 66274 --- [    Test worker] org.hibernate.SQL                        : insert into member (authority,created_at,email,name,password,updated_at,member_id) values (?,?,?,?,?,?,default)
Hibernate: insert into member (authority,created_at,email,name,password,updated_at,member_id) values (?,?,?,?,?,?,default)
2023-12-11T23:28:00.178+09:00 DEBUG 66274 --- [    Test worker] org.hibernate.SQL                        : insert into member (authority,created_at,email,name,password,updated_at,member_id) values (?,?,?,?,?,?,default)
Hibernate: insert into member (authority,created_at,email,name,password,updated_at,member_id) values (?,?,?,?,?,?,default)
2023-12-11T23:28:00.178+09:00 DEBUG 66274 --- [    Test worker] org.hibernate.SQL                        : insert into member (authority,created_at,email,name,password,updated_at,member_id) values (?,?,?,?,?,?,default)
Hibernate: insert into member (authority,created_at,email,name,password,updated_at,member_id) values (?,?,?,?,?,?,default)
2023-12-11T23:28:00.179+09:00 DEBUG 66274 --- [    Test worker] org.hibernate.SQL                        : insert into member (authority,created_at,email,name,password,updated_at,member_id) values (?,?,?,?,?,?,default)
Hibernate: insert into member (authority,created_at,email,name,password,updated_at,member_id) values (?,?,?,?,?,?,default)
2023-12-11T23:28:00.179+09:00 DEBUG 66274 --- [    Test worker] org.hibernate.SQL                        : insert into member (authority,created_at,email,name,password,updated_at,member_id) values (?,?,?,?,?,?,default)
Hibernate: insert into member (authority,created_at,email,name,password,updated_at,member_id) values (?,?,?,?,?,?,default)
2023-12-11T23:28:00.180+09:00 DEBUG 66274 --- [    Test worker] org.hibernate.SQL                        : insert into member (authority,created_at,email,name,password,updated_at,member_id) values (?,?,?,?,?,?,default)
Hibernate: insert into member (authority,created_at,email,name,password,updated_at,member_id) values (?,?,?,?,?,?,default)
2023-12-11T23:28:00.180+09:00 DEBUG 66274 --- [    Test worker] org.hibernate.SQL                        : insert into member (authority,created_at,email,name,password,updated_at,member_id) values (?,?,?,?,?,?,default)
Hibernate: insert into member (authority,created_at,email,name,password,updated_at,member_id) values (?,?,?,?,?,?,default)
2023-12-11T23:28:00.555+09:00 DEBUG 66274 --- [    Test worker] org.hibernate.SQL                        : insert into member (authority,created_at,email,name,password,updated_at,member_id) values (?,?,?,?,?,?,default)
Hibernate: insert into member (authority,created_at,email,name,password,updated_at,member_id) values (?,?,?,?,?,?,default)
2023-12-11T23:28:00.631+09:00 DEBUG 66274 --- [    Test worker] org.hibernate.SQL                        : insert into member (authority,created_at,email,name,password,updated_at,member_id) values (?,?,?,?,?,?,default)
Hibernate: insert into member (authority,created_at,email,name,password,updated_at,member_id) values (?,?,?,?,?,?,default)
2023-12-11T23:28:00.708+09:00 DEBUG 66274 --- [    Test worker] org.hibernate.SQL                        : insert into member (authority,created_at,email,name,password,updated_at,member_id) values (?,?,?,?,?,?,default)
Hibernate: insert into member (authority,created_at,email,name,password,updated_at,member_id) values (?,?,?,?,?,?,default)
[member] : pp.rsmmm.domain.member.entity.Member@551fefe8
[Headers] ; [Authorization:"Bearer eyJhbGciOiJIUzI1NiJ9.eyJzdWIiOiJ0ZWFtTGVhZGVyIiwiZXhwIjoxNzAyMzA2NjgwLCJpYXQiOjE3MDIzMDQ4ODAsImF1dGhvcml0aWVzIjoiUk9MRV9NRU1CRVIiLCJuYW1lIjoidGVhbUxlYWRlciJ9.CPowqUCwMHgY97FvdCRJ3A_HPB2SI4Fz22gDIOBqz-E", Content-Type:"application/json"]
<teamCreateRequestDto>pp.rsmmm.domain.team.dto.TeamCreateRequestDto@204b1903
2023-12-11T23:28:00.762+09:00  INFO 66274 --- [    Test worker] p.rsmmm.global.config.jwt.TokenProvider  : 토큰 : eyJhbGciOiJIUzI1NiJ9.eyJzdWIiOiJ0ZWFtTGVhZGVyIiwiZXhwIjoxNzAyMzA2NjgwLCJpYXQiOjE3MDIzMDQ4ODAsImF1dGhvcml0aWVzIjoiUk9MRV9NRU1CRVIiLCJuYW1lIjoidGVhbUxlYWRlciJ9.CPowqUCwMHgY97FvdCRJ3A_HPB2SI4Fz22gDIOBqz-E
2023-12-11T23:28:00.835+09:00 DEBUG 66274 --- [    Test worker] org.hibernate.SQL                        : select t1_0.team_id from team t1_0 where t1_0.name=? fetch first ? rows only
Hibernate: select t1_0.team_id from team t1_0 where t1_0.name=? fetch first ? rows only
2023-12-11T23:28:00.837+09:00 DEBUG 66274 --- [    Test worker] org.hibernate.SQL                        : insert into team (created_at,kanban,name,updated_at,team_id) values (?,?,?,?,default)
Hibernate: insert into team (created_at,kanban,name,updated_at,team_id) values (?,?,?,?,default)
2023-12-11T23:28:00.849+09:00 DEBUG 66274 --- [    Test worker] org.hibernate.SQL                        : select m1_0.member_id,m1_0.authority,m1_0.created_at,m1_0.email,m1_0.name,m1_0.password,m1_0.updated_at from member m1_0 where m1_0.name=?
Hibernate: select m1_0.member_id,m1_0.authority,m1_0.created_at,m1_0.email,m1_0.name,m1_0.password,m1_0.updated_at from member m1_0 where m1_0.name=?
2023-12-11T23:28:00.853+09:00 DEBUG 66274 --- [    Test worker] org.hibernate.SQL                        : insert into team_setting (created_at,invite_status,member_id,team_id,updated_at,team_setting_id) values (?,?,?,?,?,default)
Hibernate: insert into team_setting (created_at,invite_status,member_id,team_id,updated_at,team_setting_id) values (?,?,?,?,?,default)

MockHttpServletRequest:
      HTTP Method = POST
      Request URI = /api/teams/create
       Parameters = {}
          Headers = [Content-Type:"application/json;charset=UTF-8", Authorization:"Bearer eyJhbGciOiJIUzI1NiJ9.eyJzdWIiOiJ0ZWFtTGVhZGVyIiwiZXhwIjoxNzAyMzA2NjgwLCJpYXQiOjE3MDIzMDQ4ODAsImF1dGhvcml0aWVzIjoiUk9MRV9NRU1CRVIiLCJuYW1lIjoidGVhbUxlYWRlciJ9.CPowqUCwMHgY97FvdCRJ3A_HPB2SI4Fz22gDIOBqz-E", Content-Length:"41"]
             Body = {"name":"testTeam","kanban":"testKanban"}
    Session Attrs = {}

Handler:
             Type = pp.rsmmm.domain.team.controller.TeamController
           Method = pp.rsmmm.domain.team.controller.TeamController#createTeam(TeamCreateRequestDto)

Async:
    Async started = false
     Async result = null

Resolved Exception:
             Type = null

ModelAndView:
        View name = null
             View = null
            Model = null

FlashMap:
       Attributes = null

MockHttpServletResponse:
           Status = 201
    Error message = null
          Headers = [Vary:"Origin", "Access-Control-Request-Method", "Access-Control-Request-Headers", Content-Type:"application/json", X-Content-Type-Options:"nosniff", X-XSS-Protection:"0", Cache-Control:"no-cache, no-store, max-age=0, must-revalidate", Pragma:"no-cache", Expires:"0"]
     Content type = application/json
             Body = {"status":201,"message":"팀 testTeam이 성공적으로 생성되었습니다."}
    Forwarded URL = null
   Redirected URL = null
          Cookies = []
2023-12-11T23:28:00.887+09:00 DEBUG 66274 --- [    Test worker] org.hibernate.SQL                        : select t1_0.team_id,t1_0.created_at,t1_0.kanban,t1_0.name,t1_0.updated_at from team t1_0 where t1_0.team_id=?
Hibernate: select t1_0.team_id,t1_0.created_at,t1_0.kanban,t1_0.name,t1_0.updated_at from team t1_0 where t1_0.team_id=?
team1
]]></system-out>
  <system-err><![CDATA[]]></system-err>
</testsuite>
