<?xml version="1.0" encoding="UTF-8"?>
<testsuite name="pp.rsmmm.domain.team.controller.TeamControllerTest" tests="1" skipped="0" failures="0" errors="0" timestamp="2023-12-22T11:02:22" hostname="upgrqnuui-MacBookAir.local" time="0.699">
  <properties/>
  <testcase name="팀원 초대에 수락 - 성공" classname="pp.rsmmm.domain.team.controller.TeamControllerTest" time="0.699"/>
  <system-out><![CDATA[
  .   ____          _            __ _ _
 /\\ / ___'_ __ _ _(_)_ __  __ _ \ \ \ \
( ( )\___ | '_ | '_| | '_ \/ _` | \ \ \ \
 \\/  ___)| |_)| | | | | || (_| |  ) ) ) )
  '  |____| .__|_| |_|_| |_\__, | / / / /
 =========|_|==============|___/=/_/_/_/
 :: Spring Boot ::                (v3.1.1)

2023-12-22T20:02:18.455+09:00  INFO 55821 --- [    Test worker] p.r.d.t.controller.TeamControllerTest    : Starting TeamControllerTest using Java 17.0.9 with PID 55821 (started by upgrqnu in /Users/upgrqnu/Projects/kanban)
2023-12-22T20:02:18.457+09:00  INFO 55821 --- [    Test worker] p.r.d.t.controller.TeamControllerTest    : No active profile set, falling back to 1 default profile: "default"
2023-12-22T20:02:18.782+09:00  INFO 55821 --- [    Test worker] .s.d.r.c.RepositoryConfigurationDelegate : Bootstrapping Spring Data JPA repositories in DEFAULT mode.
2023-12-22T20:02:18.818+09:00  INFO 55821 --- [    Test worker] .s.d.r.c.RepositoryConfigurationDelegate : Finished Spring Data repository scanning in 32 ms. Found 6 JPA repository interfaces.
2023-12-22T20:02:19.037+09:00  INFO 55821 --- [    Test worker] o.hibernate.jpa.internal.util.LogHelper  : HHH000204: Processing PersistenceUnitInfo [name: default]
2023-12-22T20:02:19.068+09:00  INFO 55821 --- [    Test worker] org.hibernate.Version                    : HHH000412: Hibernate ORM core version 6.2.5.Final
2023-12-22T20:02:19.069+09:00  INFO 55821 --- [    Test worker] org.hibernate.cfg.Environment            : HHH000406: Using bytecode reflection optimizer
2023-12-22T20:02:19.129+09:00  INFO 55821 --- [    Test worker] o.h.b.i.BytecodeProviderInitiator        : HHH000021: Bytecode provider name : bytebuddy
2023-12-22T20:02:19.204+09:00  INFO 55821 --- [    Test worker] o.s.o.j.p.SpringPersistenceUnitInfo      : No LoadTimeWeaver setup: ignoring JPA class transformer
2023-12-22T20:02:19.213+09:00  INFO 55821 --- [    Test worker] com.zaxxer.hikari.HikariDataSource       : HikariPool-1 - Starting...
2023-12-22T20:02:19.300+09:00  INFO 55821 --- [    Test worker] com.zaxxer.hikari.pool.HikariPool        : HikariPool-1 - Added connection conn0: url=jdbc:h2:mem:kanban user=SA
2023-12-22T20:02:19.300+09:00  INFO 55821 --- [    Test worker] com.zaxxer.hikari.HikariDataSource       : HikariPool-1 - Start completed.
2023-12-22T20:02:19.433+09:00  INFO 55821 --- [    Test worker] o.h.b.i.BytecodeProviderInitiator        : HHH000021: Bytecode provider name : bytebuddy
2023-12-22T20:02:19.791+09:00  INFO 55821 --- [    Test worker] o.h.e.t.j.p.i.JtaPlatformInitiator       : HHH000490: Using JtaPlatform implementation: [org.hibernate.engine.transaction.jta.platform.internal.NoJtaPlatform]
Hibernate: create table member (member_id bigint generated by default as identity, created_at timestamp(6), updated_at timestamp(6), authority varchar(255) check (authority in ('ROLE_MEMBER','ROLE_ADMIN')), email varchar(100) not null, name varchar(255) not null, password varchar(255) not null, primary key (member_id))
Hibernate: create table progress (progress_id bigint generated by default as identity, created_at timestamp(6), updated_at timestamp(6), name varchar(255) not null, numbering integer not null, team_id bigint, primary key (progress_id))
Hibernate: create table refresh_token (id bigint generated by default as identity, member_name varchar(255), refresh_token varchar(255) not null, primary key (id))
Hibernate: create table team (team_id bigint generated by default as identity, created_at timestamp(6), updated_at timestamp(6), kanban varchar(255) not null, name varchar(255) not null, primary key (team_id))
Hibernate: create table team_setting (team_setting_id bigint generated by default as identity, created_at timestamp(6), updated_at timestamp(6), invite_status varchar(255) check (invite_status in ('INVITING','RECEIVED','ACCEPTED','REFUSED')), member_id bigint, team_id bigint, primary key (team_setting_id))
Hibernate: create table ticket (ticket_id bigint generated by default as identity, created_at timestamp(6), updated_at timestamp(6), due_date timestamp(6), member_id bigint not null, numbering integer not null, person_hour float(53), tag varchar(255) not null, title varchar(255) not null, progress_id bigint, primary key (ticket_id))
Hibernate: alter table if exists member drop constraint if exists UK_9esvgikrmti1v7ci6v453imdc
Hibernate: alter table if exists member add constraint UK_9esvgikrmti1v7ci6v453imdc unique (name)
Hibernate: alter table if exists refresh_token drop constraint if exists UK_mpvu2fmreqp9cqddttyfaym9v
Hibernate: alter table if exists refresh_token add constraint UK_mpvu2fmreqp9cqddttyfaym9v unique (refresh_token)
Hibernate: alter table if exists team drop constraint if exists UK_g2l9qqsoeuynt4r5ofdt1x2td
Hibernate: alter table if exists team add constraint UK_g2l9qqsoeuynt4r5ofdt1x2td unique (name)
Hibernate: alter table if exists progress add constraint FK9rdflrh05eu15ao9mldbr2eqg foreign key (team_id) references team
Hibernate: alter table if exists team_setting add constraint FKt32yypbcl2vkfghbckat66bfb foreign key (member_id) references member
Hibernate: alter table if exists team_setting add constraint FKma72ct0tv3cuvuw7tpe3qs2br foreign key (team_id) references team
Hibernate: alter table if exists ticket add constraint FK2vn168ig3a4crk8lfejvqueoi foreign key (progress_id) references progress
2023-12-22T20:02:19.830+09:00  INFO 55821 --- [    Test worker] j.LocalContainerEntityManagerFactoryBean : Initialized JPA EntityManagerFactory for persistence unit 'default'
2023-12-22T20:02:20.167+09:00  WARN 55821 --- [    Test worker] JpaBaseConfiguration$JpaWebConfiguration : spring.jpa.open-in-view is enabled by default. Therefore, database queries may be performed during view rendering. Explicitly configure spring.jpa.open-in-view to disable this warning
2023-12-22T20:02:20.183+09:00  WARN 55821 --- [    Test worker] .s.s.UserDetailsServiceAutoConfiguration : 

Using generated security password: 4ad7fc99-26e7-4ef5-91da-06386b2e9e30

This generated password is for development use only. Your security configuration must be updated before running your application in production.

2023-12-22T20:02:20.343+09:00  INFO 55821 --- [    Test worker] o.s.s.web.DefaultSecurityFilterChain     : Will secure any request with [org.springframework.security.web.session.DisableEncodeUrlFilter@c0b10ae, org.springframework.security.web.context.request.async.WebAsyncManagerIntegrationFilter@3c3a767, org.springframework.security.web.context.SecurityContextHolderFilter@489989eb, org.springframework.security.web.header.HeaderWriterFilter@2981064d, org.springframework.web.filter.CorsFilter@698394bf, org.springframework.security.web.authentication.logout.LogoutFilter@58ca1cad, pp.rsmmm.global.config.jwt.TokenAuthenticationFilter@69c263f8, org.springframework.security.web.savedrequest.RequestCacheAwareFilter@1e6cd1c, org.springframework.security.web.servletapi.SecurityContextHolderAwareRequestFilter@7e9d171c, org.springframework.security.web.authentication.AnonymousAuthenticationFilter@31887330, org.springframework.security.web.session.SessionManagementFilter@702ab027, org.springframework.security.web.access.ExceptionTranslationFilter@64b0ec4a, org.springframework.security.web.access.intercept.AuthorizationFilter@7a0eb939]
2023-12-22T20:02:20.457+09:00  INFO 55821 --- [    Test worker] o.s.b.a.h2.H2ConsoleAutoConfiguration    : H2 console available at '/h2-console'. Database available at 'jdbc:h2:mem:kanban'
2023-12-22T20:02:20.473+09:00  WARN 55821 --- [    Test worker] o.s.s.c.a.web.builders.WebSecurity       : You are asking Spring Security to ignore org.springframework.boot.autoconfigure.security.servlet.PathRequest$H2ConsoleRequestMatcher@7e2c8622. This is not recommended -- please use permitAll via HttpSecurity#authorizeHttpRequests instead.
2023-12-22T20:02:20.474+09:00  INFO 55821 --- [    Test worker] o.s.s.web.DefaultSecurityFilterChain     : Will not secure org.springframework.boot.autoconfigure.security.servlet.PathRequest$H2ConsoleRequestMatcher@7e2c8622
2023-12-22T20:02:20.498+09:00  INFO 55821 --- [    Test worker] o.s.b.t.m.w.SpringBootMockServletContext : Initializing Spring TestDispatcherServlet ''
2023-12-22T20:02:20.498+09:00  INFO 55821 --- [    Test worker] o.s.t.web.servlet.TestDispatcherServlet  : Initializing Servlet ''
2023-12-22T20:02:20.499+09:00  INFO 55821 --- [    Test worker] o.s.t.web.servlet.TestDispatcherServlet  : Completed initialization in 1 ms
2023-12-22T20:02:20.516+09:00  INFO 55821 --- [    Test worker] p.r.d.t.controller.TeamControllerTest    : Started TeamControllerTest in 2.198 seconds (process running for 2.794)
Hibernate: insert into member (authority,created_at,email,name,password,updated_at,member_id) values (?,?,?,?,?,?,default)
Hibernate: insert into team (created_at,kanban,name,updated_at,team_id) values (?,?,?,?,default)
Hibernate: insert into team_setting (created_at,invite_status,member_id,team_id,updated_at,team_setting_id) values (?,?,?,?,?,default)
Hibernate: insert into member (authority,created_at,email,name,password,updated_at,member_id) values (?,?,?,?,?,?,default)
Hibernate: insert into team (created_at,kanban,name,updated_at,team_id) values (?,?,?,?,default)
Hibernate: insert into team_setting (created_at,invite_status,member_id,team_id,updated_at,team_setting_id) values (?,?,?,?,?,default)
Hibernate: insert into member (authority,created_at,email,name,password,updated_at,member_id) values (?,?,?,?,?,?,default)
Hibernate: insert into team (created_at,kanban,name,updated_at,team_id) values (?,?,?,?,default)
Hibernate: insert into team_setting (created_at,invite_status,member_id,team_id,updated_at,team_setting_id) values (?,?,?,?,?,default)
Hibernate: insert into member (authority,created_at,email,name,password,updated_at,member_id) values (?,?,?,?,?,?,default)
Hibernate: insert into team (created_at,kanban,name,updated_at,team_id) values (?,?,?,?,default)
Hibernate: insert into team_setting (created_at,invite_status,member_id,team_id,updated_at,team_setting_id) values (?,?,?,?,?,default)
Hibernate: insert into team_setting (created_at,invite_status,member_id,team_id,updated_at,team_setting_id) values (?,?,?,?,?,default)
Hibernate: insert into member (authority,created_at,email,name,password,updated_at,member_id) values (?,?,?,?,?,?,default)
Hibernate: insert into team_setting (created_at,invite_status,member_id,team_id,updated_at,team_setting_id) values (?,?,?,?,?,default)
Hibernate: insert into member (authority,created_at,email,name,password,updated_at,member_id) values (?,?,?,?,?,?,default)
Hibernate: insert into team_setting (created_at,invite_status,member_id,team_id,updated_at,team_setting_id) values (?,?,?,?,?,default)
Hibernate: insert into member (authority,created_at,email,name,password,updated_at,member_id) values (?,?,?,?,?,?,default)
Hibernate: insert into team_setting (created_at,invite_status,member_id,team_id,updated_at,team_setting_id) values (?,?,?,?,?,default)
Hibernate: insert into member (authority,created_at,email,name,password,updated_at,member_id) values (?,?,?,?,?,?,default)
Hibernate: insert into team_setting (created_at,invite_status,member_id,team_id,updated_at,team_setting_id) values (?,?,?,?,?,default)
Hibernate: insert into team_setting (created_at,invite_status,member_id,team_id,updated_at,team_setting_id) values (?,?,?,?,?,default)
Hibernate: insert into member (authority,created_at,email,name,password,updated_at,member_id) values (?,?,?,?,?,?,default)
Hibernate: insert into team_setting (created_at,invite_status,member_id,team_id,updated_at,team_setting_id) values (?,?,?,?,?,default)
Hibernate: insert into team_setting (created_at,invite_status,member_id,team_id,updated_at,team_setting_id) values (?,?,?,?,?,default)
Hibernate: insert into member (authority,created_at,email,name,password,updated_at,member_id) values (?,?,?,?,?,?,default)
Hibernate: insert into team_setting (created_at,invite_status,member_id,team_id,updated_at,team_setting_id) values (?,?,?,?,?,default)
Hibernate: insert into member (authority,created_at,email,name,password,updated_at,member_id) values (?,?,?,?,?,?,default)
Hibernate: insert into team_setting (created_at,invite_status,member_id,team_id,updated_at,team_setting_id) values (?,?,?,?,?,default)
Hibernate: insert into member (authority,created_at,email,name,password,updated_at,member_id) values (?,?,?,?,?,?,default)
Hibernate: insert into team_setting (created_at,invite_status,member_id,team_id,updated_at,team_setting_id) values (?,?,?,?,?,default)
Hibernate: insert into progress (created_at,name,numbering,team_id,updated_at,progress_id) values (?,?,?,?,?,default)
Hibernate: insert into progress (created_at,name,numbering,team_id,updated_at,progress_id) values (?,?,?,?,?,default)
Hibernate: insert into ticket (created_at,due_date,member_id,numbering,person_hour,progress_id,tag,title,updated_at,ticket_id) values (?,?,?,?,?,?,?,?,?,default)
Hibernate: insert into ticket (created_at,due_date,member_id,numbering,person_hour,progress_id,tag,title,updated_at,ticket_id) values (?,?,?,?,?,?,?,?,?,default)
Hibernate: insert into ticket (created_at,due_date,member_id,numbering,person_hour,progress_id,tag,title,updated_at,ticket_id) values (?,?,?,?,?,?,?,?,?,default)
Hibernate: insert into ticket (created_at,due_date,member_id,numbering,person_hour,progress_id,tag,title,updated_at,ticket_id) values (?,?,?,?,?,?,?,?,?,default)
Hibernate: insert into ticket (created_at,due_date,member_id,numbering,person_hour,progress_id,tag,title,updated_at,ticket_id) values (?,?,?,?,?,?,?,?,?,default)
Hibernate: insert into member (authority,created_at,email,name,password,updated_at,member_id) values (?,?,?,?,?,?,default)
Hibernate: insert into member (authority,created_at,email,name,password,updated_at,member_id) values (?,?,?,?,?,?,default)
Hibernate: insert into member (authority,created_at,email,name,password,updated_at,member_id) values (?,?,?,?,?,?,default)
Hibernate: insert into member (authority,created_at,email,name,password,updated_at,member_id) values (?,?,?,?,?,?,default)
Hibernate: insert into member (authority,created_at,email,name,password,updated_at,member_id) values (?,?,?,?,?,?,default)
Hibernate: insert into member (authority,created_at,email,name,password,updated_at,member_id) values (?,?,?,?,?,?,default)
Hibernate: insert into member (authority,created_at,email,name,password,updated_at,member_id) values (?,?,?,?,?,?,default)
Hibernate: insert into member (authority,created_at,email,name,password,updated_at,member_id) values (?,?,?,?,?,?,default)
Hibernate: insert into member (authority,created_at,email,name,password,updated_at,member_id) values (?,?,?,?,?,?,default)
Hibernate: insert into member (authority,created_at,email,name,password,updated_at,member_id) values (?,?,?,?,?,?,default)
Hibernate: insert into member (authority,created_at,email,name,password,updated_at,member_id) values (?,?,?,?,?,?,default)
2023-12-22T20:02:22.716+09:00  INFO 55821 --- [    Test worker] p.r.d.t.controller.TeamControllerTest    : teamLeader id : 21 / teamMate id : 22 / notTeamMember : 23
2023-12-22T20:02:22.716+09:00  INFO 55821 --- [    Test worker] p.r.d.t.controller.TeamControllerTest    : [member : teamLeader
2023-12-22T20:02:22.741+09:00  INFO 55821 --- [    Test worker] p.r.d.t.controller.TeamControllerTest    : [Headers] ; [Authorization:"Bearer eyJhbGciOiJIUzI1NiJ9.eyJzdWIiOiJ0ZWFtTGVhZGVyIiwiZXhwIjoxNzAzMjQ0NzQyLCJpYXQiOjE3MDMyNDI5NDIsImF1dGhvcml0aWVzIjoiUk9MRV9NRU1CRVIiLCJuYW1lIjoidGVhbUxlYWRlciJ9.xlLn2_oZMPGIUFzUEF5_ClqSW84VmVgh9OkyvF-QvFQ", Content-Type:"application/json"]
2023-12-22T20:02:22.741+09:00  INFO 55821 --- [    Test worker] p.r.d.t.controller.TeamControllerTest    : [ token : eyJhbGciOiJIUzI1NiJ9.eyJzdWIiOiJ0ZWFtTGVhZGVyIiwiZXhwIjoxNzAzMjQ0NzQyLCJpYXQiOjE3MDMyNDI5NDIsImF1dGhvcml0aWVzIjoiUk9MRV9NRU1CRVIiLCJuYW1lIjoidGVhbUxlYWRlciJ9.xlLn2_oZMPGIUFzUEF5_ClqSW84VmVgh9OkyvF-QvFQ ]
Hibernate: insert into team (created_at,kanban,name,updated_at,team_id) values (?,?,?,?,default)
Hibernate: insert into team_setting (created_at,invite_status,member_id,team_id,updated_at,team_setting_id) values (?,?,?,?,?,default)
2023-12-22T20:02:22.747+09:00  INFO 55821 --- [    Test worker] p.r.d.t.controller.TeamControllerTest    : [ teamSetting Id : 16 / teamLeader의 상태 : INVITING ]
2023-12-22T20:02:22.747+09:00  INFO 55821 --- [    Test worker] p.rsmmm.global.config.jwt.TokenProvider  : 사용자 인증에 필요한 토큰이 없거나 제대로 된 형태가 아닙니다.
2023-12-22T20:02:22.747+09:00  INFO 55821 --- [    Test worker] p.r.d.t.controller.TeamControllerTest    : [ 멤버 이름 : null ]
Hibernate: select t1_0.team_setting_id,t1_0.created_at,t1_0.invite_status,t1_0.member_id,t1_0.team_id,t1_0.updated_at from team_setting t1_0 left join member m1_0 on m1_0.member_id=t1_0.member_id where m1_0.name is null
Hibernate: select m1_0.member_id,m1_0.authority,m1_0.created_at,m1_0.email,m1_0.name,m1_0.password,m1_0.updated_at from member m1_0 where m1_0.name=?
Hibernate: insert into team_setting (created_at,invite_status,member_id,team_id,updated_at,team_setting_id) values (?,?,?,?,?,default)
2023-12-22T20:02:22.820+09:00  INFO 55821 --- [    Test worker] p.r.d.t.controller.TeamControllerTest    : [ teamSetting Id : 17 / teamMate의 상태 : RECEIVED ]
2023-12-22T20:02:22.820+09:00  INFO 55821 --- [    Test worker] p.r.d.t.controller.TeamControllerTest    : [member : teamMate
2023-12-22T20:02:22.821+09:00  INFO 55821 --- [    Test worker] p.r.d.t.controller.TeamControllerTest    : [Headers] ; [Authorization:"Bearer eyJhbGciOiJIUzI1NiJ9.eyJzdWIiOiJ0ZWFtTWF0ZSIsImV4cCI6MTcwMzI0NDc0MiwiaWF0IjoxNzAzMjQyOTQyLCJhdXRob3JpdGllcyI6IlJPTEVfTUVNQkVSIiwibmFtZSI6InRlYW1NYXRlIn0.Z_kRBuxWdQGX0xUDSDP7HF5TVRCVgoQkavFFOGxgVCY", Content-Type:"application/json"]
2023-12-22T20:02:22.844+09:00  INFO 55821 --- [    Test worker] p.rsmmm.global.config.jwt.TokenProvider  : 토큰 : eyJhbGciOiJIUzI1NiJ9.eyJzdWIiOiJ0ZWFtTWF0ZSIsImV4cCI6MTcwMzI0NDc0MiwiaWF0IjoxNzAzMjQyOTQyLCJhdXRob3JpdGllcyI6IlJPTEVfTUVNQkVSIiwibmFtZSI6InRlYW1NYXRlIn0.Z_kRBuxWdQGX0xUDSDP7HF5TVRCVgoQkavFFOGxgVCY
Hibernate: select t1_0.team_setting_id,t1_0.created_at,t1_0.invite_status,t1_0.member_id,t1_0.team_id,t1_0.updated_at from team_setting t1_0 where t1_0.team_id=?
Hibernate: select m1_0.member_id,m1_0.authority,m1_0.created_at,m1_0.email,m1_0.name,m1_0.password,m1_0.updated_at from member m1_0 where m1_0.name=?

MockHttpServletRequest:
      HTTP Method = POST
      Request URI = /api/teams/5/invitation/22
       Parameters = {accept=[true]}
          Headers = [Authorization:"Bearer eyJhbGciOiJIUzI1NiJ9.eyJzdWIiOiJ0ZWFtTWF0ZSIsImV4cCI6MTcwMzI0NDc0MiwiaWF0IjoxNzAzMjQyOTQyLCJhdXRob3JpdGllcyI6IlJPTEVfTUVNQkVSIiwibmFtZSI6InRlYW1NYXRlIn0.Z_kRBuxWdQGX0xUDSDP7HF5TVRCVgoQkavFFOGxgVCY", Content-Type:"application/json;charset=UTF-8"]
             Body = null
    Session Attrs = {}

Handler:
             Type = pp.rsmmm.domain.team.controller.TeamController
           Method = pp.rsmmm.domain.team.controller.TeamController#respondToInvitation(Long, Long, boolean)

Async:
    Async started = false
     Async result = null

Resolved Exception:
             Type = null

ModelAndView:
        View name = null
             View = null
            Model = null

FlashMap:
       Attributes = null

MockHttpServletResponse:
           Status = 200
    Error message = null
          Headers = [Vary:"Origin", "Access-Control-Request-Method", "Access-Control-Request-Headers", Content-Type:"text/plain;charset=UTF-8", Content-Length:"39", X-Content-Type-Options:"nosniff", X-XSS-Protection:"0", Cache-Control:"no-cache, no-store, max-age=0, must-revalidate", Pragma:"no-cache", Expires:"0"]
     Content type = text/plain;charset=UTF-8
             Body = 팀원 초대를 수락하셨습니다.
    Forwarded URL = null
   Redirected URL = null
          Cookies = []
2023-12-22T20:02:22.877+09:00  INFO 55821 --- [    Test worker] p.r.d.t.controller.TeamControllerTest    : [ teamSetting Id : 17 / teamMate의 상태 : ACCEPTED ]
]]></system-out>
  <system-err><![CDATA[]]></system-err>
</testsuite>
