<?xml version="1.0" encoding="UTF-8"?>
<testsuite name="pp.rsmmm.domain.team.controller.TeamControllerTest" tests="8" skipped="0" failures="0" errors="0" timestamp="2023-12-30T14:06:51" hostname="upgrqnuui-MacBookAir.local" time="2.535">
  <properties/>
  <testcase name="팀원 초대에 거절 - 성공" classname="pp.rsmmm.domain.team.controller.TeamControllerTest" time="0.691"/>
  <testcase name="팀장이 팀 조회 - 성공" classname="pp.rsmmm.domain.team.controller.TeamControllerTest" time="0.275"/>
  <testcase name="팀원 초대2 - 성공" classname="pp.rsmmm.domain.team.controller.TeamControllerTest" time="0.261"/>
  <testcase name="팀원이 팀 조회 - 성공" classname="pp.rsmmm.domain.team.controller.TeamControllerTest" time="0.264"/>
  <testcase name="팀원 초대에 수락 - 성공" classname="pp.rsmmm.domain.team.controller.TeamControllerTest" time="0.262"/>
  <testcase name="팀원이 아닌 사용자가 팀 조회 - 실패(권한없음)" classname="pp.rsmmm.domain.team.controller.TeamControllerTest" time="0.246"/>
  <testcase name="팀원 초대1 - 성공" classname="pp.rsmmm.domain.team.controller.TeamControllerTest" time="0.25"/>
  <testcase name="팀 생성 - 성공" classname="pp.rsmmm.domain.team.controller.TeamControllerTest" time="0.279"/>
  <system-out><![CDATA[
  .   ____          _            __ _ _
 /\\ / ___'_ __ _ _(_)_ __  __ _ \ \ \ \
( ( )\___ | '_ | '_| | '_ \/ _` | \ \ \ \
 \\/  ___)| |_)| | | | | || (_| |  ) ) ) )
  '  |____| .__|_| |_|_| |_\__, | / / / /
 =========|_|==============|___/=/_/_/_/
 :: Spring Boot ::                (v3.1.1)

2023-12-30T23:06:47.956+09:00  INFO 97041 --- [    Test worker] p.r.d.t.controller.TeamControllerTest    : Starting TeamControllerTest using Java 17.0.9 with PID 97041 (started by upgrqnu in /Users/upgrqnu/Projects/kanban)
2023-12-30T23:06:47.958+09:00  INFO 97041 --- [    Test worker] p.r.d.t.controller.TeamControllerTest    : No active profile set, falling back to 1 default profile: "default"
2023-12-30T23:06:48.286+09:00  INFO 97041 --- [    Test worker] .s.d.r.c.RepositoryConfigurationDelegate : Bootstrapping Spring Data JPA repositories in DEFAULT mode.
2023-12-30T23:06:48.324+09:00  INFO 97041 --- [    Test worker] .s.d.r.c.RepositoryConfigurationDelegate : Finished Spring Data repository scanning in 34 ms. Found 6 JPA repository interfaces.
2023-12-30T23:06:48.551+09:00  INFO 97041 --- [    Test worker] o.hibernate.jpa.internal.util.LogHelper  : HHH000204: Processing PersistenceUnitInfo [name: default]
2023-12-30T23:06:48.577+09:00  INFO 97041 --- [    Test worker] org.hibernate.Version                    : HHH000412: Hibernate ORM core version 6.2.5.Final
2023-12-30T23:06:48.578+09:00  INFO 97041 --- [    Test worker] org.hibernate.cfg.Environment            : HHH000406: Using bytecode reflection optimizer
2023-12-30T23:06:48.634+09:00  INFO 97041 --- [    Test worker] o.h.b.i.BytecodeProviderInitiator        : HHH000021: Bytecode provider name : bytebuddy
2023-12-30T23:06:48.701+09:00  INFO 97041 --- [    Test worker] o.s.o.j.p.SpringPersistenceUnitInfo      : No LoadTimeWeaver setup: ignoring JPA class transformer
2023-12-30T23:06:48.709+09:00  INFO 97041 --- [    Test worker] com.zaxxer.hikari.HikariDataSource       : HikariPool-1 - Starting...
2023-12-30T23:06:48.801+09:00  INFO 97041 --- [    Test worker] com.zaxxer.hikari.pool.HikariPool        : HikariPool-1 - Added connection conn0: url=jdbc:h2:mem:kanban user=SA
2023-12-30T23:06:48.801+09:00  INFO 97041 --- [    Test worker] com.zaxxer.hikari.HikariDataSource       : HikariPool-1 - Start completed.
2023-12-30T23:06:48.936+09:00  INFO 97041 --- [    Test worker] o.h.b.i.BytecodeProviderInitiator        : HHH000021: Bytecode provider name : bytebuddy
2023-12-30T23:06:49.294+09:00  INFO 97041 --- [    Test worker] o.h.e.t.j.p.i.JtaPlatformInitiator       : HHH000490: Using JtaPlatform implementation: [org.hibernate.engine.transaction.jta.platform.internal.NoJtaPlatform]
Hibernate: create table member (member_id bigint generated by default as identity, created_at timestamp(6), updated_at timestamp(6), authority varchar(255) check (authority in ('ROLE_MEMBER','ROLE_ADMIN')), email varchar(100) not null, name varchar(255) not null, password varchar(255) not null, primary key (member_id))
Hibernate: create table progress (progress_id bigint generated by default as identity, created_at timestamp(6), updated_at timestamp(6), name varchar(255) not null, numbering integer not null, team_id bigint, primary key (progress_id))
Hibernate: create table refresh_token (id bigint generated by default as identity, member_name varchar(255), refresh_token varchar(255) not null, primary key (id))
Hibernate: create table team (team_id bigint generated by default as identity, created_at timestamp(6), updated_at timestamp(6), kanban varchar(255) not null, name varchar(255) not null, primary key (team_id))
Hibernate: create table team_setting (team_setting_id bigint generated by default as identity, created_at timestamp(6), updated_at timestamp(6), invite_status varchar(255) check (invite_status in ('INVITING','RECEIVED','ACCEPTED','REFUSED')), member_id bigint, team_id bigint, primary key (team_setting_id))
Hibernate: create table ticket (ticket_id bigint generated by default as identity, created_at timestamp(6), updated_at timestamp(6), due_date timestamp(6), member_id bigint not null, numbering integer not null, person_hour float(53), tag varchar(255) not null, title varchar(255) not null, progress_id bigint, primary key (ticket_id))
Hibernate: alter table if exists member drop constraint if exists UK_9esvgikrmti1v7ci6v453imdc
Hibernate: alter table if exists member add constraint UK_9esvgikrmti1v7ci6v453imdc unique (name)
Hibernate: alter table if exists refresh_token drop constraint if exists UK_mpvu2fmreqp9cqddttyfaym9v
Hibernate: alter table if exists refresh_token add constraint UK_mpvu2fmreqp9cqddttyfaym9v unique (refresh_token)
Hibernate: alter table if exists team drop constraint if exists UK_g2l9qqsoeuynt4r5ofdt1x2td
Hibernate: alter table if exists team add constraint UK_g2l9qqsoeuynt4r5ofdt1x2td unique (name)
Hibernate: alter table if exists progress add constraint FK9rdflrh05eu15ao9mldbr2eqg foreign key (team_id) references team
Hibernate: alter table if exists team_setting add constraint FKt32yypbcl2vkfghbckat66bfb foreign key (member_id) references member
Hibernate: alter table if exists team_setting add constraint FKma72ct0tv3cuvuw7tpe3qs2br foreign key (team_id) references team
Hibernate: alter table if exists ticket add constraint FK2vn168ig3a4crk8lfejvqueoi foreign key (progress_id) references progress
2023-12-30T23:06:49.334+09:00  INFO 97041 --- [    Test worker] j.LocalContainerEntityManagerFactoryBean : Initialized JPA EntityManagerFactory for persistence unit 'default'
2023-12-30T23:06:49.635+09:00  WARN 97041 --- [    Test worker] JpaBaseConfiguration$JpaWebConfiguration : spring.jpa.open-in-view is enabled by default. Therefore, database queries may be performed during view rendering. Explicitly configure spring.jpa.open-in-view to disable this warning
2023-12-30T23:06:49.652+09:00  WARN 97041 --- [    Test worker] .s.s.UserDetailsServiceAutoConfiguration : 

Using generated security password: 8f1d49f2-c23a-4cc2-b595-b9d8f2a77553

This generated password is for development use only. Your security configuration must be updated before running your application in production.

2023-12-30T23:06:49.812+09:00  INFO 97041 --- [    Test worker] o.s.s.web.DefaultSecurityFilterChain     : Will secure any request with [org.springframework.security.web.session.DisableEncodeUrlFilter@31b6eec8, org.springframework.security.web.context.request.async.WebAsyncManagerIntegrationFilter@3abd7b20, org.springframework.security.web.context.SecurityContextHolderFilter@2981064d, org.springframework.security.web.header.HeaderWriterFilter@3894d1b1, org.springframework.web.filter.CorsFilter@329a27ae, org.springframework.security.web.authentication.logout.LogoutFilter@a1c4f69, pp.rsmmm.global.config.jwt.TokenAuthenticationFilter@a0e35c3, org.springframework.security.web.savedrequest.RequestCacheAwareFilter@7ef8899d, org.springframework.security.web.servletapi.SecurityContextHolderAwareRequestFilter@89dd102, org.springframework.security.web.authentication.AnonymousAuthenticationFilter@589a82af, org.springframework.security.web.session.SessionManagementFilter@3da12ba4, org.springframework.security.web.access.ExceptionTranslationFilter@1d2ce035, org.springframework.security.web.access.intercept.AuthorizationFilter@5cdafb4d]
2023-12-30T23:06:49.931+09:00  INFO 97041 --- [    Test worker] o.s.b.a.h2.H2ConsoleAutoConfiguration    : H2 console available at '/h2-console'. Database available at 'jdbc:h2:mem:kanban'
2023-12-30T23:06:49.948+09:00  WARN 97041 --- [    Test worker] o.s.s.c.a.web.builders.WebSecurity       : You are asking Spring Security to ignore org.springframework.boot.autoconfigure.security.servlet.PathRequest$H2ConsoleRequestMatcher@7d619bcb. This is not recommended -- please use permitAll via HttpSecurity#authorizeHttpRequests instead.
2023-12-30T23:06:49.948+09:00  INFO 97041 --- [    Test worker] o.s.s.web.DefaultSecurityFilterChain     : Will not secure org.springframework.boot.autoconfigure.security.servlet.PathRequest$H2ConsoleRequestMatcher@7d619bcb
2023-12-30T23:06:49.972+09:00  INFO 97041 --- [    Test worker] o.s.b.t.m.w.SpringBootMockServletContext : Initializing Spring TestDispatcherServlet ''
2023-12-30T23:06:49.972+09:00  INFO 97041 --- [    Test worker] o.s.t.web.servlet.TestDispatcherServlet  : Initializing Servlet ''
2023-12-30T23:06:49.974+09:00  INFO 97041 --- [    Test worker] o.s.t.web.servlet.TestDispatcherServlet  : Completed initialization in 1 ms
2023-12-30T23:06:49.993+09:00  INFO 97041 --- [    Test worker] p.r.d.t.controller.TeamControllerTest    : Started TeamControllerTest in 2.18 seconds (process running for 2.711)
Hibernate: insert into member (authority,created_at,email,name,password,updated_at,member_id) values (?,?,?,?,?,?,default)
Hibernate: insert into team (created_at,kanban,name,updated_at,team_id) values (?,?,?,?,default)
Hibernate: insert into team_setting (created_at,invite_status,member_id,team_id,updated_at,team_setting_id) values (?,?,?,?,?,default)
Hibernate: insert into member (authority,created_at,email,name,password,updated_at,member_id) values (?,?,?,?,?,?,default)
Hibernate: insert into team (created_at,kanban,name,updated_at,team_id) values (?,?,?,?,default)
Hibernate: insert into team_setting (created_at,invite_status,member_id,team_id,updated_at,team_setting_id) values (?,?,?,?,?,default)
Hibernate: insert into member (authority,created_at,email,name,password,updated_at,member_id) values (?,?,?,?,?,?,default)
Hibernate: insert into team (created_at,kanban,name,updated_at,team_id) values (?,?,?,?,default)
Hibernate: insert into team_setting (created_at,invite_status,member_id,team_id,updated_at,team_setting_id) values (?,?,?,?,?,default)
Hibernate: insert into member (authority,created_at,email,name,password,updated_at,member_id) values (?,?,?,?,?,?,default)
Hibernate: insert into team (created_at,kanban,name,updated_at,team_id) values (?,?,?,?,default)
Hibernate: insert into team_setting (created_at,invite_status,member_id,team_id,updated_at,team_setting_id) values (?,?,?,?,?,default)
Hibernate: insert into team_setting (created_at,invite_status,member_id,team_id,updated_at,team_setting_id) values (?,?,?,?,?,default)
Hibernate: insert into member (authority,created_at,email,name,password,updated_at,member_id) values (?,?,?,?,?,?,default)
Hibernate: insert into team_setting (created_at,invite_status,member_id,team_id,updated_at,team_setting_id) values (?,?,?,?,?,default)
Hibernate: insert into member (authority,created_at,email,name,password,updated_at,member_id) values (?,?,?,?,?,?,default)
Hibernate: insert into team_setting (created_at,invite_status,member_id,team_id,updated_at,team_setting_id) values (?,?,?,?,?,default)
Hibernate: insert into member (authority,created_at,email,name,password,updated_at,member_id) values (?,?,?,?,?,?,default)
Hibernate: insert into team_setting (created_at,invite_status,member_id,team_id,updated_at,team_setting_id) values (?,?,?,?,?,default)
Hibernate: insert into member (authority,created_at,email,name,password,updated_at,member_id) values (?,?,?,?,?,?,default)
Hibernate: insert into team_setting (created_at,invite_status,member_id,team_id,updated_at,team_setting_id) values (?,?,?,?,?,default)
Hibernate: insert into team_setting (created_at,invite_status,member_id,team_id,updated_at,team_setting_id) values (?,?,?,?,?,default)
Hibernate: insert into member (authority,created_at,email,name,password,updated_at,member_id) values (?,?,?,?,?,?,default)
Hibernate: insert into team_setting (created_at,invite_status,member_id,team_id,updated_at,team_setting_id) values (?,?,?,?,?,default)
Hibernate: insert into team_setting (created_at,invite_status,member_id,team_id,updated_at,team_setting_id) values (?,?,?,?,?,default)
Hibernate: insert into member (authority,created_at,email,name,password,updated_at,member_id) values (?,?,?,?,?,?,default)
Hibernate: insert into team_setting (created_at,invite_status,member_id,team_id,updated_at,team_setting_id) values (?,?,?,?,?,default)
Hibernate: insert into member (authority,created_at,email,name,password,updated_at,member_id) values (?,?,?,?,?,?,default)
Hibernate: insert into team_setting (created_at,invite_status,member_id,team_id,updated_at,team_setting_id) values (?,?,?,?,?,default)
Hibernate: insert into member (authority,created_at,email,name,password,updated_at,member_id) values (?,?,?,?,?,?,default)
Hibernate: insert into team_setting (created_at,invite_status,member_id,team_id,updated_at,team_setting_id) values (?,?,?,?,?,default)
Hibernate: insert into progress (created_at,name,numbering,team_id,updated_at,progress_id) values (?,?,?,?,?,default)
Hibernate: insert into progress (created_at,name,numbering,team_id,updated_at,progress_id) values (?,?,?,?,?,default)
Hibernate: insert into ticket (created_at,due_date,member_id,numbering,person_hour,progress_id,tag,title,updated_at,ticket_id) values (?,?,?,?,?,?,?,?,?,default)
Hibernate: insert into ticket (created_at,due_date,member_id,numbering,person_hour,progress_id,tag,title,updated_at,ticket_id) values (?,?,?,?,?,?,?,?,?,default)
Hibernate: insert into ticket (created_at,due_date,member_id,numbering,person_hour,progress_id,tag,title,updated_at,ticket_id) values (?,?,?,?,?,?,?,?,?,default)
Hibernate: insert into ticket (created_at,due_date,member_id,numbering,person_hour,progress_id,tag,title,updated_at,ticket_id) values (?,?,?,?,?,?,?,?,?,default)
Hibernate: insert into ticket (created_at,due_date,member_id,numbering,person_hour,progress_id,tag,title,updated_at,ticket_id) values (?,?,?,?,?,?,?,?,?,default)
Hibernate: insert into member (authority,created_at,email,name,password,updated_at,member_id) values (?,?,?,?,?,?,default)
Hibernate: insert into member (authority,created_at,email,name,password,updated_at,member_id) values (?,?,?,?,?,?,default)
Hibernate: insert into member (authority,created_at,email,name,password,updated_at,member_id) values (?,?,?,?,?,?,default)
Hibernate: insert into member (authority,created_at,email,name,password,updated_at,member_id) values (?,?,?,?,?,?,default)
Hibernate: insert into member (authority,created_at,email,name,password,updated_at,member_id) values (?,?,?,?,?,?,default)
Hibernate: insert into member (authority,created_at,email,name,password,updated_at,member_id) values (?,?,?,?,?,?,default)
Hibernate: insert into member (authority,created_at,email,name,password,updated_at,member_id) values (?,?,?,?,?,?,default)
Hibernate: insert into member (authority,created_at,email,name,password,updated_at,member_id) values (?,?,?,?,?,?,default)
Hibernate: insert into member (authority,created_at,email,name,password,updated_at,member_id) values (?,?,?,?,?,?,default)
Hibernate: insert into member (authority,created_at,email,name,password,updated_at,member_id) values (?,?,?,?,?,?,default)
Hibernate: insert into member (authority,created_at,email,name,password,updated_at,member_id) values (?,?,?,?,?,?,default)
2023-12-30T23:06:52.241+09:00  INFO 97041 --- [    Test worker] p.r.d.t.controller.TeamControllerTest    : teamLeader id : 21 / teamMate id : 22 / notTeamMember : 23
2023-12-30T23:06:52.242+09:00  INFO 97041 --- [    Test worker] p.r.d.t.controller.TeamControllerTest    : [member : teamLeader
2023-12-30T23:06:52.264+09:00  INFO 97041 --- [    Test worker] p.r.d.t.controller.TeamControllerTest    : [Headers] ; [Authorization:"Bearer eyJhbGciOiJIUzI1NiJ9.eyJzdWIiOiJ0ZWFtTGVhZGVyIiwiZXhwIjoxNzAzOTQ3MDEyLCJpYXQiOjE3MDM5NDUyMTIsImF1dGhvcml0aWVzIjoiUk9MRV9NRU1CRVIiLCJuYW1lIjoidGVhbUxlYWRlciJ9.FY1IrvoGyHMOo20oP_pO6YKONSi0n91gH9CBTp2PmjY", Content-Type:"application/json"]
Hibernate: insert into team (created_at,kanban,name,updated_at,team_id) values (?,?,?,?,default)
Hibernate: insert into team_setting (created_at,invite_status,member_id,team_id,updated_at,team_setting_id) values (?,?,?,?,?,default)
2023-12-30T23:06:52.271+09:00  INFO 97041 --- [    Test worker] p.r.d.t.controller.TeamControllerTest    : [ teamSetting Id : 16 / teamLeader의 상태 : INVITING ]
2023-12-30T23:06:52.280+09:00  INFO 97041 --- [    Test worker] p.r.d.t.controller.TeamControllerTest    : [ 멤버 이름 : teamLeader ]
Hibernate: select t1_0.team_setting_id,t1_0.created_at,t1_0.invite_status,t1_0.member_id,t1_0.team_id,t1_0.updated_at from team_setting t1_0 left join member m1_0 on m1_0.member_id=t1_0.member_id where m1_0.name=?
Hibernate: select m1_0.member_id,m1_0.authority,m1_0.created_at,m1_0.email,m1_0.name,m1_0.password,m1_0.updated_at from member m1_0 where m1_0.name=?
Hibernate: insert into team_setting (created_at,invite_status,member_id,team_id,updated_at,team_setting_id) values (?,?,?,?,?,default)
2023-12-30T23:06:52.353+09:00  INFO 97041 --- [    Test worker] p.r.d.t.controller.TeamControllerTest    : [ teamSetting Id : 17 / teamMate의 상태 : RECEIVED ]
2023-12-30T23:06:52.353+09:00  INFO 97041 --- [    Test worker] p.r.d.t.controller.TeamControllerTest    : [member : notTeamMember
2023-12-30T23:06:52.354+09:00  INFO 97041 --- [    Test worker] p.r.d.t.controller.TeamControllerTest    : [Headers] ; [Authorization:"Bearer eyJhbGciOiJIUzI1NiJ9.eyJzdWIiOiJub3RUZWFtTWVtYmVyIiwiZXhwIjoxNzAzOTQ3MDEyLCJpYXQiOjE3MDM5NDUyMTIsImF1dGhvcml0aWVzIjoiUk9MRV9NRU1CRVIiLCJuYW1lIjoibm90VGVhbU1lbWJlciJ9.Uku4Z5TQxmMq1LM-4oFOLuA4-5SaKfRBQ8UUnkzXs1E", Content-Type:"application/json"]
2023-12-30T23:06:52.367+09:00  INFO 97041 --- [    Test worker] p.rsmmm.global.config.jwt.TokenProvider  : 토큰 : eyJhbGciOiJIUzI1NiJ9.eyJzdWIiOiJub3RUZWFtTWVtYmVyIiwiZXhwIjoxNzAzOTQ3MDEyLCJpYXQiOjE3MDM5NDUyMTIsImF1dGhvcml0aWVzIjoiUk9MRV9NRU1CRVIiLCJuYW1lIjoibm90VGVhbU1lbWJlciJ9.Uku4Z5TQxmMq1LM-4oFOLuA4-5SaKfRBQ8UUnkzXs1E
Hibernate: select t1_0.team_setting_id,t1_0.created_at,t1_0.invite_status,t1_0.member_id,t1_0.team_id,t1_0.updated_at from team_setting t1_0 where t1_0.team_id=?
Hibernate: select m1_0.member_id,m1_0.authority,m1_0.created_at,m1_0.email,m1_0.name,m1_0.password,m1_0.updated_at from member m1_0 where m1_0.name=?

MockHttpServletRequest:
      HTTP Method = POST
      Request URI = /api/teams/5/invitation/23
       Parameters = {accept=[false]}
          Headers = [Authorization:"Bearer eyJhbGciOiJIUzI1NiJ9.eyJzdWIiOiJub3RUZWFtTWVtYmVyIiwiZXhwIjoxNzAzOTQ3MDEyLCJpYXQiOjE3MDM5NDUyMTIsImF1dGhvcml0aWVzIjoiUk9MRV9NRU1CRVIiLCJuYW1lIjoibm90VGVhbU1lbWJlciJ9.Uku4Z5TQxmMq1LM-4oFOLuA4-5SaKfRBQ8UUnkzXs1E", Content-Type:"application/json;charset=UTF-8"]
             Body = null
    Session Attrs = {}

Handler:
             Type = pp.rsmmm.domain.team.controller.TeamController
           Method = pp.rsmmm.domain.team.controller.TeamController#respondToInvitation(Long, Long, boolean)

Async:
    Async started = false
     Async result = null

Resolved Exception:
             Type = null

ModelAndView:
        View name = null
             View = null
            Model = null

FlashMap:
       Attributes = null

MockHttpServletResponse:
           Status = 200
    Error message = null
          Headers = [Vary:"Origin", "Access-Control-Request-Method", "Access-Control-Request-Headers", Content-Type:"text/plain;charset=UTF-8", Content-Length:"39", X-Content-Type-Options:"nosniff", X-XSS-Protection:"0", Cache-Control:"no-cache, no-store, max-age=0, must-revalidate", Pragma:"no-cache", Expires:"0"]
     Content type = text/plain;charset=UTF-8
             Body = 팀원 초대를 거절하셨습니다.
    Forwarded URL = null
   Redirected URL = null
          Cookies = []
2023-12-30T23:06:52.397+09:00  INFO 97041 --- [    Test worker] p.r.d.t.controller.TeamControllerTest    : [ teamSetting Id : 17 / teamMate의 상태 : REFUSED ]
Hibernate: insert into member (authority,created_at,email,name,password,updated_at,member_id) values (?,?,?,?,?,?,default)
Hibernate: insert into member (authority,created_at,email,name,password,updated_at,member_id) values (?,?,?,?,?,?,default)
Hibernate: insert into member (authority,created_at,email,name,password,updated_at,member_id) values (?,?,?,?,?,?,default)
2023-12-30T23:06:52.653+09:00  INFO 97041 --- [    Test worker] p.r.d.t.controller.TeamControllerTest    : teamLeader id : 24 / teamMate id : 25 / notTeamMember : 26
2023-12-30T23:06:52.653+09:00  INFO 97041 --- [    Test worker] p.r.d.t.controller.TeamControllerTest    : [member : teamLeader
2023-12-30T23:06:52.654+09:00  INFO 97041 --- [    Test worker] p.r.d.t.controller.TeamControllerTest    : [Headers] ; [Authorization:"Bearer eyJhbGciOiJIUzI1NiJ9.eyJzdWIiOiJ0ZWFtTGVhZGVyIiwiZXhwIjoxNzAzOTQ3MDEyLCJpYXQiOjE3MDM5NDUyMTIsImF1dGhvcml0aWVzIjoiUk9MRV9NRU1CRVIiLCJuYW1lIjoidGVhbUxlYWRlciJ9.FY1IrvoGyHMOo20oP_pO6YKONSi0n91gH9CBTp2PmjY", Content-Type:"application/json"]
Hibernate: insert into team (created_at,kanban,name,updated_at,team_id) values (?,?,?,?,default)
Hibernate: insert into team_setting (created_at,invite_status,member_id,team_id,updated_at,team_setting_id) values (?,?,?,?,?,default)
2023-12-30T23:06:52.657+09:00  INFO 97041 --- [    Test worker] p.r.d.t.controller.TeamControllerTest    : [ teamSetting Id : 18 / teamLeader의 상태 : INVITING ]
2023-12-30T23:06:52.659+09:00  INFO 97041 --- [    Test worker] p.rsmmm.global.config.jwt.TokenProvider  : 토큰 : eyJhbGciOiJIUzI1NiJ9.eyJzdWIiOiJ0ZWFtTGVhZGVyIiwiZXhwIjoxNzAzOTQ3MDEyLCJpYXQiOjE3MDM5NDUyMTIsImF1dGhvcml0aWVzIjoiUk9MRV9NRU1CRVIiLCJuYW1lIjoidGVhbUxlYWRlciJ9.FY1IrvoGyHMOo20oP_pO6YKONSi0n91gH9CBTp2PmjY
Hibernate: select t1_0.team_setting_id,t1_0.created_at,t1_0.invite_status,m1_0.member_id,m1_0.authority,m1_0.created_at,m1_0.email,m1_0.name,m1_0.password,m1_0.updated_at,t2_0.team_id,t2_0.created_at,t2_0.kanban,t2_0.name,t2_0.updated_at,t1_0.updated_at from team_setting t1_0 left join member m1_0 on m1_0.member_id=t1_0.member_id left join team t2_0 on t2_0.team_id=t1_0.team_id where t1_0.team_setting_id=?
Hibernate: select m1_0.member_id,m1_0.authority,m1_0.created_at,m1_0.email,m1_0.name,m1_0.password,m1_0.updated_at from member m1_0 where m1_0.name=?
Hibernate: select t1_0.team_setting_id,t1_0.created_at,t1_0.invite_status,t1_0.member_id,t1_0.team_id,t1_0.updated_at from team_setting t1_0 where t1_0.member_id=?

MockHttpServletRequest:
      HTTP Method = GET
      Request URI = /api/teams/6
       Parameters = {}
          Headers = [Authorization:"Bearer eyJhbGciOiJIUzI1NiJ9.eyJzdWIiOiJ0ZWFtTGVhZGVyIiwiZXhwIjoxNzAzOTQ3MDEyLCJpYXQiOjE3MDM5NDUyMTIsImF1dGhvcml0aWVzIjoiUk9MRV9NRU1CRVIiLCJuYW1lIjoidGVhbUxlYWRlciJ9.FY1IrvoGyHMOo20oP_pO6YKONSi0n91gH9CBTp2PmjY", Content-Type:"application/json;charset=UTF-8"]
             Body = null
    Session Attrs = {}

Handler:
             Type = pp.rsmmm.domain.team.controller.TeamController
           Method = pp.rsmmm.domain.team.controller.TeamController#getTeam(Long)

Async:
    Async started = false
     Async result = null

Resolved Exception:
             Type = null

ModelAndView:
        View name = null
             View = null
            Model = null

FlashMap:
       Attributes = null

MockHttpServletResponse:
           Status = 200
    Error message = null
          Headers = [Vary:"Origin", "Access-Control-Request-Method", "Access-Control-Request-Headers", X-Content-Type-Options:"nosniff", X-XSS-Protection:"0", Cache-Control:"no-cache, no-store, max-age=0, must-revalidate", Pragma:"no-cache", Expires:"0"]
     Content type = null
             Body = 
    Forwarded URL = null
   Redirected URL = null
          Cookies = []
Hibernate: insert into member (authority,created_at,email,name,password,updated_at,member_id) values (?,?,?,?,?,?,default)
Hibernate: insert into member (authority,created_at,email,name,password,updated_at,member_id) values (?,?,?,?,?,?,default)
Hibernate: insert into member (authority,created_at,email,name,password,updated_at,member_id) values (?,?,?,?,?,?,default)
2023-12-30T23:06:52.921+09:00  INFO 97041 --- [    Test worker] p.r.d.t.controller.TeamControllerTest    : teamLeader id : 27 / teamMate id : 28 / notTeamMember : 29
2023-12-30T23:06:52.921+09:00  INFO 97041 --- [    Test worker] p.r.d.t.controller.TeamControllerTest    : [member : teamLeader
2023-12-30T23:06:52.921+09:00  INFO 97041 --- [    Test worker] p.r.d.t.controller.TeamControllerTest    : [Headers] ; [Authorization:"Bearer eyJhbGciOiJIUzI1NiJ9.eyJzdWIiOiJ0ZWFtTGVhZGVyIiwiZXhwIjoxNzAzOTQ3MDEyLCJpYXQiOjE3MDM5NDUyMTIsImF1dGhvcml0aWVzIjoiUk9MRV9NRU1CRVIiLCJuYW1lIjoidGVhbUxlYWRlciJ9.FY1IrvoGyHMOo20oP_pO6YKONSi0n91gH9CBTp2PmjY", Content-Type:"application/json"]
Hibernate: insert into team (created_at,kanban,name,updated_at,team_id) values (?,?,?,?,default)
Hibernate: insert into team_setting (created_at,invite_status,member_id,team_id,updated_at,team_setting_id) values (?,?,?,?,?,default)
<초대할 사용자 이름> : notTeamMember
2023-12-30T23:06:52.924+09:00  INFO 97041 --- [    Test worker] p.r.d.t.controller.TeamControllerTest    : [team id : 7]
2023-12-30T23:06:52.925+09:00  INFO 97041 --- [    Test worker] p.rsmmm.global.config.jwt.TokenProvider  : 토큰 : eyJhbGciOiJIUzI1NiJ9.eyJzdWIiOiJ0ZWFtTGVhZGVyIiwiZXhwIjoxNzAzOTQ3MDEyLCJpYXQiOjE3MDM5NDUyMTIsImF1dGhvcml0aWVzIjoiUk9MRV9NRU1CRVIiLCJuYW1lIjoidGVhbUxlYWRlciJ9.FY1IrvoGyHMOo20oP_pO6YKONSi0n91gH9CBTp2PmjY
Hibernate: select t1_0.team_setting_id,t1_0.created_at,t1_0.invite_status,t1_0.member_id,t1_0.team_id,t1_0.updated_at from team_setting t1_0 left join member m1_0 on m1_0.member_id=t1_0.member_id where m1_0.name=?
Hibernate: select m1_0.member_id,m1_0.authority,m1_0.created_at,m1_0.email,m1_0.name,m1_0.password,m1_0.updated_at from member m1_0 where m1_0.name=?
Hibernate: insert into team_setting (created_at,invite_status,member_id,team_id,updated_at,team_setting_id) values (?,?,?,?,?,default)

MockHttpServletRequest:
      HTTP Method = POST
      Request URI = /api/teams/7/invite
       Parameters = {invitedMemberName=[notTeamMember]}
          Headers = [Authorization:"Bearer eyJhbGciOiJIUzI1NiJ9.eyJzdWIiOiJ0ZWFtTGVhZGVyIiwiZXhwIjoxNzAzOTQ3MDEyLCJpYXQiOjE3MDM5NDUyMTIsImF1dGhvcml0aWVzIjoiUk9MRV9NRU1CRVIiLCJuYW1lIjoidGVhbUxlYWRlciJ9.FY1IrvoGyHMOo20oP_pO6YKONSi0n91gH9CBTp2PmjY", Content-Type:"application/json;charset=UTF-8"]
             Body = null
    Session Attrs = {}

Handler:
             Type = pp.rsmmm.domain.team.controller.TeamController
           Method = pp.rsmmm.domain.team.controller.TeamController#inviteMate(Long, String)

Async:
    Async started = false
     Async result = null

Resolved Exception:
             Type = null

ModelAndView:
        View name = null
             View = null
            Model = null

FlashMap:
       Attributes = null

MockHttpServletResponse:
           Status = 200
    Error message = null
          Headers = [Vary:"Origin", "Access-Control-Request-Method", "Access-Control-Request-Headers", Content-Type:"text/plain;charset=UTF-8", Content-Length:"58", X-Content-Type-Options:"nosniff", X-XSS-Protection:"0", Cache-Control:"no-cache, no-store, max-age=0, must-revalidate", Pragma:"no-cache", Expires:"0"]
     Content type = text/plain;charset=UTF-8
             Body = notTeamMember님을 성공적으로 초대하였습니다.
    Forwarded URL = null
   Redirected URL = null
          Cookies = []
2023-12-30T23:06:52.939+09:00  INFO 97041 --- [    Test worker] p.r.d.t.controller.TeamControllerTest    : [invitee id : 29]
Hibernate: insert into member (authority,created_at,email,name,password,updated_at,member_id) values (?,?,?,?,?,?,default)
Hibernate: insert into member (authority,created_at,email,name,password,updated_at,member_id) values (?,?,?,?,?,?,default)
Hibernate: insert into member (authority,created_at,email,name,password,updated_at,member_id) values (?,?,?,?,?,?,default)
2023-12-30T23:06:53.181+09:00  INFO 97041 --- [    Test worker] p.r.d.t.controller.TeamControllerTest    : teamLeader id : 30 / teamMate id : 31 / notTeamMember : 32
2023-12-30T23:06:53.181+09:00  INFO 97041 --- [    Test worker] p.r.d.t.controller.TeamControllerTest    : [member : teamLeader
2023-12-30T23:06:53.181+09:00  INFO 97041 --- [    Test worker] p.r.d.t.controller.TeamControllerTest    : [Headers] ; [Authorization:"Bearer eyJhbGciOiJIUzI1NiJ9.eyJzdWIiOiJ0ZWFtTGVhZGVyIiwiZXhwIjoxNzAzOTQ3MDEzLCJpYXQiOjE3MDM5NDUyMTMsImF1dGhvcml0aWVzIjoiUk9MRV9NRU1CRVIiLCJuYW1lIjoidGVhbUxlYWRlciJ9.9Tf70ql6KU30l2E72pjLMXmR-vS22qByKNyFTBF5jJM", Content-Type:"application/json"]
Hibernate: insert into team (created_at,kanban,name,updated_at,team_id) values (?,?,?,?,default)
Hibernate: insert into team_setting (created_at,invite_status,member_id,team_id,updated_at,team_setting_id) values (?,?,?,?,?,default)
2023-12-30T23:06:53.183+09:00  INFO 97041 --- [    Test worker] p.r.d.t.controller.TeamControllerTest    : [ teamSetting Id : 21 / teamLeader의 상태 : INVITING ]
2023-12-30T23:06:53.184+09:00  INFO 97041 --- [    Test worker] p.r.d.t.controller.TeamControllerTest    : [ 멤버 이름 : teamLeader ]
Hibernate: select t1_0.team_setting_id,t1_0.created_at,t1_0.invite_status,t1_0.member_id,t1_0.team_id,t1_0.updated_at from team_setting t1_0 left join member m1_0 on m1_0.member_id=t1_0.member_id where m1_0.name=?
Hibernate: select m1_0.member_id,m1_0.authority,m1_0.created_at,m1_0.email,m1_0.name,m1_0.password,m1_0.updated_at from member m1_0 where m1_0.name=?
Hibernate: insert into team_setting (created_at,invite_status,member_id,team_id,updated_at,team_setting_id) values (?,?,?,?,?,default)
2023-12-30T23:06:53.189+09:00  INFO 97041 --- [    Test worker] p.r.d.t.controller.TeamControllerTest    : [ teamSetting Id : 22 / teamMate의 상태 : RECEIVED ]
2023-12-30T23:06:53.189+09:00  INFO 97041 --- [    Test worker] p.r.d.t.controller.TeamControllerTest    : [member : teamMate
2023-12-30T23:06:53.190+09:00  INFO 97041 --- [    Test worker] p.r.d.t.controller.TeamControllerTest    : [Headers] ; [Authorization:"Bearer eyJhbGciOiJIUzI1NiJ9.eyJzdWIiOiJ0ZWFtTWF0ZSIsImV4cCI6MTcwMzk0NzAxMywiaWF0IjoxNzAzOTQ1MjEzLCJhdXRob3JpdGllcyI6IlJPTEVfTUVNQkVSIiwibmFtZSI6InRlYW1NYXRlIn0.5XiODk1M-9ijOyuTIsIeqcR8lZoguCEiMpkyxPrUenY", Content-Type:"application/json"]
2023-12-30T23:06:53.190+09:00  INFO 97041 --- [    Test worker] p.r.d.t.controller.TeamControllerTest    : [ teamSetting Id : 22 / teamMate의 상태 : ACCEPTED ]
2023-12-30T23:06:53.192+09:00  INFO 97041 --- [    Test worker] p.rsmmm.global.config.jwt.TokenProvider  : 토큰 : eyJhbGciOiJIUzI1NiJ9.eyJzdWIiOiJ0ZWFtTWF0ZSIsImV4cCI6MTcwMzk0NzAxMywiaWF0IjoxNzAzOTQ1MjEzLCJhdXRob3JpdGllcyI6IlJPTEVfTUVNQkVSIiwibmFtZSI6InRlYW1NYXRlIn0.5XiODk1M-9ijOyuTIsIeqcR8lZoguCEiMpkyxPrUenY
Hibernate: select t1_0.team_setting_id,t1_0.created_at,t1_0.invite_status,m1_0.member_id,m1_0.authority,m1_0.created_at,m1_0.email,m1_0.name,m1_0.password,m1_0.updated_at,t2_0.team_id,t2_0.created_at,t2_0.kanban,t2_0.name,t2_0.updated_at,t1_0.updated_at from team_setting t1_0 left join member m1_0 on m1_0.member_id=t1_0.member_id left join team t2_0 on t2_0.team_id=t1_0.team_id where t1_0.team_setting_id=?
Hibernate: select m1_0.member_id,m1_0.authority,m1_0.created_at,m1_0.email,m1_0.name,m1_0.password,m1_0.updated_at from member m1_0 where m1_0.name=?
Hibernate: update team_setting set invite_status=?,member_id=?,team_id=?,updated_at=? where team_setting_id=?
Hibernate: select t1_0.team_setting_id,t1_0.created_at,t1_0.invite_status,t1_0.member_id,t1_0.team_id,t1_0.updated_at from team_setting t1_0 where t1_0.member_id=?

MockHttpServletRequest:
      HTTP Method = GET
      Request URI = /api/teams/8
       Parameters = {}
          Headers = [Authorization:"Bearer eyJhbGciOiJIUzI1NiJ9.eyJzdWIiOiJ0ZWFtTWF0ZSIsImV4cCI6MTcwMzk0NzAxMywiaWF0IjoxNzAzOTQ1MjEzLCJhdXRob3JpdGllcyI6IlJPTEVfTUVNQkVSIiwibmFtZSI6InRlYW1NYXRlIn0.5XiODk1M-9ijOyuTIsIeqcR8lZoguCEiMpkyxPrUenY", Content-Type:"application/json;charset=UTF-8"]
             Body = null
    Session Attrs = {}

Handler:
             Type = pp.rsmmm.domain.team.controller.TeamController
           Method = pp.rsmmm.domain.team.controller.TeamController#getTeam(Long)

Async:
    Async started = false
     Async result = null

Resolved Exception:
             Type = null

ModelAndView:
        View name = null
             View = null
            Model = null

FlashMap:
       Attributes = null

MockHttpServletResponse:
           Status = 200
    Error message = null
          Headers = [Vary:"Origin", "Access-Control-Request-Method", "Access-Control-Request-Headers", X-Content-Type-Options:"nosniff", X-XSS-Protection:"0", Cache-Control:"no-cache, no-store, max-age=0, must-revalidate", Pragma:"no-cache", Expires:"0"]
     Content type = null
             Body = 
    Forwarded URL = null
   Redirected URL = null
          Cookies = []
Hibernate: insert into member (authority,created_at,email,name,password,updated_at,member_id) values (?,?,?,?,?,?,default)
Hibernate: insert into member (authority,created_at,email,name,password,updated_at,member_id) values (?,?,?,?,?,?,default)
Hibernate: insert into member (authority,created_at,email,name,password,updated_at,member_id) values (?,?,?,?,?,?,default)
2023-12-30T23:06:53.452+09:00  INFO 97041 --- [    Test worker] p.r.d.t.controller.TeamControllerTest    : teamLeader id : 33 / teamMate id : 34 / notTeamMember : 35
2023-12-30T23:06:53.452+09:00  INFO 97041 --- [    Test worker] p.r.d.t.controller.TeamControllerTest    : [member : teamLeader
2023-12-30T23:06:53.453+09:00  INFO 97041 --- [    Test worker] p.r.d.t.controller.TeamControllerTest    : [Headers] ; [Authorization:"Bearer eyJhbGciOiJIUzI1NiJ9.eyJzdWIiOiJ0ZWFtTGVhZGVyIiwiZXhwIjoxNzAzOTQ3MDEzLCJpYXQiOjE3MDM5NDUyMTMsImF1dGhvcml0aWVzIjoiUk9MRV9NRU1CRVIiLCJuYW1lIjoidGVhbUxlYWRlciJ9.9Tf70ql6KU30l2E72pjLMXmR-vS22qByKNyFTBF5jJM", Content-Type:"application/json"]
2023-12-30T23:06:53.453+09:00  INFO 97041 --- [    Test worker] p.r.d.t.controller.TeamControllerTest    : [ token : eyJhbGciOiJIUzI1NiJ9.eyJzdWIiOiJ0ZWFtTGVhZGVyIiwiZXhwIjoxNzAzOTQ3MDEzLCJpYXQiOjE3MDM5NDUyMTMsImF1dGhvcml0aWVzIjoiUk9MRV9NRU1CRVIiLCJuYW1lIjoidGVhbUxlYWRlciJ9.9Tf70ql6KU30l2E72pjLMXmR-vS22qByKNyFTBF5jJM ]
Hibernate: insert into team (created_at,kanban,name,updated_at,team_id) values (?,?,?,?,default)
Hibernate: insert into team_setting (created_at,invite_status,member_id,team_id,updated_at,team_setting_id) values (?,?,?,?,?,default)
2023-12-30T23:06:53.455+09:00  INFO 97041 --- [    Test worker] p.r.d.t.controller.TeamControllerTest    : [ teamSetting Id : 23 / teamLeader의 상태 : INVITING ]
2023-12-30T23:06:53.456+09:00  INFO 97041 --- [    Test worker] p.r.d.t.controller.TeamControllerTest    : [ 멤버 이름 : teamLeader ]
Hibernate: select t1_0.team_setting_id,t1_0.created_at,t1_0.invite_status,t1_0.member_id,t1_0.team_id,t1_0.updated_at from team_setting t1_0 left join member m1_0 on m1_0.member_id=t1_0.member_id where m1_0.name=?
Hibernate: select m1_0.member_id,m1_0.authority,m1_0.created_at,m1_0.email,m1_0.name,m1_0.password,m1_0.updated_at from member m1_0 where m1_0.name=?
Hibernate: insert into team_setting (created_at,invite_status,member_id,team_id,updated_at,team_setting_id) values (?,?,?,?,?,default)
2023-12-30T23:06:53.460+09:00  INFO 97041 --- [    Test worker] p.r.d.t.controller.TeamControllerTest    : [ teamSetting Id : 24 / teamMate의 상태 : RECEIVED ]
2023-12-30T23:06:53.460+09:00  INFO 97041 --- [    Test worker] p.r.d.t.controller.TeamControllerTest    : [member : teamMate
2023-12-30T23:06:53.460+09:00  INFO 97041 --- [    Test worker] p.r.d.t.controller.TeamControllerTest    : [Headers] ; [Authorization:"Bearer eyJhbGciOiJIUzI1NiJ9.eyJzdWIiOiJ0ZWFtTWF0ZSIsImV4cCI6MTcwMzk0NzAxMywiaWF0IjoxNzAzOTQ1MjEzLCJhdXRob3JpdGllcyI6IlJPTEVfTUVNQkVSIiwibmFtZSI6InRlYW1NYXRlIn0.5XiODk1M-9ijOyuTIsIeqcR8lZoguCEiMpkyxPrUenY", Content-Type:"application/json"]
2023-12-30T23:06:53.462+09:00  INFO 97041 --- [    Test worker] p.rsmmm.global.config.jwt.TokenProvider  : 토큰 : eyJhbGciOiJIUzI1NiJ9.eyJzdWIiOiJ0ZWFtTWF0ZSIsImV4cCI6MTcwMzk0NzAxMywiaWF0IjoxNzAzOTQ1MjEzLCJhdXRob3JpdGllcyI6IlJPTEVfTUVNQkVSIiwibmFtZSI6InRlYW1NYXRlIn0.5XiODk1M-9ijOyuTIsIeqcR8lZoguCEiMpkyxPrUenY
Hibernate: select t1_0.team_setting_id,t1_0.created_at,t1_0.invite_status,t1_0.member_id,t1_0.team_id,t1_0.updated_at from team_setting t1_0 where t1_0.team_id=?
Hibernate: select m1_0.member_id,m1_0.authority,m1_0.created_at,m1_0.email,m1_0.name,m1_0.password,m1_0.updated_at from member m1_0 where m1_0.name=?

MockHttpServletRequest:
      HTTP Method = POST
      Request URI = /api/teams/9/invitation/34
       Parameters = {accept=[true]}
          Headers = [Authorization:"Bearer eyJhbGciOiJIUzI1NiJ9.eyJzdWIiOiJ0ZWFtTWF0ZSIsImV4cCI6MTcwMzk0NzAxMywiaWF0IjoxNzAzOTQ1MjEzLCJhdXRob3JpdGllcyI6IlJPTEVfTUVNQkVSIiwibmFtZSI6InRlYW1NYXRlIn0.5XiODk1M-9ijOyuTIsIeqcR8lZoguCEiMpkyxPrUenY", Content-Type:"application/json;charset=UTF-8"]
             Body = null
    Session Attrs = {}

Handler:
             Type = pp.rsmmm.domain.team.controller.TeamController
           Method = pp.rsmmm.domain.team.controller.TeamController#respondToInvitation(Long, Long, boolean)

Async:
    Async started = false
     Async result = null

Resolved Exception:
             Type = null

ModelAndView:
        View name = null
             View = null
            Model = null

FlashMap:
       Attributes = null

MockHttpServletResponse:
           Status = 200
    Error message = null
          Headers = [Vary:"Origin", "Access-Control-Request-Method", "Access-Control-Request-Headers", Content-Type:"text/plain;charset=UTF-8", Content-Length:"39", X-Content-Type-Options:"nosniff", X-XSS-Protection:"0", Cache-Control:"no-cache, no-store, max-age=0, must-revalidate", Pragma:"no-cache", Expires:"0"]
     Content type = text/plain;charset=UTF-8
             Body = 팀원 초대를 수락하셨습니다.
    Forwarded URL = null
   Redirected URL = null
          Cookies = []
2023-12-30T23:06:53.468+09:00  INFO 97041 --- [    Test worker] p.r.d.t.controller.TeamControllerTest    : [ teamSetting Id : 24 / teamMate의 상태 : ACCEPTED ]
Hibernate: insert into member (authority,created_at,email,name,password,updated_at,member_id) values (?,?,?,?,?,?,default)
Hibernate: insert into member (authority,created_at,email,name,password,updated_at,member_id) values (?,?,?,?,?,?,default)
Hibernate: insert into member (authority,created_at,email,name,password,updated_at,member_id) values (?,?,?,?,?,?,default)
2023-12-30T23:06:53.708+09:00  INFO 97041 --- [    Test worker] p.r.d.t.controller.TeamControllerTest    : teamLeader id : 36 / teamMate id : 37 / notTeamMember : 38
2023-12-30T23:06:53.708+09:00  INFO 97041 --- [    Test worker] p.r.d.t.controller.TeamControllerTest    : [member : teamLeader
2023-12-30T23:06:53.708+09:00  INFO 97041 --- [    Test worker] p.r.d.t.controller.TeamControllerTest    : [Headers] ; [Authorization:"Bearer eyJhbGciOiJIUzI1NiJ9.eyJzdWIiOiJ0ZWFtTGVhZGVyIiwiZXhwIjoxNzAzOTQ3MDEzLCJpYXQiOjE3MDM5NDUyMTMsImF1dGhvcml0aWVzIjoiUk9MRV9NRU1CRVIiLCJuYW1lIjoidGVhbUxlYWRlciJ9.9Tf70ql6KU30l2E72pjLMXmR-vS22qByKNyFTBF5jJM", Content-Type:"application/json"]
Hibernate: insert into team (created_at,kanban,name,updated_at,team_id) values (?,?,?,?,default)
Hibernate: insert into team_setting (created_at,invite_status,member_id,team_id,updated_at,team_setting_id) values (?,?,?,?,?,default)
2023-12-30T23:06:53.710+09:00  INFO 97041 --- [    Test worker] p.r.d.t.controller.TeamControllerTest    : [ teamSetting Id : 25 / teamLeader의 상태 : INVITING ]
2023-12-30T23:06:53.711+09:00  INFO 97041 --- [    Test worker] p.r.d.t.controller.TeamControllerTest    : [ 멤버 이름 : teamLeader ]
Hibernate: select t1_0.team_setting_id,t1_0.created_at,t1_0.invite_status,t1_0.member_id,t1_0.team_id,t1_0.updated_at from team_setting t1_0 left join member m1_0 on m1_0.member_id=t1_0.member_id where m1_0.name=?
Hibernate: select m1_0.member_id,m1_0.authority,m1_0.created_at,m1_0.email,m1_0.name,m1_0.password,m1_0.updated_at from member m1_0 where m1_0.name=?
Hibernate: insert into team_setting (created_at,invite_status,member_id,team_id,updated_at,team_setting_id) values (?,?,?,?,?,default)
2023-12-30T23:06:53.714+09:00  INFO 97041 --- [    Test worker] p.r.d.t.controller.TeamControllerTest    : [ teamSetting Id : 26 / teamMate의 상태 : RECEIVED ]
2023-12-30T23:06:53.714+09:00  INFO 97041 --- [    Test worker] p.r.d.t.controller.TeamControllerTest    : [member : notTeamMember
2023-12-30T23:06:53.714+09:00  INFO 97041 --- [    Test worker] p.r.d.t.controller.TeamControllerTest    : [Headers] ; [Authorization:"Bearer eyJhbGciOiJIUzI1NiJ9.eyJzdWIiOiJub3RUZWFtTWVtYmVyIiwiZXhwIjoxNzAzOTQ3MDEzLCJpYXQiOjE3MDM5NDUyMTMsImF1dGhvcml0aWVzIjoiUk9MRV9NRU1CRVIiLCJuYW1lIjoibm90VGVhbU1lbWJlciJ9.0hZ5568ev6IMPJbjmm_hkZLLuF64wk_mbLXec6GMeuI", Content-Type:"application/json"]
2023-12-30T23:06:53.715+09:00  INFO 97041 --- [    Test worker] p.r.d.t.controller.TeamControllerTest    : [ teamSetting Id : 26 / teamMate의 상태 : REFUSED ]
Hibernate: insert into member (authority,created_at,email,name,password,updated_at,member_id) values (?,?,?,?,?,?,default)
Hibernate: insert into member (authority,created_at,email,name,password,updated_at,member_id) values (?,?,?,?,?,?,default)
Hibernate: insert into member (authority,created_at,email,name,password,updated_at,member_id) values (?,?,?,?,?,?,default)
2023-12-30T23:06:53.954+09:00  INFO 97041 --- [    Test worker] p.r.d.t.controller.TeamControllerTest    : teamLeader id : 39 / teamMate id : 40 / notTeamMember : 41
2023-12-30T23:06:53.954+09:00  INFO 97041 --- [    Test worker] p.r.d.t.controller.TeamControllerTest    : [member : teamLeader
2023-12-30T23:06:53.955+09:00  INFO 97041 --- [    Test worker] p.r.d.t.controller.TeamControllerTest    : [Headers] ; [Authorization:"Bearer eyJhbGciOiJIUzI1NiJ9.eyJzdWIiOiJ0ZWFtTGVhZGVyIiwiZXhwIjoxNzAzOTQ3MDEzLCJpYXQiOjE3MDM5NDUyMTMsImF1dGhvcml0aWVzIjoiUk9MRV9NRU1CRVIiLCJuYW1lIjoidGVhbUxlYWRlciJ9.9Tf70ql6KU30l2E72pjLMXmR-vS22qByKNyFTBF5jJM", Content-Type:"application/json"]
Hibernate: insert into team (created_at,kanban,name,updated_at,team_id) values (?,?,?,?,default)
Hibernate: insert into team_setting (created_at,invite_status,member_id,team_id,updated_at,team_setting_id) values (?,?,?,?,?,default)
<초대할 사용자 이름> : teamMate
2023-12-30T23:06:53.956+09:00  INFO 97041 --- [    Test worker] p.r.d.t.controller.TeamControllerTest    : [team id : 11]
2023-12-30T23:06:53.958+09:00  INFO 97041 --- [    Test worker] p.rsmmm.global.config.jwt.TokenProvider  : 토큰 : eyJhbGciOiJIUzI1NiJ9.eyJzdWIiOiJ0ZWFtTGVhZGVyIiwiZXhwIjoxNzAzOTQ3MDEzLCJpYXQiOjE3MDM5NDUyMTMsImF1dGhvcml0aWVzIjoiUk9MRV9NRU1CRVIiLCJuYW1lIjoidGVhbUxlYWRlciJ9.9Tf70ql6KU30l2E72pjLMXmR-vS22qByKNyFTBF5jJM
Hibernate: select t1_0.team_setting_id,t1_0.created_at,t1_0.invite_status,t1_0.member_id,t1_0.team_id,t1_0.updated_at from team_setting t1_0 left join member m1_0 on m1_0.member_id=t1_0.member_id where m1_0.name=?
Hibernate: select m1_0.member_id,m1_0.authority,m1_0.created_at,m1_0.email,m1_0.name,m1_0.password,m1_0.updated_at from member m1_0 where m1_0.name=?
Hibernate: insert into team_setting (created_at,invite_status,member_id,team_id,updated_at,team_setting_id) values (?,?,?,?,?,default)

MockHttpServletRequest:
      HTTP Method = POST
      Request URI = /api/teams/11/invite
       Parameters = {invitedMemberName=[teamMate]}
          Headers = [Authorization:"Bearer eyJhbGciOiJIUzI1NiJ9.eyJzdWIiOiJ0ZWFtTGVhZGVyIiwiZXhwIjoxNzAzOTQ3MDEzLCJpYXQiOjE3MDM5NDUyMTMsImF1dGhvcml0aWVzIjoiUk9MRV9NRU1CRVIiLCJuYW1lIjoidGVhbUxlYWRlciJ9.9Tf70ql6KU30l2E72pjLMXmR-vS22qByKNyFTBF5jJM", Content-Type:"application/json;charset=UTF-8"]
             Body = null
    Session Attrs = {}

Handler:
             Type = pp.rsmmm.domain.team.controller.TeamController
           Method = pp.rsmmm.domain.team.controller.TeamController#inviteMate(Long, String)

Async:
    Async started = false
     Async result = null

Resolved Exception:
             Type = null

ModelAndView:
        View name = null
             View = null
            Model = null

FlashMap:
       Attributes = null

MockHttpServletResponse:
           Status = 200
    Error message = null
          Headers = [Vary:"Origin", "Access-Control-Request-Method", "Access-Control-Request-Headers", Content-Type:"text/plain;charset=UTF-8", Content-Length:"53", X-Content-Type-Options:"nosniff", X-XSS-Protection:"0", Cache-Control:"no-cache, no-store, max-age=0, must-revalidate", Pragma:"no-cache", Expires:"0"]
     Content type = text/plain;charset=UTF-8
             Body = teamMate님을 성공적으로 초대하였습니다.
    Forwarded URL = null
   Redirected URL = null
          Cookies = []
2023-12-30T23:06:53.964+09:00  INFO 97041 --- [    Test worker] p.r.d.t.controller.TeamControllerTest    : [invitee id : 40]
Hibernate: insert into member (authority,created_at,email,name,password,updated_at,member_id) values (?,?,?,?,?,?,default)
Hibernate: insert into member (authority,created_at,email,name,password,updated_at,member_id) values (?,?,?,?,?,?,default)
Hibernate: insert into member (authority,created_at,email,name,password,updated_at,member_id) values (?,?,?,?,?,?,default)
2023-12-30T23:06:54.203+09:00  INFO 97041 --- [    Test worker] p.r.d.t.controller.TeamControllerTest    : teamLeader id : 42 / teamMate id : 43 / notTeamMember : 44
2023-12-30T23:06:54.203+09:00  INFO 97041 --- [    Test worker] p.r.d.t.controller.TeamControllerTest    : [member : teamLeader
2023-12-30T23:06:54.203+09:00  INFO 97041 --- [    Test worker] p.r.d.t.controller.TeamControllerTest    : [Headers] ; [Authorization:"Bearer eyJhbGciOiJIUzI1NiJ9.eyJzdWIiOiJ0ZWFtTGVhZGVyIiwiZXhwIjoxNzAzOTQ3MDE0LCJpYXQiOjE3MDM5NDUyMTQsImF1dGhvcml0aWVzIjoiUk9MRV9NRU1CRVIiLCJuYW1lIjoidGVhbUxlYWRlciJ9.-v-V0pwCfGFTrG8Pa3VN-48KeAPmK-5co0_f8Hbxzyc", Content-Type:"application/json"]
2023-12-30T23:06:54.204+09:00  INFO 97041 --- [    Test worker] p.r.d.t.controller.TeamControllerTest    : <teamCreateRequestDto>pp.rsmmm.domain.team.dto.TeamCreateRequestDto@3e0575a2
2023-12-30T23:06:54.207+09:00  INFO 97041 --- [    Test worker] p.rsmmm.global.config.jwt.TokenProvider  : 토큰 : eyJhbGciOiJIUzI1NiJ9.eyJzdWIiOiJ0ZWFtTGVhZGVyIiwiZXhwIjoxNzAzOTQ3MDE0LCJpYXQiOjE3MDM5NDUyMTQsImF1dGhvcml0aWVzIjoiUk9MRV9NRU1CRVIiLCJuYW1lIjoidGVhbUxlYWRlciJ9.-v-V0pwCfGFTrG8Pa3VN-48KeAPmK-5co0_f8Hbxzyc
Hibernate: select t1_0.team_id from team t1_0 where t1_0.name=? fetch first ? rows only
Hibernate: insert into team (created_at,kanban,name,updated_at,team_id) values (?,?,?,?,default)
Hibernate: select m1_0.member_id,m1_0.authority,m1_0.created_at,m1_0.email,m1_0.name,m1_0.password,m1_0.updated_at from member m1_0 where m1_0.name=?
Hibernate: insert into team_setting (created_at,invite_status,member_id,team_id,updated_at,team_setting_id) values (?,?,?,?,?,default)

MockHttpServletRequest:
      HTTP Method = POST
      Request URI = /api/teams/create
       Parameters = {}
          Headers = [Content-Type:"application/json;charset=UTF-8", Authorization:"Bearer eyJhbGciOiJIUzI1NiJ9.eyJzdWIiOiJ0ZWFtTGVhZGVyIiwiZXhwIjoxNzAzOTQ3MDE0LCJpYXQiOjE3MDM5NDUyMTQsImF1dGhvcml0aWVzIjoiUk9MRV9NRU1CRVIiLCJuYW1lIjoidGVhbUxlYWRlciJ9.-v-V0pwCfGFTrG8Pa3VN-48KeAPmK-5co0_f8Hbxzyc", Content-Length:"41"]
             Body = {"name":"testTeam","kanban":"testKanban"}
    Session Attrs = {}

Handler:
             Type = pp.rsmmm.domain.team.controller.TeamController
           Method = pp.rsmmm.domain.team.controller.TeamController#createTeam(TeamCreateRequestDto)

Async:
    Async started = false
     Async result = null

Resolved Exception:
             Type = null

ModelAndView:
        View name = null
             View = null
            Model = null

FlashMap:
       Attributes = null

MockHttpServletResponse:
           Status = 201
    Error message = null
          Headers = [Vary:"Origin", "Access-Control-Request-Method", "Access-Control-Request-Headers", Content-Type:"application/json", X-Content-Type-Options:"nosniff", X-XSS-Protection:"0", Cache-Control:"no-cache, no-store, max-age=0, must-revalidate", Pragma:"no-cache", Expires:"0"]
     Content type = application/json
             Body = {"status":201,"message":"팀 testTeam이 성공적으로 생성되었습니다."}
    Forwarded URL = null
   Redirected URL = null
          Cookies = []
]]></system-out>
  <system-err><![CDATA[]]></system-err>
</testsuite>
