<?xml version="1.0" encoding="UTF-8"?>
<testsuite name="pp.rsmmm.domain.ticket.controller.TicketControllerTest" tests="8" skipped="0" failures="0" errors="0" timestamp="2023-12-27T15:30:53" hostname="upgrqnuui-MacBookAir.local" time="0.773">
  <properties/>
  <testcase name="팀장이 티켓 삭제 - 성공" classname="pp.rsmmm.domain.ticket.controller.TicketControllerTest" time="0.551"/>
  <testcase name="팀원이 티켓 순서 수정 - 성공" classname="pp.rsmmm.domain.ticket.controller.TicketControllerTest" time="0.062"/>
  <testcase name="팀원이 티켓 생성 - 성공" classname="pp.rsmmm.domain.ticket.controller.TicketControllerTest" time="0.046"/>
  <testcase name="팀장이 티켓 수정 - 성공" classname="pp.rsmmm.domain.ticket.controller.TicketControllerTest" time="0.023"/>
  <testcase name="팀장이 티켓 순서 수정 - 성공" classname="pp.rsmmm.domain.ticket.controller.TicketControllerTest" time="0.023"/>
  <testcase name="팀원이 티켓 삭제 - 성공" classname="pp.rsmmm.domain.ticket.controller.TicketControllerTest" time="0.02"/>
  <testcase name="팀원이 티켓 수정 - 성공" classname="pp.rsmmm.domain.ticket.controller.TicketControllerTest" time="0.022"/>
  <testcase name="팀장이 티켓 생성 - 성공" classname="pp.rsmmm.domain.ticket.controller.TicketControllerTest" time="0.017"/>
  <system-out><![CDATA[
  .   ____          _            __ _ _
 /\\ / ___'_ __ _ _(_)_ __  __ _ \ \ \ \
( ( )\___ | '_ | '_| | '_ \/ _` | \ \ \ \
 \\/  ___)| |_)| | | | | || (_| |  ) ) ) )
  '  |____| .__|_| |_|_| |_\__, | / / / /
 =========|_|==============|___/=/_/_/_/
 :: Spring Boot ::                (v3.1.1)

2023-12-28T00:30:49.078+09:00  INFO 38008 --- [    Test worker] p.r.d.t.controller.TicketControllerTest  : Starting TicketControllerTest using Java 17.0.9 with PID 38008 (started by upgrqnu in /Users/upgrqnu/Projects/kanban)
2023-12-28T00:30:49.080+09:00  INFO 38008 --- [    Test worker] p.r.d.t.controller.TicketControllerTest  : No active profile set, falling back to 1 default profile: "default"
2023-12-28T00:30:49.459+09:00  INFO 38008 --- [    Test worker] .s.d.r.c.RepositoryConfigurationDelegate : Bootstrapping Spring Data JPA repositories in DEFAULT mode.
2023-12-28T00:30:49.501+09:00  INFO 38008 --- [    Test worker] .s.d.r.c.RepositoryConfigurationDelegate : Finished Spring Data repository scanning in 37 ms. Found 6 JPA repository interfaces.
2023-12-28T00:30:49.741+09:00  INFO 38008 --- [    Test worker] o.hibernate.jpa.internal.util.LogHelper  : HHH000204: Processing PersistenceUnitInfo [name: default]
2023-12-28T00:30:49.764+09:00  INFO 38008 --- [    Test worker] org.hibernate.Version                    : HHH000412: Hibernate ORM core version 6.2.5.Final
2023-12-28T00:30:49.765+09:00  INFO 38008 --- [    Test worker] org.hibernate.cfg.Environment            : HHH000406: Using bytecode reflection optimizer
2023-12-28T00:30:49.821+09:00  INFO 38008 --- [    Test worker] o.h.b.i.BytecodeProviderInitiator        : HHH000021: Bytecode provider name : bytebuddy
2023-12-28T00:30:49.891+09:00  INFO 38008 --- [    Test worker] o.s.o.j.p.SpringPersistenceUnitInfo      : No LoadTimeWeaver setup: ignoring JPA class transformer
2023-12-28T00:30:49.899+09:00  INFO 38008 --- [    Test worker] com.zaxxer.hikari.HikariDataSource       : HikariPool-1 - Starting...
2023-12-28T00:30:49.990+09:00  INFO 38008 --- [    Test worker] com.zaxxer.hikari.pool.HikariPool        : HikariPool-1 - Added connection conn0: url=jdbc:h2:mem:kanban user=SA
2023-12-28T00:30:49.990+09:00  INFO 38008 --- [    Test worker] com.zaxxer.hikari.HikariDataSource       : HikariPool-1 - Start completed.
2023-12-28T00:30:50.126+09:00  INFO 38008 --- [    Test worker] o.h.b.i.BytecodeProviderInitiator        : HHH000021: Bytecode provider name : bytebuddy
2023-12-28T00:30:50.483+09:00  INFO 38008 --- [    Test worker] o.h.e.t.j.p.i.JtaPlatformInitiator       : HHH000490: Using JtaPlatform implementation: [org.hibernate.engine.transaction.jta.platform.internal.NoJtaPlatform]
Hibernate: create table member (member_id bigint generated by default as identity, created_at timestamp(6), updated_at timestamp(6), authority varchar(255) check (authority in ('ROLE_MEMBER','ROLE_ADMIN')), email varchar(100) not null, name varchar(255) not null, password varchar(255) not null, primary key (member_id))
Hibernate: create table progress (progress_id bigint generated by default as identity, created_at timestamp(6), updated_at timestamp(6), name varchar(255) not null, numbering integer not null, team_id bigint, primary key (progress_id))
Hibernate: create table refresh_token (id bigint generated by default as identity, member_name varchar(255), refresh_token varchar(255) not null, primary key (id))
Hibernate: create table team (team_id bigint generated by default as identity, created_at timestamp(6), updated_at timestamp(6), kanban varchar(255) not null, name varchar(255) not null, primary key (team_id))
Hibernate: create table team_setting (team_setting_id bigint generated by default as identity, created_at timestamp(6), updated_at timestamp(6), invite_status varchar(255) check (invite_status in ('INVITING','RECEIVED','ACCEPTED','REFUSED')), member_id bigint, team_id bigint, primary key (team_setting_id))
Hibernate: create table ticket (ticket_id bigint generated by default as identity, created_at timestamp(6), updated_at timestamp(6), due_date timestamp(6), member_id bigint not null, numbering integer not null, person_hour float(53), tag varchar(255) not null, title varchar(255) not null, progress_id bigint, primary key (ticket_id))
Hibernate: alter table if exists member drop constraint if exists UK_9esvgikrmti1v7ci6v453imdc
Hibernate: alter table if exists member add constraint UK_9esvgikrmti1v7ci6v453imdc unique (name)
Hibernate: alter table if exists refresh_token drop constraint if exists UK_mpvu2fmreqp9cqddttyfaym9v
Hibernate: alter table if exists refresh_token add constraint UK_mpvu2fmreqp9cqddttyfaym9v unique (refresh_token)
Hibernate: alter table if exists team drop constraint if exists UK_g2l9qqsoeuynt4r5ofdt1x2td
Hibernate: alter table if exists team add constraint UK_g2l9qqsoeuynt4r5ofdt1x2td unique (name)
Hibernate: alter table if exists progress add constraint FK9rdflrh05eu15ao9mldbr2eqg foreign key (team_id) references team
Hibernate: alter table if exists team_setting add constraint FKt32yypbcl2vkfghbckat66bfb foreign key (member_id) references member
Hibernate: alter table if exists team_setting add constraint FKma72ct0tv3cuvuw7tpe3qs2br foreign key (team_id) references team
Hibernate: alter table if exists ticket add constraint FK2vn168ig3a4crk8lfejvqueoi foreign key (progress_id) references progress
2023-12-28T00:30:50.535+09:00  INFO 38008 --- [    Test worker] j.LocalContainerEntityManagerFactoryBean : Initialized JPA EntityManagerFactory for persistence unit 'default'
2023-12-28T00:30:50.954+09:00  WARN 38008 --- [    Test worker] JpaBaseConfiguration$JpaWebConfiguration : spring.jpa.open-in-view is enabled by default. Therefore, database queries may be performed during view rendering. Explicitly configure spring.jpa.open-in-view to disable this warning
2023-12-28T00:30:50.971+09:00  WARN 38008 --- [    Test worker] .s.s.UserDetailsServiceAutoConfiguration : 

Using generated security password: 5e376357-126d-4703-8c96-ed0eb8d3e282

This generated password is for development use only. Your security configuration must be updated before running your application in production.

2023-12-28T00:30:51.131+09:00  INFO 38008 --- [    Test worker] o.s.s.web.DefaultSecurityFilterChain     : Will secure any request with [org.springframework.security.web.session.DisableEncodeUrlFilter@4545cfc0, org.springframework.security.web.context.request.async.WebAsyncManagerIntegrationFilter@5cdafb4d, org.springframework.security.web.context.SecurityContextHolderFilter@525c0f74, org.springframework.security.web.header.HeaderWriterFilter@3e3d8e6c, org.springframework.web.filter.CorsFilter@58ca1cad, org.springframework.security.web.authentication.logout.LogoutFilter@5352bc0e, pp.rsmmm.global.config.jwt.TokenAuthenticationFilter@7d381eae, org.springframework.security.web.savedrequest.RequestCacheAwareFilter@64b0ec4a, org.springframework.security.web.servletapi.SecurityContextHolderAwareRequestFilter@7ef8899d, org.springframework.security.web.authentication.AnonymousAuthenticationFilter@5ae6119b, org.springframework.security.web.session.SessionManagementFilter@77331437, org.springframework.security.web.access.ExceptionTranslationFilter@7e0393df, org.springframework.security.web.access.intercept.AuthorizationFilter@2f16c21f]
2023-12-28T00:30:51.266+09:00  INFO 38008 --- [    Test worker] o.s.b.a.h2.H2ConsoleAutoConfiguration    : H2 console available at '/h2-console'. Database available at 'jdbc:h2:mem:kanban'
2023-12-28T00:30:51.284+09:00  WARN 38008 --- [    Test worker] o.s.s.c.a.web.builders.WebSecurity       : You are asking Spring Security to ignore org.springframework.boot.autoconfigure.security.servlet.PathRequest$H2ConsoleRequestMatcher@4582da06. This is not recommended -- please use permitAll via HttpSecurity#authorizeHttpRequests instead.
2023-12-28T00:30:51.284+09:00  INFO 38008 --- [    Test worker] o.s.s.web.DefaultSecurityFilterChain     : Will not secure org.springframework.boot.autoconfigure.security.servlet.PathRequest$H2ConsoleRequestMatcher@4582da06
2023-12-28T00:30:51.311+09:00  INFO 38008 --- [    Test worker] o.s.b.t.m.w.SpringBootMockServletContext : Initializing Spring TestDispatcherServlet ''
2023-12-28T00:30:51.311+09:00  INFO 38008 --- [    Test worker] o.s.t.web.servlet.TestDispatcherServlet  : Initializing Servlet ''
2023-12-28T00:30:51.312+09:00  INFO 38008 --- [    Test worker] o.s.t.web.servlet.TestDispatcherServlet  : Completed initialization in 1 ms
2023-12-28T00:30:51.335+09:00  INFO 38008 --- [    Test worker] p.r.d.t.controller.TicketControllerTest  : Started TicketControllerTest in 2.433 seconds (process running for 2.993)
Hibernate: insert into member (authority,created_at,email,name,password,updated_at,member_id) values (?,?,?,?,?,?,default)
Hibernate: insert into team (created_at,kanban,name,updated_at,team_id) values (?,?,?,?,default)
Hibernate: insert into team_setting (created_at,invite_status,member_id,team_id,updated_at,team_setting_id) values (?,?,?,?,?,default)
Hibernate: insert into member (authority,created_at,email,name,password,updated_at,member_id) values (?,?,?,?,?,?,default)
Hibernate: insert into team (created_at,kanban,name,updated_at,team_id) values (?,?,?,?,default)
Hibernate: insert into team_setting (created_at,invite_status,member_id,team_id,updated_at,team_setting_id) values (?,?,?,?,?,default)
Hibernate: insert into member (authority,created_at,email,name,password,updated_at,member_id) values (?,?,?,?,?,?,default)
Hibernate: insert into team (created_at,kanban,name,updated_at,team_id) values (?,?,?,?,default)
Hibernate: insert into team_setting (created_at,invite_status,member_id,team_id,updated_at,team_setting_id) values (?,?,?,?,?,default)
Hibernate: insert into member (authority,created_at,email,name,password,updated_at,member_id) values (?,?,?,?,?,?,default)
Hibernate: insert into team (created_at,kanban,name,updated_at,team_id) values (?,?,?,?,default)
Hibernate: insert into team_setting (created_at,invite_status,member_id,team_id,updated_at,team_setting_id) values (?,?,?,?,?,default)
Hibernate: insert into team_setting (created_at,invite_status,member_id,team_id,updated_at,team_setting_id) values (?,?,?,?,?,default)
Hibernate: insert into member (authority,created_at,email,name,password,updated_at,member_id) values (?,?,?,?,?,?,default)
Hibernate: insert into team_setting (created_at,invite_status,member_id,team_id,updated_at,team_setting_id) values (?,?,?,?,?,default)
Hibernate: insert into member (authority,created_at,email,name,password,updated_at,member_id) values (?,?,?,?,?,?,default)
Hibernate: insert into team_setting (created_at,invite_status,member_id,team_id,updated_at,team_setting_id) values (?,?,?,?,?,default)
Hibernate: insert into member (authority,created_at,email,name,password,updated_at,member_id) values (?,?,?,?,?,?,default)
Hibernate: insert into team_setting (created_at,invite_status,member_id,team_id,updated_at,team_setting_id) values (?,?,?,?,?,default)
Hibernate: insert into member (authority,created_at,email,name,password,updated_at,member_id) values (?,?,?,?,?,?,default)
Hibernate: insert into team_setting (created_at,invite_status,member_id,team_id,updated_at,team_setting_id) values (?,?,?,?,?,default)
Hibernate: insert into team_setting (created_at,invite_status,member_id,team_id,updated_at,team_setting_id) values (?,?,?,?,?,default)
Hibernate: insert into member (authority,created_at,email,name,password,updated_at,member_id) values (?,?,?,?,?,?,default)
Hibernate: insert into team_setting (created_at,invite_status,member_id,team_id,updated_at,team_setting_id) values (?,?,?,?,?,default)
Hibernate: insert into team_setting (created_at,invite_status,member_id,team_id,updated_at,team_setting_id) values (?,?,?,?,?,default)
Hibernate: insert into member (authority,created_at,email,name,password,updated_at,member_id) values (?,?,?,?,?,?,default)
Hibernate: insert into team_setting (created_at,invite_status,member_id,team_id,updated_at,team_setting_id) values (?,?,?,?,?,default)
Hibernate: insert into member (authority,created_at,email,name,password,updated_at,member_id) values (?,?,?,?,?,?,default)
Hibernate: insert into team_setting (created_at,invite_status,member_id,team_id,updated_at,team_setting_id) values (?,?,?,?,?,default)
Hibernate: insert into member (authority,created_at,email,name,password,updated_at,member_id) values (?,?,?,?,?,?,default)
Hibernate: insert into team_setting (created_at,invite_status,member_id,team_id,updated_at,team_setting_id) values (?,?,?,?,?,default)
Hibernate: insert into progress (created_at,name,numbering,team_id,updated_at,progress_id) values (?,?,?,?,?,default)
Hibernate: insert into progress (created_at,name,numbering,team_id,updated_at,progress_id) values (?,?,?,?,?,default)
Hibernate: insert into ticket (created_at,due_date,member_id,numbering,person_hour,progress_id,tag,title,updated_at,ticket_id) values (?,?,?,?,?,?,?,?,?,default)
Hibernate: insert into ticket (created_at,due_date,member_id,numbering,person_hour,progress_id,tag,title,updated_at,ticket_id) values (?,?,?,?,?,?,?,?,?,default)
Hibernate: insert into ticket (created_at,due_date,member_id,numbering,person_hour,progress_id,tag,title,updated_at,ticket_id) values (?,?,?,?,?,?,?,?,?,default)
Hibernate: insert into ticket (created_at,due_date,member_id,numbering,person_hour,progress_id,tag,title,updated_at,ticket_id) values (?,?,?,?,?,?,?,?,?,default)
Hibernate: insert into ticket (created_at,due_date,member_id,numbering,person_hour,progress_id,tag,title,updated_at,ticket_id) values (?,?,?,?,?,?,?,?,?,default)
Hibernate: insert into member (authority,created_at,email,name,password,updated_at,member_id) values (?,?,?,?,?,?,default)
Hibernate: insert into member (authority,created_at,email,name,password,updated_at,member_id) values (?,?,?,?,?,?,default)
Hibernate: insert into member (authority,created_at,email,name,password,updated_at,member_id) values (?,?,?,?,?,?,default)
Hibernate: insert into member (authority,created_at,email,name,password,updated_at,member_id) values (?,?,?,?,?,?,default)
Hibernate: insert into member (authority,created_at,email,name,password,updated_at,member_id) values (?,?,?,?,?,?,default)
Hibernate: insert into member (authority,created_at,email,name,password,updated_at,member_id) values (?,?,?,?,?,?,default)
Hibernate: insert into member (authority,created_at,email,name,password,updated_at,member_id) values (?,?,?,?,?,?,default)
Hibernate: insert into member (authority,created_at,email,name,password,updated_at,member_id) values (?,?,?,?,?,?,default)
Hibernate: select m1_0.member_id,m1_0.authority,m1_0.created_at,m1_0.email,m1_0.name,m1_0.password,m1_0.updated_at from member m1_0 where m1_0.name=?
2023-12-28T00:30:53.493+09:00  INFO 38008 --- [    Test worker] p.r.d.t.controller.TicketControllerTest  : [member : dummy_member01
2023-12-28T00:30:53.518+09:00  INFO 38008 --- [    Test worker] p.r.d.t.controller.TicketControllerTest  : [Headers] ; [Authorization:"Bearer eyJhbGciOiJIUzI1NiJ9.eyJzdWIiOiJkdW1teV9tZW1iZXIwMSIsImV4cCI6MTcwMzY5Mjg1MywiaWF0IjoxNzAzNjkxMDUzLCJhdXRob3JpdGllcyI6IlJPTEVfTUVNQkVSIiwibmFtZSI6ImR1bW15X21lbWJlcjAxIn0.6tN3HaMwgwuKYHhbNdw_thxGhDOzUomHj-vM5FkQ6hg", Content-Type:"application/json"]
2023-12-28T00:30:53.537+09:00  INFO 38008 --- [    Test worker] p.rsmmm.global.config.jwt.TokenProvider  : 토큰 : eyJhbGciOiJIUzI1NiJ9.eyJzdWIiOiJkdW1teV9tZW1iZXIwMSIsImV4cCI6MTcwMzY5Mjg1MywiaWF0IjoxNzAzNjkxMDUzLCJhdXRob3JpdGllcyI6IlJPTEVfTUVNQkVSIiwibmFtZSI6ImR1bW15X21lbWJlcjAxIn0.6tN3HaMwgwuKYHhbNdw_thxGhDOzUomHj-vM5FkQ6hg
Hibernate: select t1_0.team_id,t1_0.created_at,t1_0.kanban,t1_0.name,t1_0.updated_at from team t1_0 where t1_0.team_id=?
Hibernate: select p1_0.progress_id,p1_0.created_at,p1_0.name,p1_0.numbering,t1_0.team_id,t1_0.created_at,t1_0.kanban,t1_0.name,t1_0.updated_at,p1_0.updated_at from progress p1_0 left join team t1_0 on t1_0.team_id=p1_0.team_id where p1_0.progress_id=?
Hibernate: select t1_0.ticket_id,t1_0.created_at,t1_0.due_date,t1_0.member_id,t1_0.numbering,t1_0.person_hour,p1_0.progress_id,p1_0.created_at,p1_0.name,p1_0.numbering,t2_0.team_id,t2_0.created_at,t2_0.kanban,t2_0.name,t2_0.updated_at,p1_0.updated_at,t1_0.tag,t1_0.title,t1_0.updated_at from ticket t1_0 left join progress p1_0 on p1_0.progress_id=t1_0.progress_id left join team t2_0 on t2_0.team_id=p1_0.team_id where t1_0.ticket_id=?
Hibernate: select m1_0.member_id,m1_0.authority,m1_0.created_at,m1_0.email,m1_0.name,m1_0.password,m1_0.updated_at from member m1_0 where m1_0.name=?
Hibernate: select t1_0.team_setting_id,t1_0.created_at,t1_0.invite_status,t1_0.member_id,t1_0.team_id,t1_0.updated_at from team_setting t1_0 where t1_0.team_id=?
Hibernate: select m1_0.member_id,m1_0.authority,m1_0.created_at,m1_0.email,m1_0.name,m1_0.password,m1_0.updated_at from member m1_0 where m1_0.member_id=?
Hibernate: select m1_0.member_id,m1_0.authority,m1_0.created_at,m1_0.email,m1_0.name,m1_0.password,m1_0.updated_at from member m1_0 where m1_0.member_id=?
Hibernate: select m1_0.member_id,m1_0.authority,m1_0.created_at,m1_0.email,m1_0.name,m1_0.password,m1_0.updated_at from member m1_0 where m1_0.member_id=?
Hibernate: select m1_0.member_id,m1_0.authority,m1_0.created_at,m1_0.email,m1_0.name,m1_0.password,m1_0.updated_at from member m1_0 where m1_0.member_id=?

MockHttpServletRequest:
      HTTP Method = DELETE
      Request URI = /api/teams/1/progresses/2/tickets/3
       Parameters = {}
          Headers = [Authorization:"Bearer eyJhbGciOiJIUzI1NiJ9.eyJzdWIiOiJkdW1teV9tZW1iZXIwMSIsImV4cCI6MTcwMzY5Mjg1MywiaWF0IjoxNzAzNjkxMDUzLCJhdXRob3JpdGllcyI6IlJPTEVfTUVNQkVSIiwibmFtZSI6ImR1bW15X21lbWJlcjAxIn0.6tN3HaMwgwuKYHhbNdw_thxGhDOzUomHj-vM5FkQ6hg", Content-Type:"application/json;charset=UTF-8"]
             Body = null
    Session Attrs = {}

Handler:
             Type = pp.rsmmm.domain.ticket.controller.TicketController
           Method = pp.rsmmm.domain.ticket.controller.TicketController#deleteTicket(Long, Long, Long)

Async:
    Async started = false
     Async result = null

Resolved Exception:
             Type = null

ModelAndView:
        View name = null
             View = null
            Model = null

FlashMap:
       Attributes = null

MockHttpServletResponse:
           Status = 200
    Error message = null
          Headers = [Vary:"Origin", "Access-Control-Request-Method", "Access-Control-Request-Headers", Content-Type:"text/plain;charset=UTF-8", Content-Length:"39", X-Content-Type-Options:"nosniff", X-XSS-Protection:"0", Cache-Control:"no-cache, no-store, max-age=0, must-revalidate", Pragma:"no-cache", Expires:"0"]
     Content type = text/plain;charset=UTF-8
             Body = 티켓 삭제가 완료되었습니다.
    Forwarded URL = null
   Redirected URL = null
          Cookies = []
Hibernate: select m1_0.member_id,m1_0.authority,m1_0.created_at,m1_0.email,m1_0.name,m1_0.password,m1_0.updated_at from member m1_0 where m1_0.name=?
2023-12-28T00:30:53.588+09:00  INFO 38008 --- [    Test worker] p.r.d.t.controller.TicketControllerTest  : [member : dummy_member04
2023-12-28T00:30:53.589+09:00  INFO 38008 --- [    Test worker] p.r.d.t.controller.TicketControllerTest  : [Headers] ; [Authorization:"Bearer eyJhbGciOiJIUzI1NiJ9.eyJzdWIiOiJkdW1teV9tZW1iZXIwNCIsImV4cCI6MTcwMzY5Mjg1MywiaWF0IjoxNzAzNjkxMDUzLCJhdXRob3JpdGllcyI6IlJPTEVfTUVNQkVSIiwibmFtZSI6ImR1bW15X21lbWJlcjA0In0.mdp3jOhDFjRjGxbEcEq_0v5Imp0C13DZeO8L5M7Wn8Y", Content-Type:"application/json"]
Hibernate: select t1_0.ticket_id,t1_0.created_at,t1_0.due_date,t1_0.member_id,t1_0.numbering,t1_0.person_hour,p1_0.progress_id,p1_0.created_at,p1_0.name,p1_0.numbering,t2_0.team_id,t2_0.created_at,t2_0.kanban,t2_0.name,t2_0.updated_at,p1_0.updated_at,t1_0.tag,t1_0.title,t1_0.updated_at from ticket t1_0 left join progress p1_0 on p1_0.progress_id=t1_0.progress_id left join team t2_0 on t2_0.team_id=p1_0.team_id where t1_0.ticket_id=?
Hibernate: select t1_0.ticket_id,t1_0.created_at,t1_0.due_date,t1_0.member_id,t1_0.numbering,t1_0.person_hour,p1_0.progress_id,p1_0.created_at,p1_0.name,p1_0.numbering,t2_0.team_id,t2_0.created_at,t2_0.kanban,t2_0.name,t2_0.updated_at,p1_0.updated_at,t1_0.tag,t1_0.title,t1_0.updated_at from ticket t1_0 left join progress p1_0 on p1_0.progress_id=t1_0.progress_id left join team t2_0 on t2_0.team_id=p1_0.team_id where t1_0.ticket_id=?
Hibernate: select t1_0.ticket_id,t1_0.created_at,t1_0.due_date,t1_0.member_id,t1_0.numbering,t1_0.person_hour,p1_0.progress_id,p1_0.created_at,p1_0.name,p1_0.numbering,t2_0.team_id,t2_0.created_at,t2_0.kanban,t2_0.name,t2_0.updated_at,p1_0.updated_at,t1_0.tag,t1_0.title,t1_0.updated_at from ticket t1_0 left join progress p1_0 on p1_0.progress_id=t1_0.progress_id left join team t2_0 on t2_0.team_id=p1_0.team_id where t1_0.ticket_id=?
Hibernate: select t1_0.ticket_id,t1_0.created_at,t1_0.due_date,t1_0.member_id,t1_0.numbering,t1_0.person_hour,p1_0.progress_id,p1_0.created_at,p1_0.name,p1_0.numbering,t2_0.team_id,t2_0.created_at,t2_0.kanban,t2_0.name,t2_0.updated_at,p1_0.updated_at,t1_0.tag,t1_0.title,t1_0.updated_at from ticket t1_0 left join progress p1_0 on p1_0.progress_id=t1_0.progress_id left join team t2_0 on t2_0.team_id=p1_0.team_id where t1_0.ticket_id=?
Hibernate: select t1_0.ticket_id,t1_0.created_at,t1_0.due_date,t1_0.member_id,t1_0.numbering,t1_0.person_hour,p1_0.progress_id,p1_0.created_at,p1_0.name,p1_0.numbering,t2_0.team_id,t2_0.created_at,t2_0.kanban,t2_0.name,t2_0.updated_at,p1_0.updated_at,t1_0.tag,t1_0.title,t1_0.updated_at from ticket t1_0 left join progress p1_0 on p1_0.progress_id=t1_0.progress_id left join team t2_0 on t2_0.team_id=p1_0.team_id where t1_0.ticket_id=?
2023-12-28T00:30:53.600+09:00  INFO 38008 --- [    Test worker] p.rsmmm.global.config.jwt.TokenProvider  : 토큰 : eyJhbGciOiJIUzI1NiJ9.eyJzdWIiOiJkdW1teV9tZW1iZXIwNCIsImV4cCI6MTcwMzY5Mjg1MywiaWF0IjoxNzAzNjkxMDUzLCJhdXRob3JpdGllcyI6IlJPTEVfTUVNQkVSIiwibmFtZSI6ImR1bW15X21lbWJlcjA0In0.mdp3jOhDFjRjGxbEcEq_0v5Imp0C13DZeO8L5M7Wn8Y
Hibernate: select m1_0.member_id,m1_0.authority,m1_0.created_at,m1_0.email,m1_0.name,m1_0.password,m1_0.updated_at from member m1_0 where m1_0.name=?
Hibernate: select t1_0.team_setting_id,t1_0.created_at,t1_0.invite_status,t1_0.member_id,t1_0.team_id,t1_0.updated_at from team_setting t1_0 where t1_0.team_id=?
Hibernate: select m1_0.member_id,m1_0.authority,m1_0.created_at,m1_0.email,m1_0.name,m1_0.password,m1_0.updated_at from member m1_0 where m1_0.member_id=?
Hibernate: select m1_0.member_id,m1_0.authority,m1_0.created_at,m1_0.email,m1_0.name,m1_0.password,m1_0.updated_at from member m1_0 where m1_0.member_id=?
Hibernate: select m1_0.member_id,m1_0.authority,m1_0.created_at,m1_0.email,m1_0.name,m1_0.password,m1_0.updated_at from member m1_0 where m1_0.member_id=?
Hibernate: select m1_0.member_id,m1_0.authority,m1_0.created_at,m1_0.email,m1_0.name,m1_0.password,m1_0.updated_at from member m1_0 where m1_0.member_id=?
Hibernate: select p1_0.progress_id,p1_0.created_at,p1_0.name,p1_0.numbering,p1_0.team_id,p1_0.updated_at from progress p1_0 where p1_0.numbering=?
Hibernate: select t1_0.ticket_id,t1_0.created_at,t1_0.due_date,t1_0.member_id,t1_0.numbering,t1_0.person_hour,t1_0.progress_id,t1_0.tag,t1_0.title,t1_0.updated_at from ticket t1_0 where t1_0.progress_id=?
Hibernate: insert into ticket (created_at,due_date,member_id,numbering,person_hour,progress_id,tag,title,updated_at,ticket_id) values (?,?,?,?,?,?,?,?,?,default)
Hibernate: update ticket set due_date=?,member_id=?,numbering=?,person_hour=?,progress_id=?,tag=?,title=?,updated_at=? where ticket_id=?
Hibernate: select t1_0.ticket_id,t1_0.created_at,t1_0.due_date,t1_0.member_id,t1_0.numbering,t1_0.person_hour,t1_0.progress_id,t1_0.tag,t1_0.title,t1_0.updated_at from ticket t1_0 where t1_0.progress_id=?

MockHttpServletRequest:
      HTTP Method = PATCH
      Request URI = /api/teams/1/progresses/1/tickets/1
       Parameters = {}
          Headers = [Content-Type:"application/json;charset=UTF-8", Authorization:"Bearer eyJhbGciOiJIUzI1NiJ9.eyJzdWIiOiJkdW1teV9tZW1iZXIwNCIsImV4cCI6MTcwMzY5Mjg1MywiaWF0IjoxNzAzNjkxMDUzLCJhdXRob3JpdGllcyI6IlJPTEVfTUVNQkVSIiwibmFtZSI6ImR1bW15X21lbWJlcjA0In0.mdp3jOhDFjRjGxbEcEq_0v5Imp0C13DZeO8L5M7Wn8Y", Content-Length:"31"]
             Body = {"progressNum":2,"ticketNum":2}
    Session Attrs = {}

Handler:
             Type = pp.rsmmm.domain.ticket.controller.TicketController
           Method = pp.rsmmm.domain.ticket.controller.TicketController#modifyTicketOrder(TicketOrderModifyDto, Long, Long, Long)

Async:
    Async started = false
     Async result = null

Resolved Exception:
             Type = null

ModelAndView:
        View name = null
             View = null
            Model = null

FlashMap:
       Attributes = null

MockHttpServletResponse:
           Status = 200
    Error message = null
          Headers = [Vary:"Origin", "Access-Control-Request-Method", "Access-Control-Request-Headers", Content-Type:"application/json", X-Content-Type-Options:"nosniff", X-XSS-Protection:"0", Cache-Control:"no-cache, no-store, max-age=0, must-revalidate", Pragma:"no-cache", Expires:"0"]
     Content type = application/json
             Body = {"createdAt":"2023-12-28T00:30:52.403475","updatedAt":"2023-12-28T00:30:52.403475","id":1,"title":"A","numbering":1,"tag":"frontend","personHour":4.5,"dueDate":"2023-11-27T11:30:00","memberId":1}
    Forwarded URL = null
   Redirected URL = null
          Cookies = []
2023-12-28T00:30:53.644+09:00  INFO 38008 --- [    Test worker] p.r.d.t.controller.TicketControllerTest  : [ B - Progress : Progress_1 / numbering : 1 ]
2023-12-28T00:30:53.644+09:00  INFO 38008 --- [    Test worker] p.r.d.t.controller.TicketControllerTest  : [ C - Progress : Progress_1 / numbering : 2 ]
2023-12-28T00:30:53.644+09:00  INFO 38008 --- [    Test worker] p.r.d.t.controller.TicketControllerTest  : [ D - Progress : Progress_2 / numbering : 1 ]
2023-12-28T00:30:53.644+09:00  INFO 38008 --- [    Test worker] p.r.d.t.controller.TicketControllerTest  : [ A - Progress : Progress_2 / numbering : 2 ]
2023-12-28T00:30:53.644+09:00  INFO 38008 --- [    Test worker] p.r.d.t.controller.TicketControllerTest  : [ E - Progress : Progress_2 / numbering : 3 ]
Hibernate: select m1_0.member_id,m1_0.authority,m1_0.created_at,m1_0.email,m1_0.name,m1_0.password,m1_0.updated_at from member m1_0 where m1_0.name=?
2023-12-28T00:30:53.652+09:00  INFO 38008 --- [    Test worker] p.r.d.t.controller.TicketControllerTest  : [member : dummy_member04
2023-12-28T00:30:53.653+09:00  INFO 38008 --- [    Test worker] p.r.d.t.controller.TicketControllerTest  : [Headers] ; [Authorization:"Bearer eyJhbGciOiJIUzI1NiJ9.eyJzdWIiOiJkdW1teV9tZW1iZXIwNCIsImV4cCI6MTcwMzY5Mjg1MywiaWF0IjoxNzAzNjkxMDUzLCJhdXRob3JpdGllcyI6IlJPTEVfTUVNQkVSIiwibmFtZSI6ImR1bW15X21lbWJlcjA0In0.mdp3jOhDFjRjGxbEcEq_0v5Imp0C13DZeO8L5M7Wn8Y", Content-Type:"application/json"]
2023-12-28T00:30:53.653+09:00  INFO 38008 --- [    Test worker] p.r.d.t.controller.TicketControllerTest  : <progressCreateRequestDto>pp.rsmmm.domain.ticket.dto.TicketCreateRequestDto@12dcfa6a
2023-12-28T00:30:53.655+09:00  INFO 38008 --- [    Test worker] p.rsmmm.global.config.jwt.TokenProvider  : 토큰 : eyJhbGciOiJIUzI1NiJ9.eyJzdWIiOiJkdW1teV9tZW1iZXIwNCIsImV4cCI6MTcwMzY5Mjg1MywiaWF0IjoxNzAzNjkxMDUzLCJhdXRob3JpdGllcyI6IlJPTEVfTUVNQkVSIiwibmFtZSI6ImR1bW15X21lbWJlcjA0In0.mdp3jOhDFjRjGxbEcEq_0v5Imp0C13DZeO8L5M7Wn8Y
Hibernate: select t1_0.team_id,t1_0.created_at,t1_0.kanban,t1_0.name,t1_0.updated_at from team t1_0 where t1_0.team_id=?
Hibernate: select p1_0.progress_id,p1_0.created_at,p1_0.name,p1_0.numbering,t1_0.team_id,t1_0.created_at,t1_0.kanban,t1_0.name,t1_0.updated_at,p1_0.updated_at from progress p1_0 left join team t1_0 on t1_0.team_id=p1_0.team_id where p1_0.progress_id=?
Hibernate: select m1_0.member_id,m1_0.authority,m1_0.created_at,m1_0.email,m1_0.name,m1_0.password,m1_0.updated_at from member m1_0 where m1_0.name=?
Hibernate: select t1_0.team_setting_id,t1_0.created_at,t1_0.invite_status,t1_0.member_id,t1_0.team_id,t1_0.updated_at from team_setting t1_0 where t1_0.team_id=?
Hibernate: select m1_0.member_id,m1_0.authority,m1_0.created_at,m1_0.email,m1_0.name,m1_0.password,m1_0.updated_at from member m1_0 where m1_0.member_id=?
Hibernate: select m1_0.member_id,m1_0.authority,m1_0.created_at,m1_0.email,m1_0.name,m1_0.password,m1_0.updated_at from member m1_0 where m1_0.member_id=?
Hibernate: select m1_0.member_id,m1_0.authority,m1_0.created_at,m1_0.email,m1_0.name,m1_0.password,m1_0.updated_at from member m1_0 where m1_0.member_id=?
Hibernate: select m1_0.member_id,m1_0.authority,m1_0.created_at,m1_0.email,m1_0.name,m1_0.password,m1_0.updated_at from member m1_0 where m1_0.member_id=?
Hibernate: select count(t1_0.ticket_id) from ticket t1_0 where t1_0.progress_id=?
Hibernate: insert into ticket (created_at,due_date,member_id,numbering,person_hour,progress_id,tag,title,updated_at,ticket_id) values (?,?,?,?,?,?,?,?,?,default)

MockHttpServletRequest:
      HTTP Method = POST
      Request URI = /api/teams/1/progresses/1/tickets/create
       Parameters = {}
          Headers = [Content-Type:"application/json;charset=UTF-8", Authorization:"Bearer eyJhbGciOiJIUzI1NiJ9.eyJzdWIiOiJkdW1teV9tZW1iZXIwNCIsImV4cCI6MTcwMzY5Mjg1MywiaWF0IjoxNzAzNjkxMDUzLCJhdXRob3JpdGllcyI6IlJPTEVfTUVNQkVSIiwibmFtZSI6ImR1bW15X21lbWJlcjA0In0.mdp3jOhDFjRjGxbEcEq_0v5Imp0C13DZeO8L5M7Wn8Y", Content-Length:"91"]
             Body = {"title":"test","tag":"middleEnd","personHour":10.0,"dueDate":"2023-12-28T00:30:53.653197"}
    Session Attrs = {}

Handler:
             Type = pp.rsmmm.domain.ticket.controller.TicketController
           Method = pp.rsmmm.domain.ticket.controller.TicketController#createTicket(Long, Long, TicketCreateRequestDto)

Async:
    Async started = false
     Async result = null

Resolved Exception:
             Type = null

ModelAndView:
        View name = null
             View = null
            Model = null

FlashMap:
       Attributes = null

MockHttpServletResponse:
           Status = 201
    Error message = null
          Headers = [Vary:"Origin", "Access-Control-Request-Method", "Access-Control-Request-Headers", Content-Type:"application/json", X-Content-Type-Options:"nosniff", X-XSS-Protection:"0", Cache-Control:"no-cache, no-store, max-age=0, must-revalidate", Pragma:"no-cache", Expires:"0"]
     Content type = application/json
             Body = {"status":201,"message":"<test> 티켓이 생성되었습니다."}
    Forwarded URL = null
   Redirected URL = null
          Cookies = []
Hibernate: select m1_0.member_id,m1_0.authority,m1_0.created_at,m1_0.email,m1_0.name,m1_0.password,m1_0.updated_at from member m1_0 where m1_0.name=?
2023-12-28T00:30:53.698+09:00  INFO 38008 --- [    Test worker] p.r.d.t.controller.TicketControllerTest  : [member : dummy_member01
2023-12-28T00:30:53.699+09:00  INFO 38008 --- [    Test worker] p.r.d.t.controller.TicketControllerTest  : [Headers] ; [Authorization:"Bearer eyJhbGciOiJIUzI1NiJ9.eyJzdWIiOiJkdW1teV9tZW1iZXIwMSIsImV4cCI6MTcwMzY5Mjg1MywiaWF0IjoxNzAzNjkxMDUzLCJhdXRob3JpdGllcyI6IlJPTEVfTUVNQkVSIiwibmFtZSI6ImR1bW15X21lbWJlcjAxIn0.6tN3HaMwgwuKYHhbNdw_thxGhDOzUomHj-vM5FkQ6hg", Content-Type:"application/json"]
2023-12-28T00:30:53.702+09:00  INFO 38008 --- [    Test worker] p.rsmmm.global.config.jwt.TokenProvider  : 토큰 : eyJhbGciOiJIUzI1NiJ9.eyJzdWIiOiJkdW1teV9tZW1iZXIwMSIsImV4cCI6MTcwMzY5Mjg1MywiaWF0IjoxNzAzNjkxMDUzLCJhdXRob3JpdGllcyI6IlJPTEVfTUVNQkVSIiwibmFtZSI6ImR1bW15X21lbWJlcjAxIn0.6tN3HaMwgwuKYHhbNdw_thxGhDOzUomHj-vM5FkQ6hg
Hibernate: select t1_0.team_id,t1_0.created_at,t1_0.kanban,t1_0.name,t1_0.updated_at from team t1_0 where t1_0.team_id=?
Hibernate: select p1_0.progress_id,p1_0.created_at,p1_0.name,p1_0.numbering,t1_0.team_id,t1_0.created_at,t1_0.kanban,t1_0.name,t1_0.updated_at,p1_0.updated_at from progress p1_0 left join team t1_0 on t1_0.team_id=p1_0.team_id where p1_0.progress_id=?
Hibernate: select t1_0.ticket_id,t1_0.created_at,t1_0.due_date,t1_0.member_id,t1_0.numbering,t1_0.person_hour,p1_0.progress_id,p1_0.created_at,p1_0.name,p1_0.numbering,t2_0.team_id,t2_0.created_at,t2_0.kanban,t2_0.name,t2_0.updated_at,p1_0.updated_at,t1_0.tag,t1_0.title,t1_0.updated_at from ticket t1_0 left join progress p1_0 on p1_0.progress_id=t1_0.progress_id left join team t2_0 on t2_0.team_id=p1_0.team_id where t1_0.ticket_id=?
Hibernate: select m1_0.member_id,m1_0.authority,m1_0.created_at,m1_0.email,m1_0.name,m1_0.password,m1_0.updated_at from member m1_0 where m1_0.name=?
Hibernate: select t1_0.team_setting_id,t1_0.created_at,t1_0.invite_status,t1_0.member_id,t1_0.team_id,t1_0.updated_at from team_setting t1_0 where t1_0.team_id=?
Hibernate: select m1_0.member_id,m1_0.authority,m1_0.created_at,m1_0.email,m1_0.name,m1_0.password,m1_0.updated_at from member m1_0 where m1_0.member_id=?
Hibernate: select m1_0.member_id,m1_0.authority,m1_0.created_at,m1_0.email,m1_0.name,m1_0.password,m1_0.updated_at from member m1_0 where m1_0.member_id=?
Hibernate: select m1_0.member_id,m1_0.authority,m1_0.created_at,m1_0.email,m1_0.name,m1_0.password,m1_0.updated_at from member m1_0 where m1_0.member_id=?
Hibernate: select m1_0.member_id,m1_0.authority,m1_0.created_at,m1_0.email,m1_0.name,m1_0.password,m1_0.updated_at from member m1_0 where m1_0.member_id=?

MockHttpServletRequest:
      HTTP Method = PUT
      Request URI = /api/teams/1/progresses/2/tickets/2
       Parameters = {}
          Headers = [Content-Type:"application/json;charset=UTF-8", Authorization:"Bearer eyJhbGciOiJIUzI1NiJ9.eyJzdWIiOiJkdW1teV9tZW1iZXIwMSIsImV4cCI6MTcwMzY5Mjg1MywiaWF0IjoxNzAzNjkxMDUzLCJhdXRob3JpdGllcyI6IlJPTEVfTUVNQkVSIiwibmFtZSI6ImR1bW15X21lbWJlcjAxIn0.6tN3HaMwgwuKYHhbNdw_thxGhDOzUomHj-vM5FkQ6hg", Content-Length:"110"]
             Body = {"title":"testB","tag":"testBackend","personHour":35.0,"dueDate":"2023-12-28T00:30:53.699203","memberId":null}
    Session Attrs = {}

Handler:
             Type = pp.rsmmm.domain.ticket.controller.TicketController
           Method = pp.rsmmm.domain.ticket.controller.TicketController#modifyTicket(TicketModifyDto, Long, Long, Long)

Async:
    Async started = false
     Async result = null

Resolved Exception:
             Type = null

ModelAndView:
        View name = null
             View = null
            Model = null

FlashMap:
       Attributes = null

MockHttpServletResponse:
           Status = 200
    Error message = null
          Headers = [Vary:"Origin", "Access-Control-Request-Method", "Access-Control-Request-Headers", Content-Type:"application/json", X-Content-Type-Options:"nosniff", X-XSS-Protection:"0", Cache-Control:"no-cache, no-store, max-age=0, must-revalidate", Pragma:"no-cache", Expires:"0"]
     Content type = application/json
             Body = {"createdAt":"2023-12-28T00:30:52.405735","updatedAt":"2023-12-28T00:30:52.405735","id":2,"title":"testB","numbering":2,"tag":"testBackend","personHour":35.0,"dueDate":"2023-12-28T00:30:53.699203","memberId":null}
    Forwarded URL = null
   Redirected URL = null
          Cookies = []
Hibernate: select m1_0.member_id,m1_0.authority,m1_0.created_at,m1_0.email,m1_0.name,m1_0.password,m1_0.updated_at from member m1_0 where m1_0.name=?
2023-12-28T00:30:53.722+09:00  INFO 38008 --- [    Test worker] p.r.d.t.controller.TicketControllerTest  : [member : dummy_member01
2023-12-28T00:30:53.722+09:00  INFO 38008 --- [    Test worker] p.r.d.t.controller.TicketControllerTest  : [Headers] ; [Authorization:"Bearer eyJhbGciOiJIUzI1NiJ9.eyJzdWIiOiJkdW1teV9tZW1iZXIwMSIsImV4cCI6MTcwMzY5Mjg1MywiaWF0IjoxNzAzNjkxMDUzLCJhdXRob3JpdGllcyI6IlJPTEVfTUVNQkVSIiwibmFtZSI6ImR1bW15X21lbWJlcjAxIn0.6tN3HaMwgwuKYHhbNdw_thxGhDOzUomHj-vM5FkQ6hg", Content-Type:"application/json"]
Hibernate: select t1_0.ticket_id,t1_0.created_at,t1_0.due_date,t1_0.member_id,t1_0.numbering,t1_0.person_hour,p1_0.progress_id,p1_0.created_at,p1_0.name,p1_0.numbering,t2_0.team_id,t2_0.created_at,t2_0.kanban,t2_0.name,t2_0.updated_at,p1_0.updated_at,t1_0.tag,t1_0.title,t1_0.updated_at from ticket t1_0 left join progress p1_0 on p1_0.progress_id=t1_0.progress_id left join team t2_0 on t2_0.team_id=p1_0.team_id where t1_0.ticket_id=?
Hibernate: select t1_0.ticket_id,t1_0.created_at,t1_0.due_date,t1_0.member_id,t1_0.numbering,t1_0.person_hour,p1_0.progress_id,p1_0.created_at,p1_0.name,p1_0.numbering,t2_0.team_id,t2_0.created_at,t2_0.kanban,t2_0.name,t2_0.updated_at,p1_0.updated_at,t1_0.tag,t1_0.title,t1_0.updated_at from ticket t1_0 left join progress p1_0 on p1_0.progress_id=t1_0.progress_id left join team t2_0 on t2_0.team_id=p1_0.team_id where t1_0.ticket_id=?
2023-12-28T00:30:53.727+09:00  INFO 38008 --- [    Test worker] p.rsmmm.global.config.jwt.TokenProvider  : 토큰 : eyJhbGciOiJIUzI1NiJ9.eyJzdWIiOiJkdW1teV9tZW1iZXIwMSIsImV4cCI6MTcwMzY5Mjg1MywiaWF0IjoxNzAzNjkxMDUzLCJhdXRob3JpdGllcyI6IlJPTEVfTUVNQkVSIiwibmFtZSI6ImR1bW15X21lbWJlcjAxIn0.6tN3HaMwgwuKYHhbNdw_thxGhDOzUomHj-vM5FkQ6hg
Hibernate: select m1_0.member_id,m1_0.authority,m1_0.created_at,m1_0.email,m1_0.name,m1_0.password,m1_0.updated_at from member m1_0 where m1_0.name=?
Hibernate: select t1_0.team_setting_id,t1_0.created_at,t1_0.invite_status,t1_0.member_id,t1_0.team_id,t1_0.updated_at from team_setting t1_0 where t1_0.team_id=?
Hibernate: select m1_0.member_id,m1_0.authority,m1_0.created_at,m1_0.email,m1_0.name,m1_0.password,m1_0.updated_at from member m1_0 where m1_0.member_id=?
Hibernate: select m1_0.member_id,m1_0.authority,m1_0.created_at,m1_0.email,m1_0.name,m1_0.password,m1_0.updated_at from member m1_0 where m1_0.member_id=?
Hibernate: select m1_0.member_id,m1_0.authority,m1_0.created_at,m1_0.email,m1_0.name,m1_0.password,m1_0.updated_at from member m1_0 where m1_0.member_id=?
Hibernate: select m1_0.member_id,m1_0.authority,m1_0.created_at,m1_0.email,m1_0.name,m1_0.password,m1_0.updated_at from member m1_0 where m1_0.member_id=?
Hibernate: select t1_0.ticket_id,t1_0.created_at,t1_0.due_date,t1_0.member_id,t1_0.numbering,t1_0.person_hour,t1_0.progress_id,t1_0.tag,t1_0.title,t1_0.updated_at from ticket t1_0 where t1_0.progress_id=?

MockHttpServletRequest:
      HTTP Method = PATCH
      Request URI = /api/teams/1/progresses/1/tickets/1
       Parameters = {}
          Headers = [Content-Type:"application/json;charset=UTF-8", Authorization:"Bearer eyJhbGciOiJIUzI1NiJ9.eyJzdWIiOiJkdW1teV9tZW1iZXIwMSIsImV4cCI6MTcwMzY5Mjg1MywiaWF0IjoxNzAzNjkxMDUzLCJhdXRob3JpdGllcyI6IlJPTEVfTUVNQkVSIiwibmFtZSI6ImR1bW15X21lbWJlcjAxIn0.6tN3HaMwgwuKYHhbNdw_thxGhDOzUomHj-vM5FkQ6hg", Content-Length:"31"]
             Body = {"progressNum":1,"ticketNum":2}
    Session Attrs = {}

Handler:
             Type = pp.rsmmm.domain.ticket.controller.TicketController
           Method = pp.rsmmm.domain.ticket.controller.TicketController#modifyTicketOrder(TicketOrderModifyDto, Long, Long, Long)

Async:
    Async started = false
     Async result = null

Resolved Exception:
             Type = null

ModelAndView:
        View name = null
             View = null
            Model = null

FlashMap:
       Attributes = null

MockHttpServletResponse:
           Status = 200
    Error message = null
          Headers = [Vary:"Origin", "Access-Control-Request-Method", "Access-Control-Request-Headers", Content-Type:"application/json", X-Content-Type-Options:"nosniff", X-XSS-Protection:"0", Cache-Control:"no-cache, no-store, max-age=0, must-revalidate", Pragma:"no-cache", Expires:"0"]
     Content type = application/json
             Body = {"createdAt":"2023-12-28T00:30:52.403475","updatedAt":"2023-12-28T00:30:52.403475","id":1,"title":"A","numbering":2,"tag":"frontend","personHour":4.5,"dueDate":"2023-11-27T11:30:00","memberId":1}
    Forwarded URL = null
   Redirected URL = null
          Cookies = []
2023-12-28T00:30:53.740+09:00  INFO 38008 --- [    Test worker] p.r.d.t.controller.TicketControllerTest  : [ ticket_A - numbering : 2 ]
2023-12-28T00:30:53.740+09:00  INFO 38008 --- [    Test worker] p.r.d.t.controller.TicketControllerTest  : [ ticket_B - numbering : 1 ]
Hibernate: select m1_0.member_id,m1_0.authority,m1_0.created_at,m1_0.email,m1_0.name,m1_0.password,m1_0.updated_at from member m1_0 where m1_0.name=?
2023-12-28T00:30:53.747+09:00  INFO 38008 --- [    Test worker] p.r.d.t.controller.TicketControllerTest  : [member : dummy_member04
2023-12-28T00:30:53.748+09:00  INFO 38008 --- [    Test worker] p.r.d.t.controller.TicketControllerTest  : [Headers] ; [Authorization:"Bearer eyJhbGciOiJIUzI1NiJ9.eyJzdWIiOiJkdW1teV9tZW1iZXIwNCIsImV4cCI6MTcwMzY5Mjg1MywiaWF0IjoxNzAzNjkxMDUzLCJhdXRob3JpdGllcyI6IlJPTEVfTUVNQkVSIiwibmFtZSI6ImR1bW15X21lbWJlcjA0In0.mdp3jOhDFjRjGxbEcEq_0v5Imp0C13DZeO8L5M7Wn8Y", Content-Type:"application/json"]
2023-12-28T00:30:53.751+09:00  INFO 38008 --- [    Test worker] p.rsmmm.global.config.jwt.TokenProvider  : 토큰 : eyJhbGciOiJIUzI1NiJ9.eyJzdWIiOiJkdW1teV9tZW1iZXIwNCIsImV4cCI6MTcwMzY5Mjg1MywiaWF0IjoxNzAzNjkxMDUzLCJhdXRob3JpdGllcyI6IlJPTEVfTUVNQkVSIiwibmFtZSI6ImR1bW15X21lbWJlcjA0In0.mdp3jOhDFjRjGxbEcEq_0v5Imp0C13DZeO8L5M7Wn8Y
Hibernate: select t1_0.team_id,t1_0.created_at,t1_0.kanban,t1_0.name,t1_0.updated_at from team t1_0 where t1_0.team_id=?
Hibernate: select p1_0.progress_id,p1_0.created_at,p1_0.name,p1_0.numbering,t1_0.team_id,t1_0.created_at,t1_0.kanban,t1_0.name,t1_0.updated_at,p1_0.updated_at from progress p1_0 left join team t1_0 on t1_0.team_id=p1_0.team_id where p1_0.progress_id=?
Hibernate: select t1_0.ticket_id,t1_0.created_at,t1_0.due_date,t1_0.member_id,t1_0.numbering,t1_0.person_hour,p1_0.progress_id,p1_0.created_at,p1_0.name,p1_0.numbering,t2_0.team_id,t2_0.created_at,t2_0.kanban,t2_0.name,t2_0.updated_at,p1_0.updated_at,t1_0.tag,t1_0.title,t1_0.updated_at from ticket t1_0 left join progress p1_0 on p1_0.progress_id=t1_0.progress_id left join team t2_0 on t2_0.team_id=p1_0.team_id where t1_0.ticket_id=?
Hibernate: select m1_0.member_id,m1_0.authority,m1_0.created_at,m1_0.email,m1_0.name,m1_0.password,m1_0.updated_at from member m1_0 where m1_0.name=?
Hibernate: select t1_0.team_setting_id,t1_0.created_at,t1_0.invite_status,t1_0.member_id,t1_0.team_id,t1_0.updated_at from team_setting t1_0 where t1_0.team_id=?
Hibernate: select m1_0.member_id,m1_0.authority,m1_0.created_at,m1_0.email,m1_0.name,m1_0.password,m1_0.updated_at from member m1_0 where m1_0.member_id=?
Hibernate: select m1_0.member_id,m1_0.authority,m1_0.created_at,m1_0.email,m1_0.name,m1_0.password,m1_0.updated_at from member m1_0 where m1_0.member_id=?
Hibernate: select m1_0.member_id,m1_0.authority,m1_0.created_at,m1_0.email,m1_0.name,m1_0.password,m1_0.updated_at from member m1_0 where m1_0.member_id=?
Hibernate: select m1_0.member_id,m1_0.authority,m1_0.created_at,m1_0.email,m1_0.name,m1_0.password,m1_0.updated_at from member m1_0 where m1_0.member_id=?

MockHttpServletRequest:
      HTTP Method = DELETE
      Request URI = /api/teams/1/progresses/2/tickets/3
       Parameters = {}
          Headers = [Authorization:"Bearer eyJhbGciOiJIUzI1NiJ9.eyJzdWIiOiJkdW1teV9tZW1iZXIwNCIsImV4cCI6MTcwMzY5Mjg1MywiaWF0IjoxNzAzNjkxMDUzLCJhdXRob3JpdGllcyI6IlJPTEVfTUVNQkVSIiwibmFtZSI6ImR1bW15X21lbWJlcjA0In0.mdp3jOhDFjRjGxbEcEq_0v5Imp0C13DZeO8L5M7Wn8Y", Content-Type:"application/json;charset=UTF-8"]
             Body = null
    Session Attrs = {}

Handler:
             Type = pp.rsmmm.domain.ticket.controller.TicketController
           Method = pp.rsmmm.domain.ticket.controller.TicketController#deleteTicket(Long, Long, Long)

Async:
    Async started = false
     Async result = null

Resolved Exception:
             Type = null

ModelAndView:
        View name = null
             View = null
            Model = null

FlashMap:
       Attributes = null

MockHttpServletResponse:
           Status = 200
    Error message = null
          Headers = [Vary:"Origin", "Access-Control-Request-Method", "Access-Control-Request-Headers", Content-Type:"text/plain;charset=UTF-8", Content-Length:"39", X-Content-Type-Options:"nosniff", X-XSS-Protection:"0", Cache-Control:"no-cache, no-store, max-age=0, must-revalidate", Pragma:"no-cache", Expires:"0"]
     Content type = text/plain;charset=UTF-8
             Body = 티켓 삭제가 완료되었습니다.
    Forwarded URL = null
   Redirected URL = null
          Cookies = []
Hibernate: select m1_0.member_id,m1_0.authority,m1_0.created_at,m1_0.email,m1_0.name,m1_0.password,m1_0.updated_at from member m1_0 where m1_0.name=?
2023-12-28T00:30:53.770+09:00  INFO 38008 --- [    Test worker] p.r.d.t.controller.TicketControllerTest  : [member : dummy_member04
2023-12-28T00:30:53.771+09:00  INFO 38008 --- [    Test worker] p.r.d.t.controller.TicketControllerTest  : [Headers] ; [Authorization:"Bearer eyJhbGciOiJIUzI1NiJ9.eyJzdWIiOiJkdW1teV9tZW1iZXIwNCIsImV4cCI6MTcwMzY5Mjg1MywiaWF0IjoxNzAzNjkxMDUzLCJhdXRob3JpdGllcyI6IlJPTEVfTUVNQkVSIiwibmFtZSI6ImR1bW15X21lbWJlcjA0In0.mdp3jOhDFjRjGxbEcEq_0v5Imp0C13DZeO8L5M7Wn8Y", Content-Type:"application/json"]
2023-12-28T00:30:53.772+09:00  INFO 38008 --- [    Test worker] p.rsmmm.global.config.jwt.TokenProvider  : 토큰 : eyJhbGciOiJIUzI1NiJ9.eyJzdWIiOiJkdW1teV9tZW1iZXIwNCIsImV4cCI6MTcwMzY5Mjg1MywiaWF0IjoxNzAzNjkxMDUzLCJhdXRob3JpdGllcyI6IlJPTEVfTUVNQkVSIiwibmFtZSI6ImR1bW15X21lbWJlcjA0In0.mdp3jOhDFjRjGxbEcEq_0v5Imp0C13DZeO8L5M7Wn8Y
Hibernate: select t1_0.team_id,t1_0.created_at,t1_0.kanban,t1_0.name,t1_0.updated_at from team t1_0 where t1_0.team_id=?
Hibernate: select p1_0.progress_id,p1_0.created_at,p1_0.name,p1_0.numbering,t1_0.team_id,t1_0.created_at,t1_0.kanban,t1_0.name,t1_0.updated_at,p1_0.updated_at from progress p1_0 left join team t1_0 on t1_0.team_id=p1_0.team_id where p1_0.progress_id=?
Hibernate: select t1_0.ticket_id,t1_0.created_at,t1_0.due_date,t1_0.member_id,t1_0.numbering,t1_0.person_hour,p1_0.progress_id,p1_0.created_at,p1_0.name,p1_0.numbering,t2_0.team_id,t2_0.created_at,t2_0.kanban,t2_0.name,t2_0.updated_at,p1_0.updated_at,t1_0.tag,t1_0.title,t1_0.updated_at from ticket t1_0 left join progress p1_0 on p1_0.progress_id=t1_0.progress_id left join team t2_0 on t2_0.team_id=p1_0.team_id where t1_0.ticket_id=?
Hibernate: select m1_0.member_id,m1_0.authority,m1_0.created_at,m1_0.email,m1_0.name,m1_0.password,m1_0.updated_at from member m1_0 where m1_0.name=?
Hibernate: select t1_0.team_setting_id,t1_0.created_at,t1_0.invite_status,t1_0.member_id,t1_0.team_id,t1_0.updated_at from team_setting t1_0 where t1_0.team_id=?
Hibernate: select m1_0.member_id,m1_0.authority,m1_0.created_at,m1_0.email,m1_0.name,m1_0.password,m1_0.updated_at from member m1_0 where m1_0.member_id=?
Hibernate: select m1_0.member_id,m1_0.authority,m1_0.created_at,m1_0.email,m1_0.name,m1_0.password,m1_0.updated_at from member m1_0 where m1_0.member_id=?
Hibernate: select m1_0.member_id,m1_0.authority,m1_0.created_at,m1_0.email,m1_0.name,m1_0.password,m1_0.updated_at from member m1_0 where m1_0.member_id=?
Hibernate: select m1_0.member_id,m1_0.authority,m1_0.created_at,m1_0.email,m1_0.name,m1_0.password,m1_0.updated_at from member m1_0 where m1_0.member_id=?

MockHttpServletRequest:
      HTTP Method = PUT
      Request URI = /api/teams/1/progresses/2/tickets/2
       Parameters = {}
          Headers = [Content-Type:"application/json;charset=UTF-8", Authorization:"Bearer eyJhbGciOiJIUzI1NiJ9.eyJzdWIiOiJkdW1teV9tZW1iZXIwNCIsImV4cCI6MTcwMzY5Mjg1MywiaWF0IjoxNzAzNjkxMDUzLCJhdXRob3JpdGllcyI6IlJPTEVfTUVNQkVSIiwibmFtZSI6ImR1bW15X21lbWJlcjA0In0.mdp3jOhDFjRjGxbEcEq_0v5Imp0C13DZeO8L5M7Wn8Y", Content-Length:"110"]
             Body = {"title":"testB","tag":"testBackend","personHour":35.0,"dueDate":"2023-12-28T00:30:53.771137","memberId":null}
    Session Attrs = {}

Handler:
             Type = pp.rsmmm.domain.ticket.controller.TicketController
           Method = pp.rsmmm.domain.ticket.controller.TicketController#modifyTicket(TicketModifyDto, Long, Long, Long)

Async:
    Async started = false
     Async result = null

Resolved Exception:
             Type = null

ModelAndView:
        View name = null
             View = null
            Model = null

FlashMap:
       Attributes = null

MockHttpServletResponse:
           Status = 200
    Error message = null
          Headers = [Vary:"Origin", "Access-Control-Request-Method", "Access-Control-Request-Headers", Content-Type:"application/json", X-Content-Type-Options:"nosniff", X-XSS-Protection:"0", Cache-Control:"no-cache, no-store, max-age=0, must-revalidate", Pragma:"no-cache", Expires:"0"]
     Content type = application/json
             Body = {"createdAt":"2023-12-28T00:30:52.405735","updatedAt":"2023-12-28T00:30:52.405735","id":2,"title":"testB","numbering":2,"tag":"testBackend","personHour":35.0,"dueDate":"2023-12-28T00:30:53.771137","memberId":null}
    Forwarded URL = null
   Redirected URL = null
          Cookies = []
Hibernate: select m1_0.member_id,m1_0.authority,m1_0.created_at,m1_0.email,m1_0.name,m1_0.password,m1_0.updated_at from member m1_0 where m1_0.name=?
2023-12-28T00:30:53.790+09:00  INFO 38008 --- [    Test worker] p.r.d.t.controller.TicketControllerTest  : [member : dummy_member01
2023-12-28T00:30:53.791+09:00  INFO 38008 --- [    Test worker] p.r.d.t.controller.TicketControllerTest  : [Headers] ; [Authorization:"Bearer eyJhbGciOiJIUzI1NiJ9.eyJzdWIiOiJkdW1teV9tZW1iZXIwMSIsImV4cCI6MTcwMzY5Mjg1MywiaWF0IjoxNzAzNjkxMDUzLCJhdXRob3JpdGllcyI6IlJPTEVfTUVNQkVSIiwibmFtZSI6ImR1bW15X21lbWJlcjAxIn0.6tN3HaMwgwuKYHhbNdw_thxGhDOzUomHj-vM5FkQ6hg", Content-Type:"application/json"]
2023-12-28T00:30:53.791+09:00  INFO 38008 --- [    Test worker] p.r.d.t.controller.TicketControllerTest  : <progressCreateRequestDto>pp.rsmmm.domain.ticket.dto.TicketCreateRequestDto@43f88150
2023-12-28T00:30:53.793+09:00  INFO 38008 --- [    Test worker] p.rsmmm.global.config.jwt.TokenProvider  : 토큰 : eyJhbGciOiJIUzI1NiJ9.eyJzdWIiOiJkdW1teV9tZW1iZXIwMSIsImV4cCI6MTcwMzY5Mjg1MywiaWF0IjoxNzAzNjkxMDUzLCJhdXRob3JpdGllcyI6IlJPTEVfTUVNQkVSIiwibmFtZSI6ImR1bW15X21lbWJlcjAxIn0.6tN3HaMwgwuKYHhbNdw_thxGhDOzUomHj-vM5FkQ6hg
Hibernate: select t1_0.team_id,t1_0.created_at,t1_0.kanban,t1_0.name,t1_0.updated_at from team t1_0 where t1_0.team_id=?
Hibernate: select p1_0.progress_id,p1_0.created_at,p1_0.name,p1_0.numbering,t1_0.team_id,t1_0.created_at,t1_0.kanban,t1_0.name,t1_0.updated_at,p1_0.updated_at from progress p1_0 left join team t1_0 on t1_0.team_id=p1_0.team_id where p1_0.progress_id=?
Hibernate: select m1_0.member_id,m1_0.authority,m1_0.created_at,m1_0.email,m1_0.name,m1_0.password,m1_0.updated_at from member m1_0 where m1_0.name=?
Hibernate: select t1_0.team_setting_id,t1_0.created_at,t1_0.invite_status,t1_0.member_id,t1_0.team_id,t1_0.updated_at from team_setting t1_0 where t1_0.team_id=?
Hibernate: select m1_0.member_id,m1_0.authority,m1_0.created_at,m1_0.email,m1_0.name,m1_0.password,m1_0.updated_at from member m1_0 where m1_0.member_id=?
Hibernate: select m1_0.member_id,m1_0.authority,m1_0.created_at,m1_0.email,m1_0.name,m1_0.password,m1_0.updated_at from member m1_0 where m1_0.member_id=?
Hibernate: select m1_0.member_id,m1_0.authority,m1_0.created_at,m1_0.email,m1_0.name,m1_0.password,m1_0.updated_at from member m1_0 where m1_0.member_id=?
Hibernate: select m1_0.member_id,m1_0.authority,m1_0.created_at,m1_0.email,m1_0.name,m1_0.password,m1_0.updated_at from member m1_0 where m1_0.member_id=?
Hibernate: select count(t1_0.ticket_id) from ticket t1_0 where t1_0.progress_id=?
Hibernate: insert into ticket (created_at,due_date,member_id,numbering,person_hour,progress_id,tag,title,updated_at,ticket_id) values (?,?,?,?,?,?,?,?,?,default)

MockHttpServletRequest:
      HTTP Method = POST
      Request URI = /api/teams/1/progresses/1/tickets/create
       Parameters = {}
          Headers = [Content-Type:"application/json;charset=UTF-8", Authorization:"Bearer eyJhbGciOiJIUzI1NiJ9.eyJzdWIiOiJkdW1teV9tZW1iZXIwMSIsImV4cCI6MTcwMzY5Mjg1MywiaWF0IjoxNzAzNjkxMDUzLCJhdXRob3JpdGllcyI6IlJPTEVfTUVNQkVSIiwibmFtZSI6ImR1bW15X21lbWJlcjAxIn0.6tN3HaMwgwuKYHhbNdw_thxGhDOzUomHj-vM5FkQ6hg", Content-Length:"91"]
             Body = {"title":"test","tag":"middleEnd","personHour":10.0,"dueDate":"2023-12-28T00:30:53.791865"}
    Session Attrs = {}

Handler:
             Type = pp.rsmmm.domain.ticket.controller.TicketController
           Method = pp.rsmmm.domain.ticket.controller.TicketController#createTicket(Long, Long, TicketCreateRequestDto)

Async:
    Async started = false
     Async result = null

Resolved Exception:
             Type = null

ModelAndView:
        View name = null
             View = null
            Model = null

FlashMap:
       Attributes = null

MockHttpServletResponse:
           Status = 201
    Error message = null
          Headers = [Vary:"Origin", "Access-Control-Request-Method", "Access-Control-Request-Headers", Content-Type:"application/json", X-Content-Type-Options:"nosniff", X-XSS-Protection:"0", Cache-Control:"no-cache, no-store, max-age=0, must-revalidate", Pragma:"no-cache", Expires:"0"]
     Content type = application/json
             Body = {"status":201,"message":"<test> 티켓이 생성되었습니다."}
    Forwarded URL = null
   Redirected URL = null
          Cookies = []
]]></system-out>
  <system-err><![CDATA[]]></system-err>
</testsuite>
