<?xml version="1.0" encoding="UTF-8"?>
<testsuite name="pp.rsmmm.domain.team.controller.TeamControllerTest" tests="1" skipped="0" failures="0" errors="0" timestamp="2023-12-19T10:58:23" hostname="upgrqnuui-MacBookAir.local" time="0.777">
  <properties/>
  <testcase name="팀원 초대에 거절 - 성공" classname="pp.rsmmm.domain.team.controller.TeamControllerTest" time="0.777"/>
  <system-out><![CDATA[
  .   ____          _            __ _ _
 /\\ / ___'_ __ _ _(_)_ __  __ _ \ \ \ \
( ( )\___ | '_ | '_| | '_ \/ _` | \ \ \ \
 \\/  ___)| |_)| | | | | || (_| |  ) ) ) )
  '  |____| .__|_| |_|_| |_\__, | / / / /
 =========|_|==============|___/=/_/_/_/
 :: Spring Boot ::                (v3.1.1)

2023-12-19T19:58:19.606+09:00  INFO 26931 --- [    Test worker] p.r.d.t.controller.TeamControllerTest    : Starting TeamControllerTest using Java 17.0.9 with PID 26931 (started by upgrqnu in /Users/upgrqnu/Projects/kanban)
2023-12-19T19:58:19.608+09:00  INFO 26931 --- [    Test worker] p.r.d.t.controller.TeamControllerTest    : No active profile set, falling back to 1 default profile: "default"
2023-12-19T19:58:19.938+09:00  INFO 26931 --- [    Test worker] .s.d.r.c.RepositoryConfigurationDelegate : Bootstrapping Spring Data JPA repositories in DEFAULT mode.
2023-12-19T19:58:19.974+09:00  INFO 26931 --- [    Test worker] .s.d.r.c.RepositoryConfigurationDelegate : Finished Spring Data repository scanning in 32 ms. Found 6 JPA repository interfaces.
2023-12-19T19:58:20.214+09:00  INFO 26931 --- [    Test worker] o.hibernate.jpa.internal.util.LogHelper  : HHH000204: Processing PersistenceUnitInfo [name: default]
2023-12-19T19:58:20.241+09:00  INFO 26931 --- [    Test worker] org.hibernate.Version                    : HHH000412: Hibernate ORM core version 6.2.5.Final
2023-12-19T19:58:20.243+09:00  INFO 26931 --- [    Test worker] org.hibernate.cfg.Environment            : HHH000406: Using bytecode reflection optimizer
2023-12-19T19:58:20.299+09:00  INFO 26931 --- [    Test worker] o.h.b.i.BytecodeProviderInitiator        : HHH000021: Bytecode provider name : bytebuddy
2023-12-19T19:58:20.366+09:00  INFO 26931 --- [    Test worker] o.s.o.j.p.SpringPersistenceUnitInfo      : No LoadTimeWeaver setup: ignoring JPA class transformer
2023-12-19T19:58:20.374+09:00  INFO 26931 --- [    Test worker] com.zaxxer.hikari.HikariDataSource       : HikariPool-1 - Starting...
2023-12-19T19:58:20.461+09:00  INFO 26931 --- [    Test worker] com.zaxxer.hikari.pool.HikariPool        : HikariPool-1 - Added connection conn0: url=jdbc:h2:mem:kanban user=SA
2023-12-19T19:58:20.461+09:00  INFO 26931 --- [    Test worker] com.zaxxer.hikari.HikariDataSource       : HikariPool-1 - Start completed.
2023-12-19T19:58:20.595+09:00  INFO 26931 --- [    Test worker] o.h.b.i.BytecodeProviderInitiator        : HHH000021: Bytecode provider name : bytebuddy
2023-12-19T19:58:20.948+09:00  INFO 26931 --- [    Test worker] o.h.e.t.j.p.i.JtaPlatformInitiator       : HHH000490: Using JtaPlatform implementation: [org.hibernate.engine.transaction.jta.platform.internal.NoJtaPlatform]
2023-12-19T19:58:20.972+09:00 DEBUG 26931 --- [    Test worker] org.hibernate.SQL                        : create table member (member_id bigint generated by default as identity, created_at timestamp(6), updated_at timestamp(6), authority varchar(255) check (authority in ('ROLE_MEMBER','ROLE_ADMIN')), email varchar(100) not null, name varchar(255) not null, password varchar(255) not null, primary key (member_id))
Hibernate: create table member (member_id bigint generated by default as identity, created_at timestamp(6), updated_at timestamp(6), authority varchar(255) check (authority in ('ROLE_MEMBER','ROLE_ADMIN')), email varchar(100) not null, name varchar(255) not null, password varchar(255) not null, primary key (member_id))
2023-12-19T19:58:20.978+09:00 DEBUG 26931 --- [    Test worker] org.hibernate.SQL                        : create table progress (progress_id bigint generated by default as identity, created_at timestamp(6), updated_at timestamp(6), name varchar(255) not null, numbering integer not null, team_id bigint, primary key (progress_id))
Hibernate: create table progress (progress_id bigint generated by default as identity, created_at timestamp(6), updated_at timestamp(6), name varchar(255) not null, numbering integer not null, team_id bigint, primary key (progress_id))
2023-12-19T19:58:20.979+09:00 DEBUG 26931 --- [    Test worker] org.hibernate.SQL                        : create table refresh_token (id bigint generated by default as identity, member_name varchar(255), refresh_token varchar(255) not null, primary key (id))
Hibernate: create table refresh_token (id bigint generated by default as identity, member_name varchar(255), refresh_token varchar(255) not null, primary key (id))
2023-12-19T19:58:20.980+09:00 DEBUG 26931 --- [    Test worker] org.hibernate.SQL                        : create table team (team_id bigint generated by default as identity, created_at timestamp(6), updated_at timestamp(6), kanban varchar(255) not null, name varchar(255) not null, primary key (team_id))
Hibernate: create table team (team_id bigint generated by default as identity, created_at timestamp(6), updated_at timestamp(6), kanban varchar(255) not null, name varchar(255) not null, primary key (team_id))
2023-12-19T19:58:20.981+09:00 DEBUG 26931 --- [    Test worker] org.hibernate.SQL                        : create table team_setting (team_setting_id bigint generated by default as identity, created_at timestamp(6), updated_at timestamp(6), invite_status varchar(255) check (invite_status in ('INVITING','RECEIVED','ACCEPTED','REFUSED')), member_id bigint, team_id bigint, primary key (team_setting_id))
Hibernate: create table team_setting (team_setting_id bigint generated by default as identity, created_at timestamp(6), updated_at timestamp(6), invite_status varchar(255) check (invite_status in ('INVITING','RECEIVED','ACCEPTED','REFUSED')), member_id bigint, team_id bigint, primary key (team_setting_id))
2023-12-19T19:58:20.982+09:00 DEBUG 26931 --- [    Test worker] org.hibernate.SQL                        : create table ticket (ticket_id bigint generated by default as identity, created_at timestamp(6), updated_at timestamp(6), due_date timestamp(6), member_id bigint not null, numbering integer not null, person_hour float(53), tag varchar(255) not null, title varchar(255) not null, progress_id bigint, primary key (ticket_id))
Hibernate: create table ticket (ticket_id bigint generated by default as identity, created_at timestamp(6), updated_at timestamp(6), due_date timestamp(6), member_id bigint not null, numbering integer not null, person_hour float(53), tag varchar(255) not null, title varchar(255) not null, progress_id bigint, primary key (ticket_id))
2023-12-19T19:58:20.982+09:00 DEBUG 26931 --- [    Test worker] org.hibernate.SQL                        : alter table if exists member drop constraint if exists UK_9esvgikrmti1v7ci6v453imdc
Hibernate: alter table if exists member drop constraint if exists UK_9esvgikrmti1v7ci6v453imdc
2023-12-19T19:58:20.983+09:00 DEBUG 26931 --- [    Test worker] org.hibernate.SQL                        : alter table if exists member add constraint UK_9esvgikrmti1v7ci6v453imdc unique (name)
Hibernate: alter table if exists member add constraint UK_9esvgikrmti1v7ci6v453imdc unique (name)
2023-12-19T19:58:20.984+09:00 DEBUG 26931 --- [    Test worker] org.hibernate.SQL                        : alter table if exists refresh_token drop constraint if exists UK_mpvu2fmreqp9cqddttyfaym9v
Hibernate: alter table if exists refresh_token drop constraint if exists UK_mpvu2fmreqp9cqddttyfaym9v
2023-12-19T19:58:20.984+09:00 DEBUG 26931 --- [    Test worker] org.hibernate.SQL                        : alter table if exists refresh_token add constraint UK_mpvu2fmreqp9cqddttyfaym9v unique (refresh_token)
Hibernate: alter table if exists refresh_token add constraint UK_mpvu2fmreqp9cqddttyfaym9v unique (refresh_token)
2023-12-19T19:58:20.984+09:00 DEBUG 26931 --- [    Test worker] org.hibernate.SQL                        : alter table if exists team drop constraint if exists UK_g2l9qqsoeuynt4r5ofdt1x2td
Hibernate: alter table if exists team drop constraint if exists UK_g2l9qqsoeuynt4r5ofdt1x2td
2023-12-19T19:58:20.984+09:00 DEBUG 26931 --- [    Test worker] org.hibernate.SQL                        : alter table if exists team add constraint UK_g2l9qqsoeuynt4r5ofdt1x2td unique (name)
Hibernate: alter table if exists team add constraint UK_g2l9qqsoeuynt4r5ofdt1x2td unique (name)
2023-12-19T19:58:20.985+09:00 DEBUG 26931 --- [    Test worker] org.hibernate.SQL                        : alter table if exists progress add constraint FK9rdflrh05eu15ao9mldbr2eqg foreign key (team_id) references team
Hibernate: alter table if exists progress add constraint FK9rdflrh05eu15ao9mldbr2eqg foreign key (team_id) references team
2023-12-19T19:58:20.987+09:00 DEBUG 26931 --- [    Test worker] org.hibernate.SQL                        : alter table if exists team_setting add constraint FKt32yypbcl2vkfghbckat66bfb foreign key (member_id) references member
Hibernate: alter table if exists team_setting add constraint FKt32yypbcl2vkfghbckat66bfb foreign key (member_id) references member
2023-12-19T19:58:20.988+09:00 DEBUG 26931 --- [    Test worker] org.hibernate.SQL                        : alter table if exists team_setting add constraint FKma72ct0tv3cuvuw7tpe3qs2br foreign key (team_id) references team
Hibernate: alter table if exists team_setting add constraint FKma72ct0tv3cuvuw7tpe3qs2br foreign key (team_id) references team
2023-12-19T19:58:20.989+09:00 DEBUG 26931 --- [    Test worker] org.hibernate.SQL                        : alter table if exists ticket add constraint FK2vn168ig3a4crk8lfejvqueoi foreign key (progress_id) references progress
Hibernate: alter table if exists ticket add constraint FK2vn168ig3a4crk8lfejvqueoi foreign key (progress_id) references progress
2023-12-19T19:58:20.990+09:00  INFO 26931 --- [    Test worker] j.LocalContainerEntityManagerFactoryBean : Initialized JPA EntityManagerFactory for persistence unit 'default'
2023-12-19T19:58:21.285+09:00  WARN 26931 --- [    Test worker] JpaBaseConfiguration$JpaWebConfiguration : spring.jpa.open-in-view is enabled by default. Therefore, database queries may be performed during view rendering. Explicitly configure spring.jpa.open-in-view to disable this warning
2023-12-19T19:58:21.302+09:00  WARN 26931 --- [    Test worker] .s.s.UserDetailsServiceAutoConfiguration : 

Using generated security password: e2a53528-4a26-47b0-a91d-559d50b11575

This generated password is for development use only. Your security configuration must be updated before running your application in production.

2023-12-19T19:58:21.468+09:00  INFO 26931 --- [    Test worker] o.s.s.web.DefaultSecurityFilterChain     : Will secure any request with [org.springframework.security.web.session.DisableEncodeUrlFilter@7a0eb939, org.springframework.security.web.context.request.async.WebAsyncManagerIntegrationFilter@54a7d1b9, org.springframework.security.web.context.SecurityContextHolderFilter@702ab027, org.springframework.security.web.header.HeaderWriterFilter@3da12ba4, org.springframework.web.filter.CorsFilter@209f0986, org.springframework.security.web.authentication.logout.LogoutFilter@72ae1007, pp.rsmmm.global.config.jwt.TokenAuthenticationFilter@6b3da23f, org.springframework.security.web.savedrequest.RequestCacheAwareFilter@8929865, org.springframework.security.web.servletapi.SecurityContextHolderAwareRequestFilter@1dab2cf5, org.springframework.security.web.authentication.AnonymousAuthenticationFilter@c0b10ae, org.springframework.security.web.session.SessionManagementFilter@153c69bc, org.springframework.security.web.access.ExceptionTranslationFilter@56f569e, org.springframework.security.web.access.intercept.AuthorizationFilter@19c6e821]
2023-12-19T19:58:21.593+09:00  INFO 26931 --- [    Test worker] o.s.b.a.h2.H2ConsoleAutoConfiguration    : H2 console available at '/h2-console'. Database available at 'jdbc:h2:mem:kanban'
2023-12-19T19:58:21.607+09:00  WARN 26931 --- [    Test worker] o.s.s.c.a.web.builders.WebSecurity       : You are asking Spring Security to ignore org.springframework.boot.autoconfigure.security.servlet.PathRequest$H2ConsoleRequestMatcher@7e2c8622. This is not recommended -- please use permitAll via HttpSecurity#authorizeHttpRequests instead.
2023-12-19T19:58:21.608+09:00  INFO 26931 --- [    Test worker] o.s.s.web.DefaultSecurityFilterChain     : Will not secure org.springframework.boot.autoconfigure.security.servlet.PathRequest$H2ConsoleRequestMatcher@7e2c8622
2023-12-19T19:58:21.631+09:00  INFO 26931 --- [    Test worker] o.s.b.t.m.w.SpringBootMockServletContext : Initializing Spring TestDispatcherServlet ''
2023-12-19T19:58:21.631+09:00  INFO 26931 --- [    Test worker] o.s.t.web.servlet.TestDispatcherServlet  : Initializing Servlet ''
2023-12-19T19:58:21.632+09:00  INFO 26931 --- [    Test worker] o.s.t.web.servlet.TestDispatcherServlet  : Completed initialization in 1 ms
2023-12-19T19:58:21.649+09:00  INFO 26931 --- [    Test worker] p.r.d.t.controller.TeamControllerTest    : Started TeamControllerTest in 2.183 seconds (process running for 2.694)
2023-12-19T19:58:22.677+09:00 DEBUG 26931 --- [    Test worker] org.hibernate.SQL                        : insert into member (authority,created_at,email,name,password,updated_at,member_id) values (?,?,?,?,?,?,default)
Hibernate: insert into member (authority,created_at,email,name,password,updated_at,member_id) values (?,?,?,?,?,?,default)
2023-12-19T19:58:22.685+09:00 DEBUG 26931 --- [    Test worker] org.hibernate.SQL                        : insert into team (created_at,kanban,name,updated_at,team_id) values (?,?,?,?,default)
Hibernate: insert into team (created_at,kanban,name,updated_at,team_id) values (?,?,?,?,default)
2023-12-19T19:58:22.686+09:00 DEBUG 26931 --- [    Test worker] org.hibernate.SQL                        : insert into team_setting (created_at,invite_status,member_id,team_id,updated_at,team_setting_id) values (?,?,?,?,?,default)
Hibernate: insert into team_setting (created_at,invite_status,member_id,team_id,updated_at,team_setting_id) values (?,?,?,?,?,default)
2023-12-19T19:58:22.687+09:00 DEBUG 26931 --- [    Test worker] org.hibernate.SQL                        : insert into member (authority,created_at,email,name,password,updated_at,member_id) values (?,?,?,?,?,?,default)
Hibernate: insert into member (authority,created_at,email,name,password,updated_at,member_id) values (?,?,?,?,?,?,default)
2023-12-19T19:58:22.687+09:00 DEBUG 26931 --- [    Test worker] org.hibernate.SQL                        : insert into team (created_at,kanban,name,updated_at,team_id) values (?,?,?,?,default)
Hibernate: insert into team (created_at,kanban,name,updated_at,team_id) values (?,?,?,?,default)
2023-12-19T19:58:22.688+09:00 DEBUG 26931 --- [    Test worker] org.hibernate.SQL                        : insert into team_setting (created_at,invite_status,member_id,team_id,updated_at,team_setting_id) values (?,?,?,?,?,default)
Hibernate: insert into team_setting (created_at,invite_status,member_id,team_id,updated_at,team_setting_id) values (?,?,?,?,?,default)
2023-12-19T19:58:22.688+09:00 DEBUG 26931 --- [    Test worker] org.hibernate.SQL                        : insert into member (authority,created_at,email,name,password,updated_at,member_id) values (?,?,?,?,?,?,default)
Hibernate: insert into member (authority,created_at,email,name,password,updated_at,member_id) values (?,?,?,?,?,?,default)
2023-12-19T19:58:22.689+09:00 DEBUG 26931 --- [    Test worker] org.hibernate.SQL                        : insert into team (created_at,kanban,name,updated_at,team_id) values (?,?,?,?,default)
Hibernate: insert into team (created_at,kanban,name,updated_at,team_id) values (?,?,?,?,default)
2023-12-19T19:58:22.689+09:00 DEBUG 26931 --- [    Test worker] org.hibernate.SQL                        : insert into team_setting (created_at,invite_status,member_id,team_id,updated_at,team_setting_id) values (?,?,?,?,?,default)
Hibernate: insert into team_setting (created_at,invite_status,member_id,team_id,updated_at,team_setting_id) values (?,?,?,?,?,default)
2023-12-19T19:58:22.690+09:00 DEBUG 26931 --- [    Test worker] org.hibernate.SQL                        : insert into member (authority,created_at,email,name,password,updated_at,member_id) values (?,?,?,?,?,?,default)
Hibernate: insert into member (authority,created_at,email,name,password,updated_at,member_id) values (?,?,?,?,?,?,default)
2023-12-19T19:58:22.690+09:00 DEBUG 26931 --- [    Test worker] org.hibernate.SQL                        : insert into team (created_at,kanban,name,updated_at,team_id) values (?,?,?,?,default)
Hibernate: insert into team (created_at,kanban,name,updated_at,team_id) values (?,?,?,?,default)
2023-12-19T19:58:22.691+09:00 DEBUG 26931 --- [    Test worker] org.hibernate.SQL                        : insert into team_setting (created_at,invite_status,member_id,team_id,updated_at,team_setting_id) values (?,?,?,?,?,default)
Hibernate: insert into team_setting (created_at,invite_status,member_id,team_id,updated_at,team_setting_id) values (?,?,?,?,?,default)
2023-12-19T19:58:22.691+09:00 DEBUG 26931 --- [    Test worker] org.hibernate.SQL                        : insert into team_setting (created_at,invite_status,member_id,team_id,updated_at,team_setting_id) values (?,?,?,?,?,default)
Hibernate: insert into team_setting (created_at,invite_status,member_id,team_id,updated_at,team_setting_id) values (?,?,?,?,?,default)
2023-12-19T19:58:22.692+09:00 DEBUG 26931 --- [    Test worker] org.hibernate.SQL                        : insert into member (authority,created_at,email,name,password,updated_at,member_id) values (?,?,?,?,?,?,default)
Hibernate: insert into member (authority,created_at,email,name,password,updated_at,member_id) values (?,?,?,?,?,?,default)
2023-12-19T19:58:22.692+09:00 DEBUG 26931 --- [    Test worker] org.hibernate.SQL                        : insert into team_setting (created_at,invite_status,member_id,team_id,updated_at,team_setting_id) values (?,?,?,?,?,default)
Hibernate: insert into team_setting (created_at,invite_status,member_id,team_id,updated_at,team_setting_id) values (?,?,?,?,?,default)
2023-12-19T19:58:22.693+09:00 DEBUG 26931 --- [    Test worker] org.hibernate.SQL                        : insert into member (authority,created_at,email,name,password,updated_at,member_id) values (?,?,?,?,?,?,default)
Hibernate: insert into member (authority,created_at,email,name,password,updated_at,member_id) values (?,?,?,?,?,?,default)
2023-12-19T19:58:22.693+09:00 DEBUG 26931 --- [    Test worker] org.hibernate.SQL                        : insert into team_setting (created_at,invite_status,member_id,team_id,updated_at,team_setting_id) values (?,?,?,?,?,default)
Hibernate: insert into team_setting (created_at,invite_status,member_id,team_id,updated_at,team_setting_id) values (?,?,?,?,?,default)
2023-12-19T19:58:22.696+09:00 DEBUG 26931 --- [    Test worker] org.hibernate.SQL                        : insert into member (authority,created_at,email,name,password,updated_at,member_id) values (?,?,?,?,?,?,default)
Hibernate: insert into member (authority,created_at,email,name,password,updated_at,member_id) values (?,?,?,?,?,?,default)
2023-12-19T19:58:22.697+09:00 DEBUG 26931 --- [    Test worker] org.hibernate.SQL                        : insert into team_setting (created_at,invite_status,member_id,team_id,updated_at,team_setting_id) values (?,?,?,?,?,default)
Hibernate: insert into team_setting (created_at,invite_status,member_id,team_id,updated_at,team_setting_id) values (?,?,?,?,?,default)
2023-12-19T19:58:22.699+09:00 DEBUG 26931 --- [    Test worker] org.hibernate.SQL                        : insert into member (authority,created_at,email,name,password,updated_at,member_id) values (?,?,?,?,?,?,default)
Hibernate: insert into member (authority,created_at,email,name,password,updated_at,member_id) values (?,?,?,?,?,?,default)
2023-12-19T19:58:22.699+09:00 DEBUG 26931 --- [    Test worker] org.hibernate.SQL                        : insert into team_setting (created_at,invite_status,member_id,team_id,updated_at,team_setting_id) values (?,?,?,?,?,default)
Hibernate: insert into team_setting (created_at,invite_status,member_id,team_id,updated_at,team_setting_id) values (?,?,?,?,?,default)
2023-12-19T19:58:22.700+09:00 DEBUG 26931 --- [    Test worker] org.hibernate.SQL                        : insert into team_setting (created_at,invite_status,member_id,team_id,updated_at,team_setting_id) values (?,?,?,?,?,default)
Hibernate: insert into team_setting (created_at,invite_status,member_id,team_id,updated_at,team_setting_id) values (?,?,?,?,?,default)
2023-12-19T19:58:22.701+09:00 DEBUG 26931 --- [    Test worker] org.hibernate.SQL                        : insert into member (authority,created_at,email,name,password,updated_at,member_id) values (?,?,?,?,?,?,default)
Hibernate: insert into member (authority,created_at,email,name,password,updated_at,member_id) values (?,?,?,?,?,?,default)
2023-12-19T19:58:22.702+09:00 DEBUG 26931 --- [    Test worker] org.hibernate.SQL                        : insert into team_setting (created_at,invite_status,member_id,team_id,updated_at,team_setting_id) values (?,?,?,?,?,default)
Hibernate: insert into team_setting (created_at,invite_status,member_id,team_id,updated_at,team_setting_id) values (?,?,?,?,?,default)
2023-12-19T19:58:22.703+09:00 DEBUG 26931 --- [    Test worker] org.hibernate.SQL                        : insert into team_setting (created_at,invite_status,member_id,team_id,updated_at,team_setting_id) values (?,?,?,?,?,default)
Hibernate: insert into team_setting (created_at,invite_status,member_id,team_id,updated_at,team_setting_id) values (?,?,?,?,?,default)
2023-12-19T19:58:22.703+09:00 DEBUG 26931 --- [    Test worker] org.hibernate.SQL                        : insert into member (authority,created_at,email,name,password,updated_at,member_id) values (?,?,?,?,?,?,default)
Hibernate: insert into member (authority,created_at,email,name,password,updated_at,member_id) values (?,?,?,?,?,?,default)
2023-12-19T19:58:22.704+09:00 DEBUG 26931 --- [    Test worker] org.hibernate.SQL                        : insert into team_setting (created_at,invite_status,member_id,team_id,updated_at,team_setting_id) values (?,?,?,?,?,default)
Hibernate: insert into team_setting (created_at,invite_status,member_id,team_id,updated_at,team_setting_id) values (?,?,?,?,?,default)
2023-12-19T19:58:22.704+09:00 DEBUG 26931 --- [    Test worker] org.hibernate.SQL                        : insert into member (authority,created_at,email,name,password,updated_at,member_id) values (?,?,?,?,?,?,default)
Hibernate: insert into member (authority,created_at,email,name,password,updated_at,member_id) values (?,?,?,?,?,?,default)
2023-12-19T19:58:22.705+09:00 DEBUG 26931 --- [    Test worker] org.hibernate.SQL                        : insert into team_setting (created_at,invite_status,member_id,team_id,updated_at,team_setting_id) values (?,?,?,?,?,default)
Hibernate: insert into team_setting (created_at,invite_status,member_id,team_id,updated_at,team_setting_id) values (?,?,?,?,?,default)
2023-12-19T19:58:22.705+09:00 DEBUG 26931 --- [    Test worker] org.hibernate.SQL                        : insert into member (authority,created_at,email,name,password,updated_at,member_id) values (?,?,?,?,?,?,default)
Hibernate: insert into member (authority,created_at,email,name,password,updated_at,member_id) values (?,?,?,?,?,?,default)
2023-12-19T19:58:22.706+09:00 DEBUG 26931 --- [    Test worker] org.hibernate.SQL                        : insert into team_setting (created_at,invite_status,member_id,team_id,updated_at,team_setting_id) values (?,?,?,?,?,default)
Hibernate: insert into team_setting (created_at,invite_status,member_id,team_id,updated_at,team_setting_id) values (?,?,?,?,?,default)
2023-12-19T19:58:22.717+09:00 DEBUG 26931 --- [    Test worker] org.hibernate.SQL                        : insert into progress (created_at,name,numbering,team_id,updated_at,progress_id) values (?,?,?,?,?,default)
Hibernate: insert into progress (created_at,name,numbering,team_id,updated_at,progress_id) values (?,?,?,?,?,default)
2023-12-19T19:58:22.718+09:00 DEBUG 26931 --- [    Test worker] org.hibernate.SQL                        : insert into progress (created_at,name,numbering,team_id,updated_at,progress_id) values (?,?,?,?,?,default)
Hibernate: insert into progress (created_at,name,numbering,team_id,updated_at,progress_id) values (?,?,?,?,?,default)
2023-12-19T19:58:22.724+09:00 DEBUG 26931 --- [    Test worker] org.hibernate.SQL                        : insert into ticket (created_at,due_date,member_id,numbering,person_hour,progress_id,tag,title,updated_at,ticket_id) values (?,?,?,?,?,?,?,?,?,default)
Hibernate: insert into ticket (created_at,due_date,member_id,numbering,person_hour,progress_id,tag,title,updated_at,ticket_id) values (?,?,?,?,?,?,?,?,?,default)
2023-12-19T19:58:22.725+09:00 DEBUG 26931 --- [    Test worker] org.hibernate.SQL                        : insert into ticket (created_at,due_date,member_id,numbering,person_hour,progress_id,tag,title,updated_at,ticket_id) values (?,?,?,?,?,?,?,?,?,default)
Hibernate: insert into ticket (created_at,due_date,member_id,numbering,person_hour,progress_id,tag,title,updated_at,ticket_id) values (?,?,?,?,?,?,?,?,?,default)
2023-12-19T19:58:22.725+09:00 DEBUG 26931 --- [    Test worker] org.hibernate.SQL                        : insert into ticket (created_at,due_date,member_id,numbering,person_hour,progress_id,tag,title,updated_at,ticket_id) values (?,?,?,?,?,?,?,?,?,default)
Hibernate: insert into ticket (created_at,due_date,member_id,numbering,person_hour,progress_id,tag,title,updated_at,ticket_id) values (?,?,?,?,?,?,?,?,?,default)
2023-12-19T19:58:22.726+09:00 DEBUG 26931 --- [    Test worker] org.hibernate.SQL                        : insert into ticket (created_at,due_date,member_id,numbering,person_hour,progress_id,tag,title,updated_at,ticket_id) values (?,?,?,?,?,?,?,?,?,default)
Hibernate: insert into ticket (created_at,due_date,member_id,numbering,person_hour,progress_id,tag,title,updated_at,ticket_id) values (?,?,?,?,?,?,?,?,?,default)
2023-12-19T19:58:22.726+09:00 DEBUG 26931 --- [    Test worker] org.hibernate.SQL                        : insert into ticket (created_at,due_date,member_id,numbering,person_hour,progress_id,tag,title,updated_at,ticket_id) values (?,?,?,?,?,?,?,?,?,default)
Hibernate: insert into ticket (created_at,due_date,member_id,numbering,person_hour,progress_id,tag,title,updated_at,ticket_id) values (?,?,?,?,?,?,?,?,?,default)
2023-12-19T19:58:23.338+09:00 DEBUG 26931 --- [    Test worker] org.hibernate.SQL                        : insert into member (authority,created_at,email,name,password,updated_at,member_id) values (?,?,?,?,?,?,default)
Hibernate: insert into member (authority,created_at,email,name,password,updated_at,member_id) values (?,?,?,?,?,?,default)
2023-12-19T19:58:23.339+09:00 DEBUG 26931 --- [    Test worker] org.hibernate.SQL                        : insert into member (authority,created_at,email,name,password,updated_at,member_id) values (?,?,?,?,?,?,default)
Hibernate: insert into member (authority,created_at,email,name,password,updated_at,member_id) values (?,?,?,?,?,?,default)
2023-12-19T19:58:23.340+09:00 DEBUG 26931 --- [    Test worker] org.hibernate.SQL                        : insert into member (authority,created_at,email,name,password,updated_at,member_id) values (?,?,?,?,?,?,default)
Hibernate: insert into member (authority,created_at,email,name,password,updated_at,member_id) values (?,?,?,?,?,?,default)
2023-12-19T19:58:23.340+09:00 DEBUG 26931 --- [    Test worker] org.hibernate.SQL                        : insert into member (authority,created_at,email,name,password,updated_at,member_id) values (?,?,?,?,?,?,default)
Hibernate: insert into member (authority,created_at,email,name,password,updated_at,member_id) values (?,?,?,?,?,?,default)
2023-12-19T19:58:23.341+09:00 DEBUG 26931 --- [    Test worker] org.hibernate.SQL                        : insert into member (authority,created_at,email,name,password,updated_at,member_id) values (?,?,?,?,?,?,default)
Hibernate: insert into member (authority,created_at,email,name,password,updated_at,member_id) values (?,?,?,?,?,?,default)
2023-12-19T19:58:23.344+09:00 DEBUG 26931 --- [    Test worker] org.hibernate.SQL                        : insert into member (authority,created_at,email,name,password,updated_at,member_id) values (?,?,?,?,?,?,default)
Hibernate: insert into member (authority,created_at,email,name,password,updated_at,member_id) values (?,?,?,?,?,?,default)
2023-12-19T19:58:23.345+09:00 DEBUG 26931 --- [    Test worker] org.hibernate.SQL                        : insert into member (authority,created_at,email,name,password,updated_at,member_id) values (?,?,?,?,?,?,default)
Hibernate: insert into member (authority,created_at,email,name,password,updated_at,member_id) values (?,?,?,?,?,?,default)
2023-12-19T19:58:23.345+09:00 DEBUG 26931 --- [    Test worker] org.hibernate.SQL                        : insert into member (authority,created_at,email,name,password,updated_at,member_id) values (?,?,?,?,?,?,default)
Hibernate: insert into member (authority,created_at,email,name,password,updated_at,member_id) values (?,?,?,?,?,?,default)
2023-12-19T19:58:23.745+09:00 DEBUG 26931 --- [    Test worker] org.hibernate.SQL                        : insert into member (authority,created_at,email,name,password,updated_at,member_id) values (?,?,?,?,?,?,default)
Hibernate: insert into member (authority,created_at,email,name,password,updated_at,member_id) values (?,?,?,?,?,?,default)
2023-12-19T19:58:23.827+09:00 DEBUG 26931 --- [    Test worker] org.hibernate.SQL                        : insert into member (authority,created_at,email,name,password,updated_at,member_id) values (?,?,?,?,?,?,default)
Hibernate: insert into member (authority,created_at,email,name,password,updated_at,member_id) values (?,?,?,?,?,?,default)
2023-12-19T19:58:23.906+09:00 DEBUG 26931 --- [    Test worker] org.hibernate.SQL                        : insert into member (authority,created_at,email,name,password,updated_at,member_id) values (?,?,?,?,?,?,default)
Hibernate: insert into member (authority,created_at,email,name,password,updated_at,member_id) values (?,?,?,?,?,?,default)
2023-12-19T19:58:23.907+09:00  INFO 26931 --- [    Test worker] p.r.d.t.controller.TeamControllerTest    : teamLeader id : 21 / teamMate id : 22 / notTeamMember : 23
2023-12-19T19:58:23.907+09:00  INFO 26931 --- [    Test worker] p.r.d.t.controller.TeamControllerTest    : [member : teamLeader
2023-12-19T19:58:23.932+09:00  INFO 26931 --- [    Test worker] p.r.d.t.controller.TeamControllerTest    : [Headers] ; [Authorization:"Bearer eyJhbGciOiJIUzI1NiJ9.eyJzdWIiOiJ0ZWFtTGVhZGVyIiwiZXhwIjoxNzAyOTg1MzAzLCJpYXQiOjE3MDI5ODM1MDMsIm5hbWUiOiJ0ZWFtTGVhZGVyIiwiYXV0aG9yaXRpZXMiOiJST0xFX01FTUJFUiJ9.FlbdVvyJG2WXv4gIZFzD34vwSuAFctap4D4E3vFK6DY", Content-Type:"application/json"]
2023-12-19T19:58:23.933+09:00 DEBUG 26931 --- [    Test worker] org.hibernate.SQL                        : insert into team (created_at,kanban,name,updated_at,team_id) values (?,?,?,?,default)
Hibernate: insert into team (created_at,kanban,name,updated_at,team_id) values (?,?,?,?,default)
2023-12-19T19:58:23.934+09:00 DEBUG 26931 --- [    Test worker] org.hibernate.SQL                        : insert into team_setting (created_at,invite_status,member_id,team_id,updated_at,team_setting_id) values (?,?,?,?,?,default)
Hibernate: insert into team_setting (created_at,invite_status,member_id,team_id,updated_at,team_setting_id) values (?,?,?,?,?,default)
2023-12-19T19:58:23.938+09:00  INFO 26931 --- [    Test worker] p.rsmmm.global.config.jwt.TokenProvider  : 사용자 인증에 필요한 토큰이 없거나 제대로 된 형태가 아닙니다.
2023-12-19T19:58:23.988+09:00 DEBUG 26931 --- [    Test worker] org.hibernate.SQL                        : select t1_0.team_setting_id,t1_0.created_at,t1_0.invite_status,t1_0.member_id,t1_0.team_id,t1_0.updated_at from team_setting t1_0 left join member m1_0 on m1_0.member_id=t1_0.member_id where m1_0.name is null
Hibernate: select t1_0.team_setting_id,t1_0.created_at,t1_0.invite_status,t1_0.member_id,t1_0.team_id,t1_0.updated_at from team_setting t1_0 left join member m1_0 on m1_0.member_id=t1_0.member_id where m1_0.name is null
2023-12-19T19:58:23.998+09:00 DEBUG 26931 --- [    Test worker] org.hibernate.SQL                        : select m1_0.member_id,m1_0.authority,m1_0.created_at,m1_0.email,m1_0.name,m1_0.password,m1_0.updated_at from member m1_0 where m1_0.name=?
Hibernate: select m1_0.member_id,m1_0.authority,m1_0.created_at,m1_0.email,m1_0.name,m1_0.password,m1_0.updated_at from member m1_0 where m1_0.name=?
2023-12-19T19:58:24.001+09:00 DEBUG 26931 --- [    Test worker] org.hibernate.SQL                        : insert into team_setting (created_at,invite_status,member_id,team_id,updated_at,team_setting_id) values (?,?,?,?,?,default)
Hibernate: insert into team_setting (created_at,invite_status,member_id,team_id,updated_at,team_setting_id) values (?,?,?,?,?,default)
2023-12-19T19:58:24.001+09:00  INFO 26931 --- [    Test worker] p.r.d.t.controller.TeamControllerTest    : [member : notTeamMember
2023-12-19T19:58:24.002+09:00  INFO 26931 --- [    Test worker] p.r.d.t.controller.TeamControllerTest    : [Headers] ; [Authorization:"Bearer eyJhbGciOiJIUzI1NiJ9.eyJzdWIiOiJub3RUZWFtTWVtYmVyIiwiZXhwIjoxNzAyOTg1MzA0LCJpYXQiOjE3MDI5ODM1MDQsIm5hbWUiOiJub3RUZWFtTWVtYmVyIiwiYXV0aG9yaXRpZXMiOiJST0xFX01FTUJFUiJ9.HjaEhB51bgK05L_zngEw8Rfie8mj_E_52mGFB2fJrf4", Content-Type:"application/json"]
2023-12-19T19:58:24.034+09:00  INFO 26931 --- [    Test worker] p.rsmmm.global.config.jwt.TokenProvider  : 토큰 : eyJhbGciOiJIUzI1NiJ9.eyJzdWIiOiJub3RUZWFtTWVtYmVyIiwiZXhwIjoxNzAyOTg1MzA0LCJpYXQiOjE3MDI5ODM1MDQsIm5hbWUiOiJub3RUZWFtTWVtYmVyIiwiYXV0aG9yaXRpZXMiOiJST0xFX01FTUJFUiJ9.HjaEhB51bgK05L_zngEw8Rfie8mj_E_52mGFB2fJrf4
2023-12-19T19:58:24.061+09:00 DEBUG 26931 --- [    Test worker] org.hibernate.SQL                        : select t1_0.team_setting_id,t1_0.created_at,t1_0.invite_status,t1_0.member_id,t1_0.team_id,t1_0.updated_at from team_setting t1_0 where t1_0.team_id=?
Hibernate: select t1_0.team_setting_id,t1_0.created_at,t1_0.invite_status,t1_0.member_id,t1_0.team_id,t1_0.updated_at from team_setting t1_0 where t1_0.team_id=?
2023-12-19T19:58:24.066+09:00 DEBUG 26931 --- [    Test worker] org.hibernate.SQL                        : select m1_0.member_id,m1_0.authority,m1_0.created_at,m1_0.email,m1_0.name,m1_0.password,m1_0.updated_at from member m1_0 where m1_0.name=?
Hibernate: select m1_0.member_id,m1_0.authority,m1_0.created_at,m1_0.email,m1_0.name,m1_0.password,m1_0.updated_at from member m1_0 where m1_0.name=?

MockHttpServletRequest:
      HTTP Method = POST
      Request URI = /api/teams/5/invitation/23
       Parameters = {accept=[false]}
          Headers = [Authorization:"Bearer eyJhbGciOiJIUzI1NiJ9.eyJzdWIiOiJub3RUZWFtTWVtYmVyIiwiZXhwIjoxNzAyOTg1MzA0LCJpYXQiOjE3MDI5ODM1MDQsIm5hbWUiOiJub3RUZWFtTWVtYmVyIiwiYXV0aG9yaXRpZXMiOiJST0xFX01FTUJFUiJ9.HjaEhB51bgK05L_zngEw8Rfie8mj_E_52mGFB2fJrf4", Content-Type:"application/json;charset=UTF-8"]
             Body = null
    Session Attrs = {}

Handler:
             Type = pp.rsmmm.domain.team.controller.TeamController
           Method = pp.rsmmm.domain.team.controller.TeamController#respondToInvitation(Long, Long, boolean)

Async:
    Async started = false
     Async result = null

Resolved Exception:
             Type = null

ModelAndView:
        View name = null
             View = null
            Model = null

FlashMap:
       Attributes = null

MockHttpServletResponse:
           Status = 200
    Error message = null
          Headers = [Vary:"Origin", "Access-Control-Request-Method", "Access-Control-Request-Headers", Content-Type:"text/plain;charset=UTF-8", Content-Length:"39", X-Content-Type-Options:"nosniff", X-XSS-Protection:"0", Cache-Control:"no-cache, no-store, max-age=0, must-revalidate", Pragma:"no-cache", Expires:"0"]
     Content type = text/plain;charset=UTF-8
             Body = 팀원 초대를 거절하셨습니다.
    Forwarded URL = null
   Redirected URL = null
          Cookies = []
]]></system-out>
  <system-err><![CDATA[]]></system-err>
</testsuite>
